<?xml version="1.0" encoding="UTF-8"?>
<robot generator="Robot 7.4.2 (Python 3.13.5 on win32)" generated="2026-06-09T18:37:51.129015" rpa="false" schemaversion="5">
<suite id="s1" name="Alp Sqa Full" source="C:\Users\Bernard\alp_sqa_full.robot">
<kw name="Open Browser And Login" type="SETUP">
<kw name="Open Browser" owner="SeleniumLibrary">
<msg time="2026-06-09T18:37:51.870294" level="INFO">Opening browser 'Chrome' to base url 'https://trial.uc.ac.id/'.</msg>
<arg>${BASE_URL}</arg>
<arg>${BROWSER}</arg>
<doc>Opens a new browser instance to the optional ``url``.</doc>
<status status="PASS" start="2026-06-09T18:37:51.869745" elapsed="4.535270"/>
</kw>
<kw name="Maximize Browser Window" owner="SeleniumLibrary">
<doc>Maximizes current browser window.</doc>
<status status="PASS" start="2026-06-09T18:37:56.405404" elapsed="0.039949"/>
</kw>
<kw name="Wait Until Page Contains Element" owner="SeleniumLibrary">
<arg>${LOC_USER}</arg>
<arg>timeout=15s</arg>
<doc>Waits until the element ``locator`` appears on the current page.</doc>
<status status="PASS" start="2026-06-09T18:37:56.445632" elapsed="0.036593"/>
</kw>
<kw name="Input Text" owner="SeleniumLibrary">
<msg time="2026-06-09T18:37:56.483395" level="INFO">Typing text 'saurelia02' into text field 'name=username'.</msg>
<arg>${LOC_USER}</arg>
<arg>${USERNAME}</arg>
<doc>Types the given ``text`` into the text field identified by ``locator``.</doc>
<status status="PASS" start="2026-06-09T18:37:56.482721" elapsed="0.202832"/>
</kw>
<kw name="Sleep" owner="BuiltIn">
<msg time="2026-06-09T18:37:57.687951" level="INFO">Slept 1 second.</msg>
<arg>1s</arg>
<doc>Pauses the test executed for the given time.</doc>
<status status="PASS" start="2026-06-09T18:37:56.686146" elapsed="1.002073"/>
</kw>
<kw name="Input Password" owner="SeleniumLibrary">
<msg time="2026-06-09T18:37:57.689360" level="INFO">Typing password into text field 'name=password'.</msg>
<msg time="2026-06-09T18:37:57.758971" level="INFO">Temporally setting log level to: NONE</msg>
<arg>${LOC_PASS}</arg>
<arg>${PASSWORD}</arg>
<doc>Types the given password into the text field identified by ``locator``.</doc>
<status status="PASS" start="2026-06-09T18:37:57.688672" elapsed="0.175145"/>
</kw>
<kw name="Sleep" owner="BuiltIn">
<msg time="2026-06-09T18:37:58.864761" level="INFO">Slept 1 second.</msg>
<arg>1s</arg>
<doc>Pauses the test executed for the given time.</doc>
<status status="PASS" start="2026-06-09T18:37:57.864048" elapsed="1.000938"/>
</kw>
<kw name="Safe Click">
<kw name="Wait Until Page Contains Element" owner="SeleniumLibrary">
<arg>${locator}</arg>
<arg>timeout=5s</arg>
<doc>Waits until the element ``locator`` appears on the current page.</doc>
<status status="PASS" start="2026-06-09T18:37:58.866088" elapsed="0.011674"/>
</kw>
<kw name="Get WebElement" owner="SeleniumLibrary">
<msg time="2026-06-09T18:37:58.892542" level="INFO">${element} = &lt;selenium.webdriver.remote.webelement.WebElement (session="4177cce5a082155ad51834110732da33", element="f.FD889CE87E10059AE03ACECB28CE8F19.d.89CE60E60E7B57E8B9539C092CAE8118.e.6")&gt;</msg>
<var>${element}</var>
<arg>${locator}</arg>
<doc>Returns the first WebElement matching the given ``locator``.</doc>
<status status="PASS" start="2026-06-09T18:37:58.877983" elapsed="0.014658"/>
</kw>
<kw name="Execute Javascript" owner="SeleniumLibrary">
<msg time="2026-06-09T18:37:58.894259" level="INFO">Executing JavaScript:
arguments[0].click();
By using argument:
'&lt;selenium.webdriver.remote.webelement.WebElement (session="4177cce5a082155ad51834110732da33", element="f.FD889CE87E10059AE03ACECB28CE8F19.d.89CE60E60E7B57E8B9539C092CAE8118.e.6")&gt;'</msg>
<arg>arguments[0].click();</arg>
<arg>ARGUMENTS</arg>
<arg>${element}</arg>
<doc>Executes the given JavaScript code with possible arguments.</doc>
<status status="PASS" start="2026-06-09T18:37:58.892933" elapsed="4.132922"/>
</kw>
<kw name="Sleep" owner="BuiltIn">
<msg time="2026-06-09T18:38:04.027027" level="INFO">Slept 1 second.</msg>
<arg>1s</arg>
<doc>Pauses the test executed for the given time.</doc>
<status status="PASS" start="2026-06-09T18:38:03.026178" elapsed="1.001094"/>
</kw>
<arg>${BTN_LOGIN}</arg>
<status status="PASS" start="2026-06-09T18:37:58.865488" elapsed="5.162035"/>
</kw>
<kw name="Wait Until Page Contains" owner="SeleniumLibrary">
<arg>My Activity</arg>
<arg>timeout=15s</arg>
<doc>Waits until ``text`` appears on the current page.</doc>
<status status="PASS" start="2026-06-09T18:38:04.027871" elapsed="0.020016"/>
</kw>
<status status="PASS" start="2026-06-09T18:37:51.868614" elapsed="12.179542"/>
</kw>
<test id="s1-t1" name="TC-1.01 &amp; TC-1.02: Akses Navigasi Menu Catalog" line="25">
<kw name="Wait Until Page Contains Element" owner="SeleniumLibrary">
<arg>xpath=//button[@data-bs-target='#mainmenu-modal']</arg>
<arg>timeout=10s</arg>
<doc>Waits until the element ``locator`` appears on the current page.</doc>
<status status="PASS" start="2026-06-09T18:38:04.049578" elapsed="0.017209"/>
</kw>
<kw name="Safe Click">
<kw name="Wait Until Page Contains Element" owner="SeleniumLibrary">
<arg>${locator}</arg>
<arg>timeout=5s</arg>
<doc>Waits until the element ``locator`` appears on the current page.</doc>
<status status="PASS" start="2026-06-09T18:38:04.068326" elapsed="0.015821"/>
</kw>
<kw name="Get WebElement" owner="SeleniumLibrary">
<msg time="2026-06-09T18:38:04.115943" level="INFO">${element} = &lt;selenium.webdriver.remote.webelement.WebElement (session="4177cce5a082155ad51834110732da33", element="f.FD889CE87E10059AE03ACECB28CE8F19.d.DB890B5A589F957C6DE24DCEFD6E8781.e.139")&gt;</msg>
<var>${element}</var>
<arg>${locator}</arg>
<doc>Returns the first WebElement matching the given ``locator``.</doc>
<status status="PASS" start="2026-06-09T18:38:04.084364" elapsed="0.031741"/>
</kw>
<kw name="Execute Javascript" owner="SeleniumLibrary">
<msg time="2026-06-09T18:38:04.117702" level="INFO">Executing JavaScript:
arguments[0].click();
By using argument:
'&lt;selenium.webdriver.remote.webelement.WebElement (session="4177cce5a082155ad51834110732da33", element="f.FD889CE87E10059AE03ACECB28CE8F19.d.DB890B5A589F957C6DE24DCEFD6E8781.e.139")&gt;'</msg>
<arg>arguments[0].click();</arg>
<arg>ARGUMENTS</arg>
<arg>${element}</arg>
<doc>Executes the given JavaScript code with possible arguments.</doc>
<status status="PASS" start="2026-06-09T18:38:04.116643" elapsed="0.015327"/>
</kw>
<kw name="Sleep" owner="BuiltIn">
<msg time="2026-06-09T18:38:05.134465" level="INFO">Slept 1 second.</msg>
<arg>1s</arg>
<doc>Pauses the test executed for the given time.</doc>
<status status="PASS" start="2026-06-09T18:38:04.132322" elapsed="1.002677"/>
</kw>
<arg>xpath=//button[@data-bs-target='#mainmenu-modal']</arg>
<status status="PASS" start="2026-06-09T18:38:04.067481" elapsed="1.067967"/>
</kw>
<kw name="Sleep" owner="BuiltIn">
<msg time="2026-06-09T18:38:06.137771" level="INFO">Slept 1 second.</msg>
<arg>1s</arg>
<doc>Pauses the test executed for the given time.</doc>
<status status="PASS" start="2026-06-09T18:38:05.135981" elapsed="1.001987"/>
</kw>
<kw name="Safe Click">
<kw name="Wait Until Page Contains Element" owner="SeleniumLibrary">
<arg>${locator}</arg>
<arg>timeout=5s</arg>
<doc>Waits until the element ``locator`` appears on the current page.</doc>
<status status="PASS" start="2026-06-09T18:38:06.138964" elapsed="0.009543"/>
</kw>
<kw name="Get WebElement" owner="SeleniumLibrary">
<msg time="2026-06-09T18:38:06.154628" level="INFO">${element} = &lt;selenium.webdriver.remote.webelement.WebElement (session="4177cce5a082155ad51834110732da33", element="f.FD889CE87E10059AE03ACECB28CE8F19.d.DB890B5A589F957C6DE24DCEFD6E8781.e.138")&gt;</msg>
<var>${element}</var>
<arg>${locator}</arg>
<doc>Returns the first WebElement matching the given ``locator``.</doc>
<status status="PASS" start="2026-06-09T18:38:06.148829" elapsed="0.005839"/>
</kw>
<kw name="Execute Javascript" owner="SeleniumLibrary">
<msg time="2026-06-09T18:38:06.155233" level="INFO">Executing JavaScript:
arguments[0].click();
By using argument:
'&lt;selenium.webdriver.remote.webelement.WebElement (session="4177cce5a082155ad51834110732da33", element="f.FD889CE87E10059AE03ACECB28CE8F19.d.DB890B5A589F957C6DE24DCEFD6E8781.e.138")&gt;'</msg>
<arg>arguments[0].click();</arg>
<arg>ARGUMENTS</arg>
<arg>${element}</arg>
<doc>Executes the given JavaScript code with possible arguments.</doc>
<status status="PASS" start="2026-06-09T18:38:06.154862" elapsed="0.010495"/>
</kw>
<kw name="Sleep" owner="BuiltIn">
<msg time="2026-06-09T18:38:07.166795" level="INFO">Slept 1 second.</msg>
<arg>1s</arg>
<doc>Pauses the test executed for the given time.</doc>
<status status="PASS" start="2026-06-09T18:38:06.165753" elapsed="1.001229"/>
</kw>
<arg>xpath=//a[contains(normalize-space(), 'My Activity')]</arg>
<status status="PASS" start="2026-06-09T18:38:06.138357" elapsed="1.028810"/>
</kw>
<kw name="Sleep" owner="BuiltIn">
<msg time="2026-06-09T18:38:08.168880" level="INFO">Slept 1 second.</msg>
<arg>1s</arg>
<doc>Pauses the test executed for the given time.</doc>
<status status="PASS" start="2026-06-09T18:38:07.167405" elapsed="1.001849"/>
</kw>
<kw name="Safe Click">
<kw name="Wait Until Page Contains Element" owner="SeleniumLibrary">
<arg>${locator}</arg>
<arg>timeout=5s</arg>
<doc>Waits until the element ``locator`` appears on the current page.</doc>
<status status="PASS" start="2026-06-09T18:38:08.174213" elapsed="0.038405"/>
</kw>
<kw name="Get WebElement" owner="SeleniumLibrary">
<msg time="2026-06-09T18:38:08.232720" level="INFO">${element} = &lt;selenium.webdriver.remote.webelement.WebElement (session="4177cce5a082155ad51834110732da33", element="f.FD889CE87E10059AE03ACECB28CE8F19.d.DB890B5A589F957C6DE24DCEFD6E8781.e.146")&gt;</msg>
<var>${element}</var>
<arg>${locator}</arg>
<doc>Returns the first WebElement matching the given ``locator``.</doc>
<status status="PASS" start="2026-06-09T18:38:08.213498" elapsed="0.019363"/>
</kw>
<kw name="Execute Javascript" owner="SeleniumLibrary">
<msg time="2026-06-09T18:38:08.235187" level="INFO">Executing JavaScript:
arguments[0].click();
By using argument:
'&lt;selenium.webdriver.remote.webelement.WebElement (session="4177cce5a082155ad51834110732da33", element="f.FD889CE87E10059AE03ACECB28CE8F19.d.DB890B5A589F957C6DE24DCEFD6E8781.e.146")&gt;'</msg>
<arg>arguments[0].click();</arg>
<arg>ARGUMENTS</arg>
<arg>${element}</arg>
<doc>Executes the given JavaScript code with possible arguments.</doc>
<status status="PASS" start="2026-06-09T18:38:08.233295" elapsed="1.228412"/>
</kw>
<kw name="Sleep" owner="BuiltIn">
<msg time="2026-06-09T18:38:10.465546" level="INFO">Slept 1 second.</msg>
<arg>1s</arg>
<doc>Pauses the test executed for the given time.</doc>
<status status="PASS" start="2026-06-09T18:38:09.462022" elapsed="1.003742"/>
</kw>
<arg>xpath=//a[contains(normalize-space(), 'Library')]</arg>
<status status="PASS" start="2026-06-09T18:38:08.170918" elapsed="2.295075"/>
</kw>
<kw name="Sleep" owner="BuiltIn">
<msg time="2026-06-09T18:38:11.472501" level="INFO">Slept 1 second.</msg>
<arg>1s</arg>
<doc>Pauses the test executed for the given time.</doc>
<status status="PASS" start="2026-06-09T18:38:10.466245" elapsed="1.006525"/>
</kw>
<kw name="Safe Click">
<kw name="Wait Until Page Contains Element" owner="SeleniumLibrary">
<arg>${locator}</arg>
<arg>timeout=5s</arg>
<doc>Waits until the element ``locator`` appears on the current page.</doc>
<status status="PASS" start="2026-06-09T18:38:11.474923" elapsed="0.044813"/>
</kw>
<kw name="Get WebElement" owner="SeleniumLibrary">
<msg time="2026-06-09T18:38:11.537783" level="INFO">${element} = &lt;selenium.webdriver.remote.webelement.WebElement (session="4177cce5a082155ad51834110732da33", element="f.FD889CE87E10059AE03ACECB28CE8F19.d.54A025F7A5FE033224D70DA86C93B5FB.e.180")&gt;</msg>
<var>${element}</var>
<arg>${locator}</arg>
<doc>Returns the first WebElement matching the given ``locator``.</doc>
<status status="PASS" start="2026-06-09T18:38:11.520037" elapsed="0.017829"/>
</kw>
<kw name="Execute Javascript" owner="SeleniumLibrary">
<msg time="2026-06-09T18:38:11.539091" level="INFO">Executing JavaScript:
arguments[0].click();
By using argument:
'&lt;selenium.webdriver.remote.webelement.WebElement (session="4177cce5a082155ad51834110732da33", element="f.FD889CE87E10059AE03ACECB28CE8F19.d.54A025F7A5FE033224D70DA86C93B5FB.e.180")&gt;'</msg>
<arg>arguments[0].click();</arg>
<arg>ARGUMENTS</arg>
<arg>${element}</arg>
<doc>Executes the given JavaScript code with possible arguments.</doc>
<status status="PASS" start="2026-06-09T18:38:11.538150" elapsed="2.844528"/>
</kw>
<kw name="Sleep" owner="BuiltIn">
<msg time="2026-06-09T18:38:15.384907" level="INFO">Slept 1 second.</msg>
<arg>1s</arg>
<doc>Pauses the test executed for the given time.</doc>
<status status="PASS" start="2026-06-09T18:38:14.383099" elapsed="1.001977"/>
</kw>
<arg>xpath=//a[contains(normalize-space(), 'Online Catalog')]</arg>
<status status="PASS" start="2026-06-09T18:38:11.473194" elapsed="3.912038"/>
</kw>
<kw name="Sleep" owner="BuiltIn">
<msg time="2026-06-09T18:38:18.386235" level="INFO">Slept 3 seconds.</msg>
<arg>3s</arg>
<doc>Pauses the test executed for the given time.</doc>
<status status="PASS" start="2026-06-09T18:38:15.385440" elapsed="3.001069"/>
</kw>
<kw name="Wait Until Page Contains Element" owner="SeleniumLibrary">
<arg>xpath=(//select[contains(@class,'_value')])[1]</arg>
<arg>timeout=10s</arg>
<doc>Waits until the element ``locator`` appears on the current page.</doc>
<status status="PASS" start="2026-06-09T18:38:18.386893" elapsed="0.028631"/>
</kw>
<kw name="Select From List By Label" owner="SeleniumLibrary">
<msg time="2026-06-09T18:38:18.416784" level="INFO">Selecting options from selection list 'xpath=(//select[contains(@class,'_value')])[1]' by label Universitas Ciputra Surabaya.</msg>
<arg>xpath=(//select[contains(@class,'_value')])[1]</arg>
<arg>Universitas Ciputra Surabaya</arg>
<doc>Selects options from selection list ``locator`` by ``labels``.</doc>
<status status="PASS" start="2026-06-09T18:38:18.416085" elapsed="0.236652"/>
</kw>
<kw name="Sleep" owner="BuiltIn">
<msg time="2026-06-09T18:38:19.657830" level="INFO">Slept 1 second.</msg>
<arg>1s</arg>
<doc>Pauses the test executed for the given time.</doc>
<status status="PASS" start="2026-06-09T18:38:18.653517" elapsed="1.004615"/>
</kw>
<kw name="Safe Click">
<kw name="Wait Until Page Contains Element" owner="SeleniumLibrary">
<arg>${locator}</arg>
<arg>timeout=5s</arg>
<doc>Waits until the element ``locator`` appears on the current page.</doc>
<status status="PASS" start="2026-06-09T18:38:19.659495" elapsed="0.017227"/>
</kw>
<kw name="Get WebElement" owner="SeleniumLibrary">
<msg time="2026-06-09T18:38:19.696011" level="INFO">${element} = &lt;selenium.webdriver.remote.webelement.WebElement (session="4177cce5a082155ad51834110732da33", element="f.FD889CE87E10059AE03ACECB28CE8F19.d.BFE757717975FCA2FDF3AF88362BD66E.e.266")&gt;</msg>
<var>${element}</var>
<arg>${locator}</arg>
<doc>Returns the first WebElement matching the given ``locator``.</doc>
<status status="PASS" start="2026-06-09T18:38:19.677167" elapsed="0.018976"/>
</kw>
<kw name="Execute Javascript" owner="SeleniumLibrary">
<msg time="2026-06-09T18:38:19.697829" level="INFO">Executing JavaScript:
arguments[0].click();
By using argument:
'&lt;selenium.webdriver.remote.webelement.WebElement (session="4177cce5a082155ad51834110732da33", element="f.FD889CE87E10059AE03ACECB28CE8F19.d.BFE757717975FCA2FDF3AF88362BD66E.e.266")&gt;'</msg>
<arg>arguments[0].click();</arg>
<arg>ARGUMENTS</arg>
<arg>${element}</arg>
<doc>Executes the given JavaScript code with possible arguments.</doc>
<status status="PASS" start="2026-06-09T18:38:19.696583" elapsed="0.387440"/>
</kw>
<kw name="Sleep" owner="BuiltIn">
<msg time="2026-06-09T18:38:21.087986" level="INFO">Slept 1 second.</msg>
<arg>1s</arg>
<doc>Pauses the test executed for the given time.</doc>
<status status="PASS" start="2026-06-09T18:38:20.085427" elapsed="1.002840"/>
</kw>
<arg>id=search</arg>
<status status="PASS" start="2026-06-09T18:38:19.658699" elapsed="1.429849"/>
</kw>
<kw name="Sleep" owner="BuiltIn">
<msg time="2026-06-09T18:38:23.096545" level="INFO">Slept 2 seconds.</msg>
<arg>2s</arg>
<doc>Pauses the test executed for the given time.</doc>
<status status="PASS" start="2026-06-09T18:38:21.088906" elapsed="2.007948"/>
</kw>
<doc>Buka Online Catalog dan ganti parameter Location.</doc>
<status status="PASS" start="2026-06-09T18:38:04.048372" elapsed="19.049264"/>
</test>
<test id="s1-t2" name="TC-1.03: Pencarian Spesifik Kata Kunci 'Tech'" line="47">
<kw name="Input Text" owner="SeleniumLibrary">
<msg time="2026-06-09T18:38:23.099958" level="INFO">Typing text 'Tech' into text field 'xpath=//input[contains(@class,'reqOpt')]'.</msg>
<arg>xpath=//input[contains(@class,'reqOpt')]</arg>
<arg>Tech</arg>
<doc>Types the given ``text`` into the text field identified by ``locator``.</doc>
<status status="PASS" start="2026-06-09T18:38:23.099350" elapsed="0.182139"/>
</kw>
<kw name="Sleep" owner="BuiltIn">
<msg time="2026-06-09T18:38:24.294249" level="INFO">Slept 1 second.</msg>
<arg>1s</arg>
<doc>Pauses the test executed for the given time.</doc>
<status status="PASS" start="2026-06-09T18:38:23.281885" elapsed="1.012660"/>
</kw>
<kw name="Safe Click">
<kw name="Wait Until Page Contains Element" owner="SeleniumLibrary">
<arg>${locator}</arg>
<arg>timeout=5s</arg>
<doc>Waits until the element ``locator`` appears on the current page.</doc>
<status status="PASS" start="2026-06-09T18:38:24.302629" elapsed="0.040003"/>
</kw>
<kw name="Get WebElement" owner="SeleniumLibrary">
<msg time="2026-06-09T18:38:24.374106" level="INFO">${element} = &lt;selenium.webdriver.remote.webelement.WebElement (session="4177cce5a082155ad51834110732da33", element="f.FD889CE87E10059AE03ACECB28CE8F19.d.E9552FAD4E596F3A3B5D35ED8A5E5061.e.311")&gt;</msg>
<var>${element}</var>
<arg>${locator}</arg>
<doc>Returns the first WebElement matching the given ``locator``.</doc>
<status status="PASS" start="2026-06-09T18:38:24.343263" elapsed="0.030994"/>
</kw>
<kw name="Execute Javascript" owner="SeleniumLibrary">
<msg time="2026-06-09T18:38:24.375740" level="INFO">Executing JavaScript:
arguments[0].click();
By using argument:
'&lt;selenium.webdriver.remote.webelement.WebElement (session="4177cce5a082155ad51834110732da33", element="f.FD889CE87E10059AE03ACECB28CE8F19.d.E9552FAD4E596F3A3B5D35ED8A5E5061.e.311")&gt;'</msg>
<arg>arguments[0].click();</arg>
<arg>ARGUMENTS</arg>
<arg>${element}</arg>
<doc>Executes the given JavaScript code with possible arguments.</doc>
<status status="PASS" start="2026-06-09T18:38:24.374935" elapsed="0.982417"/>
</kw>
<kw name="Sleep" owner="BuiltIn">
<msg time="2026-06-09T18:38:26.358703" level="INFO">Slept 1 second.</msg>
<arg>1s</arg>
<doc>Pauses the test executed for the given time.</doc>
<status status="PASS" start="2026-06-09T18:38:25.357684" elapsed="1.001227"/>
</kw>
<arg>id=search</arg>
<status status="PASS" start="2026-06-09T18:38:24.295404" elapsed="2.063744"/>
</kw>
<kw name="Sleep" owner="BuiltIn">
<msg time="2026-06-09T18:38:29.360602" level="INFO">Slept 3 seconds.</msg>
<arg>3s</arg>
<doc>Pauses the test executed for the given time.</doc>
<status status="PASS" start="2026-06-09T18:38:26.359635" elapsed="3.001196"/>
</kw>
<doc>Lakukan pencarian spesifik di textbox Title.</doc>
<status status="PASS" start="2026-06-09T18:38:23.098331" elapsed="6.262862"/>
</test>
<test id="s1-t3" name="TC-1.05: Pengujian Multi-Filter Kombinasi Beriringan" line="57">
<kw name="Safe Click">
<kw name="Wait Until Page Contains Element" owner="SeleniumLibrary">
<arg>${locator}</arg>
<arg>timeout=5s</arg>
<doc>Waits until the element ``locator`` appears on the current page.</doc>
<status status="PASS" start="2026-06-09T18:38:29.363889" elapsed="0.010049"/>
</kw>
<kw name="Get WebElement" owner="SeleniumLibrary">
<msg time="2026-06-09T18:38:29.384211" level="INFO">${element} = &lt;selenium.webdriver.remote.webelement.WebElement (session="4177cce5a082155ad51834110732da33", element="f.FD889CE87E10059AE03ACECB28CE8F19.d.FCA311D6EC3319C10DEF71AF811FB901.e.523")&gt;</msg>
<var>${element}</var>
<arg>${locator}</arg>
<doc>Returns the first WebElement matching the given ``locator``.</doc>
<status status="PASS" start="2026-06-09T18:38:29.374235" elapsed="0.010094"/>
</kw>
<kw name="Execute Javascript" owner="SeleniumLibrary">
<msg time="2026-06-09T18:38:29.385764" level="INFO">Executing JavaScript:
arguments[0].click();
By using argument:
'&lt;selenium.webdriver.remote.webelement.WebElement (session="4177cce5a082155ad51834110732da33", element="f.FD889CE87E10059AE03ACECB28CE8F19.d.FCA311D6EC3319C10DEF71AF811FB901.e.523")&gt;'</msg>
<arg>arguments[0].click();</arg>
<arg>ARGUMENTS</arg>
<arg>${element}</arg>
<doc>Executes the given JavaScript code with possible arguments.</doc>
<status status="PASS" start="2026-06-09T18:38:29.384691" elapsed="0.035983"/>
</kw>
<kw name="Sleep" owner="BuiltIn">
<msg time="2026-06-09T18:38:30.422571" level="INFO">Slept 1 second.</msg>
<arg>1s</arg>
<doc>Pauses the test executed for the given time.</doc>
<status status="PASS" start="2026-06-09T18:38:29.421204" elapsed="1.002466"/>
</kw>
<arg>id=filter</arg>
<status status="PASS" start="2026-06-09T18:38:29.363512" elapsed="1.061275"/>
</kw>
<kw name="Wait Until Page Contains Element" owner="SeleniumLibrary">
<arg>xpath=(//select[contains(@name,'category')])[last()]</arg>
<arg>timeout=5s</arg>
<doc>Waits until the element ``locator`` appears on the current page.</doc>
<status status="PASS" start="2026-06-09T18:38:30.425600" elapsed="0.038389"/>
</kw>
<kw name="Sleep" owner="BuiltIn">
<msg time="2026-06-09T18:38:31.466144" level="INFO">Slept 1 second.</msg>
<arg>1s</arg>
<doc>Pauses the test executed for the given time.</doc>
<status status="PASS" start="2026-06-09T18:38:30.464596" elapsed="1.001728"/>
</kw>
<kw name="Select From List By Value" owner="SeleniumLibrary">
<msg time="2026-06-09T18:38:31.466903" level="INFO">Selecting options from selection list 'xpath=(//select[contains(@name,'category')])[last()]' by value author.</msg>
<arg>xpath=(//select[contains(@name,'category')])[last()]</arg>
<arg>author</arg>
<doc>Selects options from selection list ``locator`` by ``values``.</doc>
<status status="PASS" start="2026-06-09T18:38:31.466607" elapsed="0.116549"/>
</kw>
<kw name="Sleep" owner="BuiltIn">
<msg time="2026-06-09T18:38:32.584402" level="INFO">Slept 1 second.</msg>
<arg>1s</arg>
<doc>Pauses the test executed for the given time.</doc>
<status status="PASS" start="2026-06-09T18:38:31.583397" elapsed="1.001433"/>
</kw>
<kw name="Input Text" owner="SeleniumLibrary">
<msg time="2026-06-09T18:38:32.586419" level="INFO">Typing text 'Powell' into text field 'xpath=(//input[contains(@class,'_value')])[last()]'.</msg>
<arg>xpath=(//input[contains(@class,'_value')])[last()]</arg>
<arg>Powell</arg>
<doc>Types the given ``text`` into the text field identified by ``locator``.</doc>
<status status="PASS" start="2026-06-09T18:38:32.585443" elapsed="0.208960"/>
</kw>
<kw name="Sleep" owner="BuiltIn">
<msg time="2026-06-09T18:38:33.809483" level="INFO">Slept 1 second.</msg>
<arg>1s</arg>
<doc>Pauses the test executed for the given time.</doc>
<status status="PASS" start="2026-06-09T18:38:32.794756" elapsed="1.028535"/>
</kw>
<kw name="Safe Click">
<kw name="Wait Until Page Contains Element" owner="SeleniumLibrary">
<arg>${locator}</arg>
<arg>timeout=5s</arg>
<doc>Waits until the element ``locator`` appears on the current page.</doc>
<status status="PASS" start="2026-06-09T18:38:33.855842" elapsed="0.104147"/>
</kw>
<kw name="Get WebElement" owner="SeleniumLibrary">
<msg time="2026-06-09T18:38:34.010759" level="INFO">${element} = &lt;selenium.webdriver.remote.webelement.WebElement (session="4177cce5a082155ad51834110732da33", element="f.FD889CE87E10059AE03ACECB28CE8F19.d.FCA311D6EC3319C10DEF71AF811FB901.e.535")&gt;</msg>
<var>${element}</var>
<arg>${locator}</arg>
<doc>Returns the first WebElement matching the given ``locator``.</doc>
<status status="PASS" start="2026-06-09T18:38:33.960345" elapsed="0.050500"/>
</kw>
<kw name="Execute Javascript" owner="SeleniumLibrary">
<msg time="2026-06-09T18:38:34.011830" level="INFO">Executing JavaScript:
arguments[0].click();
By using argument:
'&lt;selenium.webdriver.remote.webelement.WebElement (session="4177cce5a082155ad51834110732da33", element="f.FD889CE87E10059AE03ACECB28CE8F19.d.FCA311D6EC3319C10DEF71AF811FB901.e.535")&gt;'</msg>
<arg>arguments[0].click();</arg>
<arg>ARGUMENTS</arg>
<arg>${element}</arg>
<doc>Executes the given JavaScript code with possible arguments.</doc>
<status status="PASS" start="2026-06-09T18:38:34.011114" elapsed="0.619637"/>
</kw>
<kw name="Sleep" owner="BuiltIn">
<msg time="2026-06-09T18:38:35.632131" level="INFO">Slept 1 second.</msg>
<arg>1s</arg>
<doc>Pauses the test executed for the given time.</doc>
<status status="PASS" start="2026-06-09T18:38:34.631062" elapsed="1.001241"/>
</kw>
<arg>id=search</arg>
<status status="PASS" start="2026-06-09T18:38:33.850217" elapsed="1.782245"/>
</kw>
<kw name="Sleep" owner="BuiltIn">
<msg time="2026-06-09T18:38:38.633405" level="INFO">Slept 3 seconds.</msg>
<arg>3s</arg>
<doc>Pauses the test executed for the given time.</doc>
<status status="PASS" start="2026-06-09T18:38:35.632640" elapsed="3.001055"/>
</kw>
<doc>Tambahkan lebih dari 2 filter kombinasi.</doc>
<status status="PASS" start="2026-06-09T18:38:29.361715" elapsed="9.272443"/>
</test>
<test id="s1-t4" name="TC-1.09: Verifikasi Pop-Up Detail Availability &amp; Reasoning" line="76">
<kw name="Scroll Element Into View" owner="SeleniumLibrary">
<arg>xpath=//tr[contains(., 'Advanced Marker Technique')]</arg>
<doc>Scrolls the element identified by ``locator`` into view.</doc>
<status status="PASS" start="2026-06-09T18:38:38.636149" elapsed="0.314984"/>
</kw>
<kw name="Sleep" owner="BuiltIn">
<msg time="2026-06-09T18:38:39.452805" level="INFO">Slept 500 milliseconds.</msg>
<arg>0.5s</arg>
<doc>Pauses the test executed for the given time.</doc>
<status status="PASS" start="2026-06-09T18:38:38.951437" elapsed="0.501627"/>
</kw>
<kw name="Run Keyword And Ignore Error" owner="BuiltIn">
<kw name="Safe Click">
<kw name="Wait Until Page Contains Element" owner="SeleniumLibrary">
<arg>${locator}</arg>
<arg>timeout=5s</arg>
<doc>Waits until the element ``locator`` appears on the current page.</doc>
<status status="PASS" start="2026-06-09T18:38:39.455440" elapsed="0.018751"/>
</kw>
<kw name="Get WebElement" owner="SeleniumLibrary">
<msg time="2026-06-09T18:38:39.489767" level="INFO">${element} = &lt;selenium.webdriver.remote.webelement.WebElement (session="4177cce5a082155ad51834110732da33", element="f.FD889CE87E10059AE03ACECB28CE8F19.d.EDFA4272E32220A09747FC10B1682881.e.605")&gt;</msg>
<var>${element}</var>
<arg>${locator}</arg>
<doc>Returns the first WebElement matching the given ``locator``.</doc>
<status status="PASS" start="2026-06-09T18:38:39.474570" elapsed="0.015343"/>
</kw>
<kw name="Execute Javascript" owner="SeleniumLibrary">
<msg time="2026-06-09T18:38:39.491281" level="INFO">Executing JavaScript:
arguments[0].click();
By using argument:
'&lt;selenium.webdriver.remote.webelement.WebElement (session="4177cce5a082155ad51834110732da33", element="f.FD889CE87E10059AE03ACECB28CE8F19.d.EDFA4272E32220A09747FC10B1682881.e.605")&gt;'</msg>
<arg>arguments[0].click();</arg>
<arg>ARGUMENTS</arg>
<arg>${element}</arg>
<doc>Executes the given JavaScript code with possible arguments.</doc>
<status status="PASS" start="2026-06-09T18:38:39.490463" elapsed="0.034049"/>
</kw>
<kw name="Sleep" owner="BuiltIn">
<msg time="2026-06-09T18:38:40.526910" level="INFO">Slept 1 second.</msg>
<arg>1s</arg>
<doc>Pauses the test executed for the given time.</doc>
<status status="PASS" start="2026-06-09T18:38:39.525303" elapsed="1.001797"/>
</kw>
<arg>xpath=//tr[contains(., 'Advanced Marker Technique')]//a[contains(translate(., 'ABCDEFGHIJKLMNOPQRSTUVWXYZ', 'abcdefghijklmnopqrstuvwxyz'), 'not available')]</arg>
<status status="PASS" start="2026-06-09T18:38:39.454712" elapsed="1.072576"/>
</kw>
<arg>Safe Click</arg>
<arg>xpath=//tr[contains(., 'Advanced Marker Technique')]//a[contains(translate(., 'ABCDEFGHIJKLMNOPQRSTUVWXYZ', 'abcdefghijklmnopqrstuvwxyz'), 'not available')]</arg>
<doc>Runs the given keyword with the given arguments and ignores possible error.</doc>
<status status="PASS" start="2026-06-09T18:38:39.453480" elapsed="1.073958"/>
</kw>
<kw name="Sleep" owner="BuiltIn">
<msg time="2026-06-09T18:38:42.528650" level="INFO">Slept 2 seconds.</msg>
<arg>2s</arg>
<doc>Pauses the test executed for the given time.</doc>
<status status="PASS" start="2026-06-09T18:38:40.527629" elapsed="2.001268"/>
</kw>
<kw name="Close Modal Popup">
<kw name="Sleep" owner="BuiltIn">
<msg time="2026-06-09T18:38:43.531256" level="INFO">Slept 1 second.</msg>
<arg>1s</arg>
<doc>Pauses the test executed for the given time.</doc>
<status status="PASS" start="2026-06-09T18:38:42.530019" elapsed="1.001451"/>
</kw>
<kw name="Run Keyword And Ignore Error" owner="BuiltIn">
<kw name="Safe Click">
<kw name="Wait Until Page Contains Element" owner="SeleniumLibrary">
<msg time="2026-06-09T18:38:49.040209" level="INFO" html="true">&lt;/td&gt;&lt;/tr&gt;&lt;tr&gt;&lt;td colspan="3"&gt;&lt;a href="selenium-screenshot-747.png"&gt;&lt;img src="selenium-screenshot-747.png" width="800px"&gt;&lt;/a&gt;</msg>
<msg time="2026-06-09T18:38:49.040815" level="FAIL">Element 'xpath=//div[contains(@class,'modal-header') and contains(@style,'display: block')]//button[@class='close']' did not appear in 5 seconds.</msg>
<arg>${locator}</arg>
<arg>timeout=5s</arg>
<doc>Waits until the element ``locator`` appears on the current page.</doc>
<status status="FAIL" start="2026-06-09T18:38:43.533136" elapsed="5.521575">Element 'xpath=//div[contains(@class,'modal-header') and contains(@style,'display: block')]//button[@class='close']' did not appear in 5 seconds.</status>
</kw>
<kw name="Get WebElement" owner="SeleniumLibrary">
<var>${element}</var>
<arg>${locator}</arg>
<doc>Returns the first WebElement matching the given ``locator``.</doc>
<status status="NOT RUN" start="2026-06-09T18:38:49.055436" elapsed="0.000140"/>
</kw>
<kw name="Execute Javascript" owner="SeleniumLibrary">
<arg>arguments[0].click();</arg>
<arg>ARGUMENTS</arg>
<arg>${element}</arg>
<doc>Executes the given JavaScript code with possible arguments.</doc>
<status status="NOT RUN" start="2026-06-09T18:38:49.055964" elapsed="0.000102"/>
</kw>
<kw name="Sleep" owner="BuiltIn">
<arg>1s</arg>
<doc>Pauses the test executed for the given time.</doc>
<status status="NOT RUN" start="2026-06-09T18:38:49.056346" elapsed="0.000069"/>
</kw>
<arg>xpath=//div[contains(@class,'modal-header') and contains(@style,'display: block')]//button[@class='close']</arg>
<status status="FAIL" start="2026-06-09T18:38:43.532520" elapsed="5.524203">Element 'xpath=//div[contains(@class,'modal-header') and contains(@style,'display: block')]//button[@class='close']' did not appear in 5 seconds.</status>
</kw>
<arg>Safe Click</arg>
<arg>xpath=//div[contains(@class,'modal-header') and contains(@style,'display: block')]//button[@class='close']</arg>
<doc>Runs the given keyword with the given arguments and ignores possible error.</doc>
<status status="PASS" start="2026-06-09T18:38:43.531739" elapsed="5.525177"/>
</kw>
<kw name="Run Keyword And Ignore Error" owner="BuiltIn">
<kw name="Execute Javascript" owner="SeleniumLibrary">
<msg time="2026-06-09T18:38:49.059172" level="INFO">Executing JavaScript:
var xs = document.querySelectorAll('button.close, span[aria-hidden="true"]'); for(let i=0; i&lt;xs.length; i++) { if(xs[i].innerText.includes('×') &amp;&amp; xs[i].offsetWidth &gt; 0) { xs[i].click(); break; } }
Without any arguments.</msg>
<arg>var xs = document.querySelectorAll('button.close, span[aria-hidden="true"]'); for(let i=0; i&lt;xs.length; i++) { if(xs[i].innerText.includes('×') &amp;&amp; xs[i].offsetWidth &gt; 0) { xs[i].click(); break; } }</arg>
<doc>Executes the given JavaScript code with possible arguments.</doc>
<status status="PASS" start="2026-06-09T18:38:49.058189" elapsed="0.012490"/>
</kw>
<arg>Execute Javascript</arg>
<arg>var xs = document.querySelectorAll('button.close, span[aria-hidden="true"]'); for(let i=0; i&lt;xs.length; i++) { if(xs[i].innerText.includes('×') &amp;&amp; xs[i].offsetWidth &gt; 0) { xs[i].click(); break; } }</arg>
<doc>Runs the given keyword with the given arguments and ignores possible error.</doc>
<status status="PASS" start="2026-06-09T18:38:49.057175" elapsed="0.013649"/>
</kw>
<kw name="Sleep" owner="BuiltIn">
<msg time="2026-06-09T18:38:50.071799" level="INFO">Slept 1 second.</msg>
<arg>1s</arg>
<doc>Pauses the test executed for the given time.</doc>
<status status="PASS" start="2026-06-09T18:38:49.071194" elapsed="1.001105"/>
</kw>
<kw name="Run Keyword And Ignore Error" owner="BuiltIn">
<kw name="Handle Alert" owner="SeleniumLibrary">
<msg time="2026-06-09T18:38:50.083959" level="INFO">HANDLE::&lt;class 'datetime.timedelta'&gt;::0:00:01</msg>
<msg time="2026-06-09T18:38:51.507341" level="INFO" html="true">&lt;/td&gt;&lt;/tr&gt;&lt;tr&gt;&lt;td colspan="3"&gt;&lt;a href="selenium-screenshot-748.png"&gt;&lt;img src="selenium-screenshot-748.png" width="800px"&gt;&lt;/a&gt;</msg>
<msg time="2026-06-09T18:38:51.507632" level="FAIL">Alert not found in 1 second.</msg>
<arg>action=ACCEPT</arg>
<arg>timeout=1s</arg>
<doc>Handles the current alert and returns its message.</doc>
<status status="FAIL" start="2026-06-09T18:38:50.081745" elapsed="1.432493">Alert not found in 1 second.</status>
</kw>
<arg>Handle Alert</arg>
<arg>action=ACCEPT</arg>
<arg>timeout=1s</arg>
<doc>Runs the given keyword with the given arguments and ignores possible error.</doc>
<status status="PASS" start="2026-06-09T18:38:50.075523" elapsed="1.438972"/>
</kw>
<status status="PASS" start="2026-06-09T18:38:42.529406" elapsed="8.985284"/>
</kw>
<doc>Klik status Availability (Available/Not Available).</doc>
<status status="PASS" start="2026-06-09T18:38:38.634878" elapsed="12.880072"/>
</test>
<test id="s1-t5" name="TC-1.07: Reset Seluruh Parameter Kembali ke Kondisi Bawaan" line="87">
<kw name="Safe Click">
<kw name="Wait Until Page Contains Element" owner="SeleniumLibrary">
<arg>${locator}</arg>
<arg>timeout=5s</arg>
<doc>Waits until the element ``locator`` appears on the current page.</doc>
<status status="PASS" start="2026-06-09T18:38:51.516990" elapsed="0.011166"/>
</kw>
<kw name="Get WebElement" owner="SeleniumLibrary">
<msg time="2026-06-09T18:38:51.536609" level="INFO">${element} = &lt;selenium.webdriver.remote.webelement.WebElement (session="4177cce5a082155ad51834110732da33", element="f.FD889CE87E10059AE03ACECB28CE8F19.d.EDFA4272E32220A09747FC10B1682881.e.611")&gt;</msg>
<var>${element}</var>
<arg>${locator}</arg>
<doc>Returns the first WebElement matching the given ``locator``.</doc>
<status status="PASS" start="2026-06-09T18:38:51.528515" elapsed="0.008199"/>
</kw>
<kw name="Execute Javascript" owner="SeleniumLibrary">
<msg time="2026-06-09T18:38:51.537960" level="INFO">Executing JavaScript:
arguments[0].click();
By using argument:
'&lt;selenium.webdriver.remote.webelement.WebElement (session="4177cce5a082155ad51834110732da33", element="f.FD889CE87E10059AE03ACECB28CE8F19.d.EDFA4272E32220A09747FC10B1682881.e.611")&gt;'</msg>
<arg>arguments[0].click();</arg>
<arg>ARGUMENTS</arg>
<arg>${element}</arg>
<doc>Executes the given JavaScript code with possible arguments.</doc>
<status status="PASS" start="2026-06-09T18:38:51.537052" elapsed="0.517300"/>
</kw>
<kw name="Sleep" owner="BuiltIn">
<msg time="2026-06-09T18:38:53.056436" level="INFO">Slept 1 second.</msg>
<arg>1s</arg>
<doc>Pauses the test executed for the given time.</doc>
<status status="PASS" start="2026-06-09T18:38:52.054891" elapsed="1.001742"/>
</kw>
<arg>id=clear</arg>
<status status="PASS" start="2026-06-09T18:38:51.516428" elapsed="1.540398"/>
</kw>
<kw name="Sleep" owner="BuiltIn">
<msg time="2026-06-09T18:38:54.057844" level="INFO">Slept 1 second.</msg>
<arg>1s</arg>
<doc>Pauses the test executed for the given time.</doc>
<status status="PASS" start="2026-06-09T18:38:53.057064" elapsed="1.001025"/>
</kw>
<kw name="Safe Click">
<kw name="Wait Until Page Contains Element" owner="SeleniumLibrary">
<arg>${locator}</arg>
<arg>timeout=5s</arg>
<doc>Waits until the element ``locator`` appears on the current page.</doc>
<status status="PASS" start="2026-06-09T18:38:54.058982" elapsed="0.038185"/>
</kw>
<kw name="Get WebElement" owner="SeleniumLibrary">
<msg time="2026-06-09T18:38:54.111010" level="INFO">${element} = &lt;selenium.webdriver.remote.webelement.WebElement (session="4177cce5a082155ad51834110732da33", element="f.FD889CE87E10059AE03ACECB28CE8F19.d.1B2A7A1AA402C9CE9FC632417EC61BC8.e.833")&gt;</msg>
<var>${element}</var>
<arg>${locator}</arg>
<doc>Returns the first WebElement matching the given ``locator``.</doc>
<status status="PASS" start="2026-06-09T18:38:54.097547" elapsed="0.013569"/>
</kw>
<kw name="Execute Javascript" owner="SeleniumLibrary">
<msg time="2026-06-09T18:38:54.112391" level="INFO">Executing JavaScript:
arguments[0].click();
By using argument:
'&lt;selenium.webdriver.remote.webelement.WebElement (session="4177cce5a082155ad51834110732da33", element="f.FD889CE87E10059AE03ACECB28CE8F19.d.1B2A7A1AA402C9CE9FC632417EC61BC8.e.833")&gt;'</msg>
<arg>arguments[0].click();</arg>
<arg>ARGUMENTS</arg>
<arg>${element}</arg>
<doc>Executes the given JavaScript code with possible arguments.</doc>
<status status="PASS" start="2026-06-09T18:38:54.111481" elapsed="0.955713"/>
</kw>
<kw name="Sleep" owner="BuiltIn">
<msg time="2026-06-09T18:38:56.070659" level="INFO">Slept 1 second.</msg>
<arg>1s</arg>
<doc>Pauses the test executed for the given time.</doc>
<status status="PASS" start="2026-06-09T18:38:55.068284" elapsed="1.002650"/>
</kw>
<arg>id=search</arg>
<status status="PASS" start="2026-06-09T18:38:54.058512" elapsed="2.012684"/>
</kw>
<kw name="Sleep" owner="BuiltIn">
<msg time="2026-06-09T18:38:59.073076" level="INFO">Slept 3 seconds.</msg>
<arg>3s</arg>
<doc>Pauses the test executed for the given time.</doc>
<status status="PASS" start="2026-06-09T18:38:56.071561" elapsed="3.001702"/>
</kw>
<kw name="Safe Click">
<kw name="Wait Until Page Contains Element" owner="SeleniumLibrary">
<arg>${locator}</arg>
<arg>timeout=5s</arg>
<doc>Waits until the element ``locator`` appears on the current page.</doc>
<status status="PASS" start="2026-06-09T18:38:59.074245" elapsed="0.008416"/>
</kw>
<kw name="Get WebElement" owner="SeleniumLibrary">
<msg time="2026-06-09T18:38:59.107117" level="INFO">${element} = &lt;selenium.webdriver.remote.webelement.WebElement (session="4177cce5a082155ad51834110732da33", element="f.FD889CE87E10059AE03ACECB28CE8F19.d.E3998FBDB89EB402654213736A36ED2F.e.1053")&gt;</msg>
<var>${element}</var>
<arg>${locator}</arg>
<doc>Returns the first WebElement matching the given ``locator``.</doc>
<status status="PASS" start="2026-06-09T18:38:59.083074" elapsed="0.024115"/>
</kw>
<kw name="Execute Javascript" owner="SeleniumLibrary">
<msg time="2026-06-09T18:38:59.108001" level="INFO">Executing JavaScript:
arguments[0].click();
By using argument:
'&lt;selenium.webdriver.remote.webelement.WebElement (session="4177cce5a082155ad51834110732da33", element="f.FD889CE87E10059AE03ACECB28CE8F19.d.E3998FBDB89EB402654213736A36ED2F.e.1053")&gt;'</msg>
<arg>arguments[0].click();</arg>
<arg>ARGUMENTS</arg>
<arg>${element}</arg>
<doc>Executes the given JavaScript code with possible arguments.</doc>
<status status="PASS" start="2026-06-09T18:38:59.107427" elapsed="0.011427"/>
</kw>
<kw name="Sleep" owner="BuiltIn">
<msg time="2026-06-09T18:39:00.124475" level="INFO">Slept 1 second.</msg>
<arg>1s</arg>
<doc>Pauses the test executed for the given time.</doc>
<status status="PASS" start="2026-06-09T18:38:59.119114" elapsed="1.005631"/>
</kw>
<arg>id=filter</arg>
<status status="PASS" start="2026-06-09T18:38:59.073570" elapsed="1.051426"/>
</kw>
<kw name="Sleep" owner="BuiltIn">
<msg time="2026-06-09T18:39:01.126515" level="INFO">Slept 1 second.</msg>
<arg>1s</arg>
<doc>Pauses the test executed for the given time.</doc>
<status status="PASS" start="2026-06-09T18:39:00.125324" elapsed="1.001354"/>
</kw>
<kw name="Select From List By Value" owner="SeleniumLibrary">
<msg time="2026-06-09T18:39:01.127169" level="INFO">Selecting options from selection list 'xpath=(//select[contains(@name,'category')])[last()]' by value a.publish_year.</msg>
<arg>xpath=(//select[contains(@name,'category')])[last()]</arg>
<arg>a.publish_year</arg>
<doc>Selects options from selection list ``locator`` by ``values``.</doc>
<status status="PASS" start="2026-06-09T18:39:01.126895" elapsed="0.088676"/>
</kw>
<kw name="Sleep" owner="BuiltIn">
<msg time="2026-06-09T18:39:02.217343" level="INFO">Slept 1 second.</msg>
<arg>1s</arg>
<doc>Pauses the test executed for the given time.</doc>
<status status="PASS" start="2026-06-09T18:39:01.216192" elapsed="1.001315"/>
</kw>
<kw name="Input Text" owner="SeleniumLibrary">
<msg time="2026-06-09T18:39:02.218007" level="INFO">Typing text '2010' into text field 'xpath=(//input[contains(@class,'_value')])[last()]'.</msg>
<arg>xpath=(//input[contains(@class,'_value')])[last()]</arg>
<arg>2010</arg>
<doc>Types the given ``text`` into the text field identified by ``locator``.</doc>
<status status="PASS" start="2026-06-09T18:39:02.217744" elapsed="0.106839"/>
</kw>
<kw name="Sleep" owner="BuiltIn">
<msg time="2026-06-09T18:39:03.326373" level="INFO">Slept 1 second.</msg>
<arg>1s</arg>
<doc>Pauses the test executed for the given time.</doc>
<status status="PASS" start="2026-06-09T18:39:02.324963" elapsed="1.001601"/>
</kw>
<kw name="Safe Click">
<kw name="Wait Until Page Contains Element" owner="SeleniumLibrary">
<arg>${locator}</arg>
<arg>timeout=5s</arg>
<doc>Waits until the element ``locator`` appears on the current page.</doc>
<status status="PASS" start="2026-06-09T18:39:03.327468" elapsed="0.014069"/>
</kw>
<kw name="Get WebElement" owner="SeleniumLibrary">
<msg time="2026-06-09T18:39:03.353745" level="INFO">${element} = &lt;selenium.webdriver.remote.webelement.WebElement (session="4177cce5a082155ad51834110732da33", element="f.FD889CE87E10059AE03ACECB28CE8F19.d.E3998FBDB89EB402654213736A36ED2F.e.1064")&gt;</msg>
<var>${element}</var>
<arg>${locator}</arg>
<doc>Returns the first WebElement matching the given ``locator``.</doc>
<status status="PASS" start="2026-06-09T18:39:03.341898" elapsed="0.011917"/>
</kw>
<kw name="Execute Javascript" owner="SeleniumLibrary">
<msg time="2026-06-09T18:39:03.354758" level="INFO">Executing JavaScript:
arguments[0].click();
By using argument:
'&lt;selenium.webdriver.remote.webelement.WebElement (session="4177cce5a082155ad51834110732da33", element="f.FD889CE87E10059AE03ACECB28CE8F19.d.E3998FBDB89EB402654213736A36ED2F.e.1064")&gt;'</msg>
<arg>arguments[0].click();</arg>
<arg>ARGUMENTS</arg>
<arg>${element}</arg>
<doc>Executes the given JavaScript code with possible arguments.</doc>
<status status="PASS" start="2026-06-09T18:39:03.354052" elapsed="0.617018"/>
</kw>
<kw name="Sleep" owner="BuiltIn">
<msg time="2026-06-09T18:39:04.972871" level="INFO">Slept 1 second.</msg>
<arg>1s</arg>
<doc>Pauses the test executed for the given time.</doc>
<status status="PASS" start="2026-06-09T18:39:03.971534" elapsed="1.001549"/>
</kw>
<arg>id=search</arg>
<status status="PASS" start="2026-06-09T18:39:03.326895" elapsed="1.646403"/>
</kw>
<kw name="Sleep" owner="BuiltIn">
<msg time="2026-06-09T18:39:07.974552" level="INFO">Slept 3 seconds.</msg>
<arg>3s</arg>
<doc>Pauses the test executed for the given time.</doc>
<status status="PASS" start="2026-06-09T18:39:04.973543" elapsed="3.001168"/>
</kw>
<kw name="Safe Click">
<kw name="Wait Until Page Contains Element" owner="SeleniumLibrary">
<arg>${locator}</arg>
<arg>timeout=5s</arg>
<doc>Waits until the element ``locator`` appears on the current page.</doc>
<status status="PASS" start="2026-06-09T18:39:07.975434" elapsed="0.008624"/>
</kw>
<kw name="Get WebElement" owner="SeleniumLibrary">
<msg time="2026-06-09T18:39:07.991754" level="INFO">${element} = &lt;selenium.webdriver.remote.webelement.WebElement (session="4177cce5a082155ad51834110732da33", element="f.FD889CE87E10059AE03ACECB28CE8F19.d.4C891572210F564344E063CD57BBA226.e.1152")&gt;</msg>
<var>${element}</var>
<arg>${locator}</arg>
<doc>Returns the first WebElement matching the given ``locator``.</doc>
<status status="PASS" start="2026-06-09T18:39:07.984318" elapsed="0.007502"/>
</kw>
<kw name="Execute Javascript" owner="SeleniumLibrary">
<msg time="2026-06-09T18:39:07.992621" level="INFO">Executing JavaScript:
arguments[0].click();
By using argument:
'&lt;selenium.webdriver.remote.webelement.WebElement (session="4177cce5a082155ad51834110732da33", element="f.FD889CE87E10059AE03ACECB28CE8F19.d.4C891572210F564344E063CD57BBA226.e.1152")&gt;'</msg>
<arg>arguments[0].click();</arg>
<arg>ARGUMENTS</arg>
<arg>${element}</arg>
<doc>Executes the given JavaScript code with possible arguments.</doc>
<status status="PASS" start="2026-06-09T18:39:07.992019" elapsed="0.008341"/>
</kw>
<kw name="Sleep" owner="BuiltIn">
<msg time="2026-06-09T18:39:09.002159" level="INFO">Slept 1 second.</msg>
<arg>1s</arg>
<doc>Pauses the test executed for the given time.</doc>
<status status="PASS" start="2026-06-09T18:39:08.000665" elapsed="1.001760"/>
</kw>
<arg>id=filter</arg>
<status status="PASS" start="2026-06-09T18:39:07.975038" elapsed="1.027614"/>
</kw>
<kw name="Sleep" owner="BuiltIn">
<msg time="2026-06-09T18:39:10.005237" level="INFO">Slept 1 second.</msg>
<arg>1s</arg>
<doc>Pauses the test executed for the given time.</doc>
<status status="PASS" start="2026-06-09T18:39:09.002942" elapsed="1.002556"/>
</kw>
<kw name="Select From List By Value" owner="SeleniumLibrary">
<msg time="2026-06-09T18:39:10.007700" level="INFO">Selecting options from selection list 'xpath=(//select[contains(@name,'category')])[last()]' by value author.</msg>
<arg>xpath=(//select[contains(@name,'category')])[last()]</arg>
<arg>author</arg>
<doc>Selects options from selection list ``locator`` by ``values``.</doc>
<status status="PASS" start="2026-06-09T18:39:10.006467" elapsed="0.110432"/>
</kw>
<kw name="Sleep" owner="BuiltIn">
<msg time="2026-06-09T18:39:11.118453" level="INFO">Slept 1 second.</msg>
<arg>1s</arg>
<doc>Pauses the test executed for the given time.</doc>
<status status="PASS" start="2026-06-09T18:39:10.117315" elapsed="1.001404"/>
</kw>
<kw name="Input Text" owner="SeleniumLibrary">
<msg time="2026-06-09T18:39:11.119582" level="INFO">Typing text 'Chan' into text field 'xpath=(//input[contains(@class,'_value')])[last()]'.</msg>
<arg>xpath=(//input[contains(@class,'_value')])[last()]</arg>
<arg>Chan</arg>
<doc>Types the given ``text`` into the text field identified by ``locator``.</doc>
<status status="PASS" start="2026-06-09T18:39:11.119117" elapsed="0.129823"/>
</kw>
<kw name="Sleep" owner="BuiltIn">
<msg time="2026-06-09T18:39:12.251258" level="INFO">Slept 1 second.</msg>
<arg>1s</arg>
<doc>Pauses the test executed for the given time.</doc>
<status status="PASS" start="2026-06-09T18:39:11.249456" elapsed="1.001990"/>
</kw>
<kw name="Safe Click">
<kw name="Wait Until Page Contains Element" owner="SeleniumLibrary">
<arg>${locator}</arg>
<arg>timeout=5s</arg>
<doc>Waits until the element ``locator`` appears on the current page.</doc>
<status status="PASS" start="2026-06-09T18:39:12.252278" elapsed="0.018295"/>
</kw>
<kw name="Get WebElement" owner="SeleniumLibrary">
<msg time="2026-06-09T18:39:12.285199" level="INFO">${element} = &lt;selenium.webdriver.remote.webelement.WebElement (session="4177cce5a082155ad51834110732da33", element="f.FD889CE87E10059AE03ACECB28CE8F19.d.4C891572210F564344E063CD57BBA226.e.1298")&gt;</msg>
<var>${element}</var>
<arg>${locator}</arg>
<doc>Returns the first WebElement matching the given ``locator``.</doc>
<status status="PASS" start="2026-06-09T18:39:12.271126" elapsed="0.014191"/>
</kw>
<kw name="Execute Javascript" owner="SeleniumLibrary">
<msg time="2026-06-09T18:39:12.286379" level="INFO">Executing JavaScript:
arguments[0].click();
By using argument:
'&lt;selenium.webdriver.remote.webelement.WebElement (session="4177cce5a082155ad51834110732da33", element="f.FD889CE87E10059AE03ACECB28CE8F19.d.4C891572210F564344E063CD57BBA226.e.1298")&gt;'</msg>
<arg>arguments[0].click();</arg>
<arg>ARGUMENTS</arg>
<arg>${element}</arg>
<doc>Executes the given JavaScript code with possible arguments.</doc>
<status status="PASS" start="2026-06-09T18:39:12.285680" elapsed="0.595726"/>
</kw>
<kw name="Sleep" owner="BuiltIn">
<msg time="2026-06-09T18:39:13.955118" level="INFO">Slept 1 second.</msg>
<arg>1s</arg>
<doc>Pauses the test executed for the given time.</doc>
<status status="PASS" start="2026-06-09T18:39:12.882383" elapsed="1.073014"/>
</kw>
<arg>id=search</arg>
<status status="PASS" start="2026-06-09T18:39:12.251787" elapsed="1.711854"/>
</kw>
<kw name="Sleep" owner="BuiltIn">
<msg time="2026-06-09T18:39:16.969251" level="INFO">Slept 3 seconds.</msg>
<arg>3s</arg>
<doc>Pauses the test executed for the given time.</doc>
<status status="PASS" start="2026-06-09T18:39:13.964103" elapsed="3.005320"/>
</kw>
<kw name="Run Keyword And Ignore Error" owner="BuiltIn">
<kw name="Safe Click">
<kw name="Wait Until Page Contains Element" owner="SeleniumLibrary">
<arg>${locator}</arg>
<arg>timeout=5s</arg>
<doc>Waits until the element ``locator`` appears on the current page.</doc>
<status status="PASS" start="2026-06-09T18:39:16.970810" elapsed="0.015790"/>
</kw>
<kw name="Get WebElement" owner="SeleniumLibrary">
<msg time="2026-06-09T18:39:16.998384" level="INFO">${element} = &lt;selenium.webdriver.remote.webelement.WebElement (session="4177cce5a082155ad51834110732da33", element="f.FD889CE87E10059AE03ACECB28CE8F19.d.4C17522CE0839C909FB4E48C8CEADB10.e.1382")&gt;</msg>
<var>${element}</var>
<arg>${locator}</arg>
<doc>Returns the first WebElement matching the given ``locator``.</doc>
<status status="PASS" start="2026-06-09T18:39:16.986924" elapsed="0.011609"/>
</kw>
<kw name="Execute Javascript" owner="SeleniumLibrary">
<msg time="2026-06-09T18:39:17.000238" level="INFO">Executing JavaScript:
arguments[0].click();
By using argument:
'&lt;selenium.webdriver.remote.webelement.WebElement (session="4177cce5a082155ad51834110732da33", element="f.FD889CE87E10059AE03ACECB28CE8F19.d.4C17522CE0839C909FB4E48C8CEADB10.e.1382")&gt;'</msg>
<arg>arguments[0].click();</arg>
<arg>ARGUMENTS</arg>
<arg>${element}</arg>
<doc>Executes the given JavaScript code with possible arguments.</doc>
<status status="PASS" start="2026-06-09T18:39:16.999085" elapsed="0.064171"/>
</kw>
<kw name="Sleep" owner="BuiltIn">
<msg time="2026-06-09T18:39:18.065379" level="INFO">Slept 1 second.</msg>
<arg>1s</arg>
<doc>Pauses the test executed for the given time.</doc>
<status status="PASS" start="2026-06-09T18:39:17.063818" elapsed="1.001940"/>
</kw>
<arg>xpath=(//a[contains(translate(., 'ABCDEFGHIJKLMNOPQRSTUVWXYZ', 'abcdefghijklmnopqrstuvwxyz'), 'available') and not(contains(translate(., 'ABCDEFGHIJKLMNOPQRSTUVWXYZ', 'abcdefghijklmnopqrstuvwxyz'), 'not'))])[1]</arg>
<status status="PASS" start="2026-06-09T18:39:16.970298" elapsed="1.095860"/>
</kw>
<arg>Safe Click</arg>
<arg>xpath=(//a[contains(translate(., 'ABCDEFGHIJKLMNOPQRSTUVWXYZ', 'abcdefghijklmnopqrstuvwxyz'), 'available') and not(contains(translate(., 'ABCDEFGHIJKLMNOPQRSTUVWXYZ', 'abcdefghijklmnopqrstuvwxyz'), 'not'))])[1]</arg>
<doc>Runs the given keyword with the given arguments and ignores possible error.</doc>
<status status="PASS" start="2026-06-09T18:39:16.969704" elapsed="1.096723"/>
</kw>
<kw name="Sleep" owner="BuiltIn">
<msg time="2026-06-09T18:39:20.068376" level="INFO">Slept 2 seconds.</msg>
<arg>2s</arg>
<doc>Pauses the test executed for the given time.</doc>
<status status="PASS" start="2026-06-09T18:39:18.066680" elapsed="2.001905"/>
</kw>
<kw name="Close Modal Popup">
<kw name="Sleep" owner="BuiltIn">
<msg time="2026-06-09T18:39:21.070662" level="INFO">Slept 1 second.</msg>
<arg>1s</arg>
<doc>Pauses the test executed for the given time.</doc>
<status status="PASS" start="2026-06-09T18:39:20.069377" elapsed="1.001589"/>
</kw>
<kw name="Run Keyword And Ignore Error" owner="BuiltIn">
<kw name="Safe Click">
<kw name="Wait Until Page Contains Element" owner="SeleniumLibrary">
<msg time="2026-06-09T18:39:26.507807" level="INFO" html="true">&lt;/td&gt;&lt;/tr&gt;&lt;tr&gt;&lt;td colspan="3"&gt;&lt;a href="selenium-screenshot-749.png"&gt;&lt;img src="selenium-screenshot-749.png" width="800px"&gt;&lt;/a&gt;</msg>
<msg time="2026-06-09T18:39:26.508102" level="FAIL">Element 'xpath=//div[contains(@class,'modal-header') and contains(@style,'display: block')]//button[@class='close']' did not appear in 5 seconds.</msg>
<arg>${locator}</arg>
<arg>timeout=5s</arg>
<doc>Waits until the element ``locator`` appears on the current page.</doc>
<status status="FAIL" start="2026-06-09T18:39:21.073450" elapsed="5.439683">Element 'xpath=//div[contains(@class,'modal-header') and contains(@style,'display: block')]//button[@class='close']' did not appear in 5 seconds.</status>
</kw>
<kw name="Get WebElement" owner="SeleniumLibrary">
<var>${element}</var>
<arg>${locator}</arg>
<doc>Returns the first WebElement matching the given ``locator``.</doc>
<status status="NOT RUN" start="2026-06-09T18:39:26.514709" elapsed="0.000199"/>
</kw>
<kw name="Execute Javascript" owner="SeleniumLibrary">
<arg>arguments[0].click();</arg>
<arg>ARGUMENTS</arg>
<arg>${element}</arg>
<doc>Executes the given JavaScript code with possible arguments.</doc>
<status status="NOT RUN" start="2026-06-09T18:39:26.515452" elapsed="0.000147"/>
</kw>
<kw name="Sleep" owner="BuiltIn">
<arg>1s</arg>
<doc>Pauses the test executed for the given time.</doc>
<status status="NOT RUN" start="2026-06-09T18:39:26.516061" elapsed="0.000141"/>
</kw>
<arg>xpath=//div[contains(@class,'modal-header') and contains(@style,'display: block')]//button[@class='close']</arg>
<status status="FAIL" start="2026-06-09T18:39:21.072634" elapsed="5.444536">Element 'xpath=//div[contains(@class,'modal-header') and contains(@style,'display: block')]//button[@class='close']' did not appear in 5 seconds.</status>
</kw>
<arg>Safe Click</arg>
<arg>xpath=//div[contains(@class,'modal-header') and contains(@style,'display: block')]//button[@class='close']</arg>
<doc>Runs the given keyword with the given arguments and ignores possible error.</doc>
<status status="PASS" start="2026-06-09T18:39:21.071433" elapsed="5.446118"/>
</kw>
<kw name="Run Keyword And Ignore Error" owner="BuiltIn">
<kw name="Execute Javascript" owner="SeleniumLibrary">
<msg time="2026-06-09T18:39:26.521116" level="INFO">Executing JavaScript:
var xs = document.querySelectorAll('button.close, span[aria-hidden="true"]'); for(let i=0; i&lt;xs.length; i++) { if(xs[i].innerText.includes('×') &amp;&amp; xs[i].offsetWidth &gt; 0) { xs[i].click(); break; } }
Without any arguments.</msg>
<arg>var xs = document.querySelectorAll('button.close, span[aria-hidden="true"]'); for(let i=0; i&lt;xs.length; i++) { if(xs[i].innerText.includes('×') &amp;&amp; xs[i].offsetWidth &gt; 0) { xs[i].click(); break; } }</arg>
<doc>Executes the given JavaScript code with possible arguments.</doc>
<status status="PASS" start="2026-06-09T18:39:26.520165" elapsed="0.022487"/>
</kw>
<arg>Execute Javascript</arg>
<arg>var xs = document.querySelectorAll('button.close, span[aria-hidden="true"]'); for(let i=0; i&lt;xs.length; i++) { if(xs[i].innerText.includes('×') &amp;&amp; xs[i].offsetWidth &gt; 0) { xs[i].click(); break; } }</arg>
<doc>Runs the given keyword with the given arguments and ignores possible error.</doc>
<status status="PASS" start="2026-06-09T18:39:26.518081" elapsed="0.024854"/>
</kw>
<kw name="Sleep" owner="BuiltIn">
<msg time="2026-06-09T18:39:27.544670" level="INFO">Slept 1 second.</msg>
<arg>1s</arg>
<doc>Pauses the test executed for the given time.</doc>
<status status="PASS" start="2026-06-09T18:39:26.543300" elapsed="1.001703"/>
</kw>
<kw name="Run Keyword And Ignore Error" owner="BuiltIn">
<kw name="Handle Alert" owner="SeleniumLibrary">
<msg time="2026-06-09T18:39:27.548040" level="INFO">HANDLE::&lt;class 'datetime.timedelta'&gt;::0:00:01</msg>
<msg time="2026-06-09T18:39:29.016761" level="INFO" html="true">&lt;/td&gt;&lt;/tr&gt;&lt;tr&gt;&lt;td colspan="3"&gt;&lt;a href="selenium-screenshot-750.png"&gt;&lt;img src="selenium-screenshot-750.png" width="800px"&gt;&lt;/a&gt;</msg>
<msg time="2026-06-09T18:39:29.016999" level="FAIL">Alert not found in 1 second.</msg>
<arg>action=ACCEPT</arg>
<arg>timeout=1s</arg>
<doc>Handles the current alert and returns its message.</doc>
<status status="FAIL" start="2026-06-09T18:39:27.546992" elapsed="1.474144">Alert not found in 1 second.</status>
</kw>
<arg>Handle Alert</arg>
<arg>action=ACCEPT</arg>
<arg>timeout=1s</arg>
<doc>Runs the given keyword with the given arguments and ignores possible error.</doc>
<status status="PASS" start="2026-06-09T18:39:27.545637" elapsed="1.476347"/>
</kw>
<status status="PASS" start="2026-06-09T18:39:20.068956" elapsed="8.953354"/>
</kw>
<kw name="Clear Element Text" owner="SeleniumLibrary">
<arg>xpath=//input[contains(@class,'reqOpt')]</arg>
<doc>Clears the value of the text-input-element identified by ``locator``.</doc>
<status status="PASS" start="2026-06-09T18:39:29.022742" elapsed="0.076660"/>
</kw>
<kw name="Sleep" owner="BuiltIn">
<msg time="2026-06-09T18:39:30.101910" level="INFO">Slept 1 second.</msg>
<arg>1s</arg>
<doc>Pauses the test executed for the given time.</doc>
<status status="PASS" start="2026-06-09T18:39:29.099905" elapsed="1.002282"/>
</kw>
<kw name="Safe Click">
<kw name="Wait Until Page Contains Element" owner="SeleniumLibrary">
<arg>${locator}</arg>
<arg>timeout=5s</arg>
<doc>Waits until the element ``locator`` appears on the current page.</doc>
<status status="PASS" start="2026-06-09T18:39:30.103739" elapsed="0.013346"/>
</kw>
<kw name="Get WebElement" owner="SeleniumLibrary">
<msg time="2026-06-09T18:39:30.132658" level="INFO">${element} = &lt;selenium.webdriver.remote.webelement.WebElement (session="4177cce5a082155ad51834110732da33", element="f.FD889CE87E10059AE03ACECB28CE8F19.d.4C17522CE0839C909FB4E48C8CEADB10.e.1392")&gt;</msg>
<var>${element}</var>
<arg>${locator}</arg>
<doc>Returns the first WebElement matching the given ``locator``.</doc>
<status status="PASS" start="2026-06-09T18:39:30.117543" elapsed="0.015229"/>
</kw>
<kw name="Execute Javascript" owner="SeleniumLibrary">
<msg time="2026-06-09T18:39:30.134429" level="INFO">Executing JavaScript:
arguments[0].click();
By using argument:
'&lt;selenium.webdriver.remote.webelement.WebElement (session="4177cce5a082155ad51834110732da33", element="f.FD889CE87E10059AE03ACECB28CE8F19.d.4C17522CE0839C909FB4E48C8CEADB10.e.1392")&gt;'</msg>
<arg>arguments[0].click();</arg>
<arg>ARGUMENTS</arg>
<arg>${element}</arg>
<doc>Executes the given JavaScript code with possible arguments.</doc>
<status status="PASS" start="2026-06-09T18:39:30.133172" elapsed="0.764213"/>
</kw>
<kw name="Sleep" owner="BuiltIn">
<msg time="2026-06-09T18:39:31.898870" level="INFO">Slept 1 second.</msg>
<arg>1s</arg>
<doc>Pauses the test executed for the given time.</doc>
<status status="PASS" start="2026-06-09T18:39:30.897702" elapsed="1.001456"/>
</kw>
<arg>id=search</arg>
<status status="PASS" start="2026-06-09T18:39:30.102789" elapsed="1.796765"/>
</kw>
<kw name="Sleep" owner="BuiltIn">
<msg time="2026-06-09T18:39:34.901980" level="INFO">Slept 3 seconds.</msg>
<arg>3s</arg>
<doc>Pauses the test executed for the given time.</doc>
<status status="PASS" start="2026-06-09T18:39:31.900094" elapsed="3.002086"/>
</kw>
<kw name="Safe Click">
<kw name="Wait Until Page Contains Element" owner="SeleniumLibrary">
<arg>${locator}</arg>
<arg>timeout=5s</arg>
<doc>Waits until the element ``locator`` appears on the current page.</doc>
<status status="PASS" start="2026-06-09T18:39:34.902998" elapsed="0.013268"/>
</kw>
<kw name="Get WebElement" owner="SeleniumLibrary">
<msg time="2026-06-09T18:39:34.925292" level="INFO">${element} = &lt;selenium.webdriver.remote.webelement.WebElement (session="4177cce5a082155ad51834110732da33", element="f.FD889CE87E10059AE03ACECB28CE8F19.d.C88F85D1D87F2621CF8BC3E6E8C5959F.e.1493")&gt;</msg>
<var>${element}</var>
<arg>${locator}</arg>
<doc>Returns the first WebElement matching the given ``locator``.</doc>
<status status="PASS" start="2026-06-09T18:39:34.916554" elapsed="0.008813"/>
</kw>
<kw name="Execute Javascript" owner="SeleniumLibrary">
<msg time="2026-06-09T18:39:34.926231" level="INFO">Executing JavaScript:
arguments[0].click();
By using argument:
'&lt;selenium.webdriver.remote.webelement.WebElement (session="4177cce5a082155ad51834110732da33", element="f.FD889CE87E10059AE03ACECB28CE8F19.d.C88F85D1D87F2621CF8BC3E6E8C5959F.e.1493")&gt;'</msg>
<arg>arguments[0].click();</arg>
<arg>ARGUMENTS</arg>
<arg>${element}</arg>
<doc>Executes the given JavaScript code with possible arguments.</doc>
<status status="PASS" start="2026-06-09T18:39:34.925587" elapsed="0.386531"/>
</kw>
<kw name="Sleep" owner="BuiltIn">
<msg time="2026-06-09T18:39:36.313595" level="INFO">Slept 1 second.</msg>
<arg>1s</arg>
<doc>Pauses the test executed for the given time.</doc>
<status status="PASS" start="2026-06-09T18:39:35.312425" elapsed="1.001627"/>
</kw>
<arg>id=clear</arg>
<status status="PASS" start="2026-06-09T18:39:34.902537" elapsed="1.411925"/>
</kw>
<kw name="Sleep" owner="BuiltIn">
<msg time="2026-06-09T18:39:37.317516" level="INFO">Slept 1 second.</msg>
<arg>1s</arg>
<doc>Pauses the test executed for the given time.</doc>
<status status="PASS" start="2026-06-09T18:39:36.314986" elapsed="1.002871"/>
</kw>
<kw name="Input Text" owner="SeleniumLibrary">
<msg time="2026-06-09T18:39:37.319206" level="INFO">Typing text 'Tech' into text field 'xpath=//input[contains(@class,'reqOpt')]'.</msg>
<arg>xpath=//input[contains(@class,'reqOpt')]</arg>
<arg>Tech</arg>
<doc>Types the given ``text`` into the text field identified by ``locator``.</doc>
<status status="PASS" start="2026-06-09T18:39:37.318429" elapsed="0.294682"/>
</kw>
<kw name="Sleep" owner="BuiltIn">
<msg time="2026-06-09T18:39:38.614186" level="INFO">Slept 1 second.</msg>
<arg>1s</arg>
<doc>Pauses the test executed for the given time.</doc>
<status status="PASS" start="2026-06-09T18:39:37.613347" elapsed="1.001390"/>
</kw>
<kw name="Safe Click">
<kw name="Wait Until Page Contains Element" owner="SeleniumLibrary">
<arg>${locator}</arg>
<arg>timeout=5s</arg>
<doc>Waits until the element ``locator`` appears on the current page.</doc>
<status status="PASS" start="2026-06-09T18:39:38.617081" elapsed="0.024686"/>
</kw>
<kw name="Get WebElement" owner="SeleniumLibrary">
<msg time="2026-06-09T18:39:38.683239" level="INFO">${element} = &lt;selenium.webdriver.remote.webelement.WebElement (session="4177cce5a082155ad51834110732da33", element="f.FD889CE87E10059AE03ACECB28CE8F19.d.2B6584D68A2BA83ABD57EDD62E8C10C1.e.1541")&gt;</msg>
<var>${element}</var>
<arg>${locator}</arg>
<doc>Returns the first WebElement matching the given ``locator``.</doc>
<status status="PASS" start="2026-06-09T18:39:38.642579" elapsed="0.040884"/>
</kw>
<kw name="Execute Javascript" owner="SeleniumLibrary">
<msg time="2026-06-09T18:39:38.686006" level="INFO">Executing JavaScript:
arguments[0].click();
By using argument:
'&lt;selenium.webdriver.remote.webelement.WebElement (session="4177cce5a082155ad51834110732da33", element="f.FD889CE87E10059AE03ACECB28CE8F19.d.2B6584D68A2BA83ABD57EDD62E8C10C1.e.1541")&gt;'</msg>
<arg>arguments[0].click();</arg>
<arg>ARGUMENTS</arg>
<arg>${element}</arg>
<doc>Executes the given JavaScript code with possible arguments.</doc>
<status status="PASS" start="2026-06-09T18:39:38.684161" elapsed="0.615833"/>
</kw>
<kw name="Sleep" owner="BuiltIn">
<msg time="2026-06-09T18:39:40.301169" level="INFO">Slept 1 second.</msg>
<arg>1s</arg>
<doc>Pauses the test executed for the given time.</doc>
<status status="PASS" start="2026-06-09T18:39:39.300396" elapsed="1.001009"/>
</kw>
<arg>id=search</arg>
<status status="PASS" start="2026-06-09T18:39:38.615642" elapsed="1.685957"/>
</kw>
<kw name="Sleep" owner="BuiltIn">
<msg time="2026-06-09T18:39:43.302956" level="INFO">Slept 3 seconds.</msg>
<arg>3s</arg>
<doc>Pauses the test executed for the given time.</doc>
<status status="PASS" start="2026-06-09T18:39:40.301819" elapsed="3.001545"/>
</kw>
<doc>Tekan tombol Clear Filter.</doc>
<status status="PASS" start="2026-06-09T18:38:51.515488" elapsed="51.788210"/>
</test>
<test id="s1-t6" name="TC-2.01: State Management Checkbox Buku Lintas Halaman" line="156">
<kw name="Scroll To Bottom">
<kw name="Execute Javascript" owner="SeleniumLibrary">
<msg time="2026-06-09T18:39:43.306449" level="INFO">Executing JavaScript:
window.scrollTo(0, document.body.scrollHeight)
Without any arguments.</msg>
<arg>window.scrollTo(0, document.body.scrollHeight)</arg>
<doc>Executes the given JavaScript code with possible arguments.</doc>
<status status="PASS" start="2026-06-09T18:39:43.305629" elapsed="0.020209"/>
</kw>
<kw name="Sleep" owner="BuiltIn">
<msg time="2026-06-09T18:39:44.326830" level="INFO">Slept 1 second.</msg>
<arg>1s</arg>
<doc>Pauses the test executed for the given time.</doc>
<status status="PASS" start="2026-06-09T18:39:43.326140" elapsed="1.000803"/>
</kw>
<status status="PASS" start="2026-06-09T18:39:43.305160" elapsed="1.021862"/>
</kw>
<kw name="Tick Book">
<kw name="Set Variable" owner="BuiltIn">
<msg time="2026-06-09T18:39:44.327628" level="INFO">${js_code} = var title = "Advanced Facilitation Strategies"; var rows = document.querySelectorAll('tr'); for(var i=0; i&lt;rows.length; i++) { if(rows[i].innerText.includes(title)) { var cb = rows[i].querySelector('i...</msg>
<var>${js_code}</var>
<arg>var title = "${title}"; var rows = document.querySelectorAll('tr'); for(var i=0; i&lt;rows.length; i++) { if(rows[i].innerText.includes(title)) { var cb = rows[i].querySelector('input[type="checkbox"]'); if(cb) { cb.checked = true; cb.dispatchEvent(new Event('change')); } } }</arg>
<doc>Returns the given values which can then be assigned to a variables.</doc>
<status status="PASS" start="2026-06-09T18:39:44.327358" elapsed="0.000293"/>
</kw>
<kw name="Execute Javascript" owner="SeleniumLibrary">
<msg time="2026-06-09T18:39:44.328235" level="INFO">Executing JavaScript:
var title = "Advanced Facilitation Strategies"; var rows = document.querySelectorAll('tr'); for(var i=0; i&lt;rows.length; i++) { if(rows[i].innerText.includes(title)) { var cb = rows[i].querySelector('input[type="checkbox"]'); if(cb) { cb.checked = true; cb.dispatchEvent(new Event('change')); } } }
Without any arguments.</msg>
<arg>${js_code}</arg>
<doc>Executes the given JavaScript code with possible arguments.</doc>
<status status="PASS" start="2026-06-09T18:39:44.327742" elapsed="0.004666"/>
</kw>
<arg>Advanced Facilitation Strategies</arg>
<status status="PASS" start="2026-06-09T18:39:44.327153" elapsed="0.005345"/>
</kw>
<kw name="Sleep" owner="BuiltIn">
<msg time="2026-06-09T18:39:44.834043" level="INFO">Slept 500 milliseconds.</msg>
<arg>0.5s</arg>
<doc>Pauses the test executed for the given time.</doc>
<status status="PASS" start="2026-06-09T18:39:44.332591" elapsed="0.502092"/>
</kw>
<kw name="Tick Book">
<kw name="Set Variable" owner="BuiltIn">
<msg time="2026-06-09T18:39:44.845496" level="INFO">${js_code} = var title = "Advanced Underwater Photography"; var rows = document.querySelectorAll('tr'); for(var i=0; i&lt;rows.length; i++) { if(rows[i].innerText.includes(title)) { var cb = rows[i].querySelector('in...</msg>
<var>${js_code}</var>
<arg>var title = "${title}"; var rows = document.querySelectorAll('tr'); for(var i=0; i&lt;rows.length; i++) { if(rows[i].innerText.includes(title)) { var cb = rows[i].querySelector('input[type="checkbox"]'); if(cb) { cb.checked = true; cb.dispatchEvent(new Event('change')); } } }</arg>
<doc>Returns the given values which can then be assigned to a variables.</doc>
<status status="PASS" start="2026-06-09T18:39:44.838742" elapsed="0.007014"/>
</kw>
<kw name="Execute Javascript" owner="SeleniumLibrary">
<msg time="2026-06-09T18:39:44.853445" level="INFO">Executing JavaScript:
var title = "Advanced Underwater Photography"; var rows = document.querySelectorAll('tr'); for(var i=0; i&lt;rows.length; i++) { if(rows[i].innerText.includes(title)) { var cb = rows[i].querySelector('input[type="checkbox"]'); if(cb) { cb.checked = true; cb.dispatchEvent(new Event('change')); } } }
Without any arguments.</msg>
<arg>${js_code}</arg>
<doc>Executes the given JavaScript code with possible arguments.</doc>
<status status="PASS" start="2026-06-09T18:39:44.849788" elapsed="0.059430"/>
</kw>
<arg>Advanced Underwater Photography</arg>
<status status="PASS" start="2026-06-09T18:39:44.836852" elapsed="0.072745"/>
</kw>
<kw name="Sleep" owner="BuiltIn">
<msg time="2026-06-09T18:39:45.411445" level="INFO">Slept 500 milliseconds.</msg>
<arg>0.5s</arg>
<doc>Pauses the test executed for the given time.</doc>
<status status="PASS" start="2026-06-09T18:39:44.910226" elapsed="0.501376"/>
</kw>
<kw name="Scroll Element Into View" owner="SeleniumLibrary">
<arg>id=btn_add_basket</arg>
<doc>Scrolls the element identified by ``locator`` into view.</doc>
<status status="PASS" start="2026-06-09T18:39:45.411828" elapsed="0.299493"/>
</kw>
<kw name="Sleep" owner="BuiltIn">
<msg time="2026-06-09T18:39:46.212963" level="INFO">Slept 500 milliseconds.</msg>
<arg>0.5s</arg>
<doc>Pauses the test executed for the given time.</doc>
<status status="PASS" start="2026-06-09T18:39:45.711520" elapsed="0.501618"/>
</kw>
<kw name="Safe Click">
<kw name="Wait Until Page Contains Element" owner="SeleniumLibrary">
<arg>${locator}</arg>
<arg>timeout=5s</arg>
<doc>Waits until the element ``locator`` appears on the current page.</doc>
<status status="PASS" start="2026-06-09T18:39:46.215027" elapsed="0.019018"/>
</kw>
<kw name="Get WebElement" owner="SeleniumLibrary">
<msg time="2026-06-09T18:39:46.258437" level="INFO">${element} = &lt;selenium.webdriver.remote.webelement.WebElement (session="4177cce5a082155ad51834110732da33", element="f.FD889CE87E10059AE03ACECB28CE8F19.d.F69866E04BE08FC58B0387973D542574.e.1581")&gt;</msg>
<var>${element}</var>
<arg>${locator}</arg>
<doc>Returns the first WebElement matching the given ``locator``.</doc>
<status status="PASS" start="2026-06-09T18:39:46.234668" elapsed="0.024008"/>
</kw>
<kw name="Execute Javascript" owner="SeleniumLibrary">
<msg time="2026-06-09T18:39:46.261757" level="INFO">Executing JavaScript:
arguments[0].click();
By using argument:
'&lt;selenium.webdriver.remote.webelement.WebElement (session="4177cce5a082155ad51834110732da33", element="f.FD889CE87E10059AE03ACECB28CE8F19.d.F69866E04BE08FC58B0387973D542574.e.1581")&gt;'</msg>
<arg>arguments[0].click();</arg>
<arg>ARGUMENTS</arg>
<arg>${element}</arg>
<doc>Executes the given JavaScript code with possible arguments.</doc>
<status status="PASS" start="2026-06-09T18:39:46.259503" elapsed="0.030823"/>
</kw>
<kw name="Sleep" owner="BuiltIn">
<msg time="2026-06-09T18:39:47.293582" level="INFO">Slept 1 second.</msg>
<arg>1s</arg>
<doc>Pauses the test executed for the given time.</doc>
<status status="PASS" start="2026-06-09T18:39:46.291211" elapsed="1.002479"/>
</kw>
<arg>id=btn_add_basket</arg>
<status status="PASS" start="2026-06-09T18:39:46.213565" elapsed="1.080204"/>
</kw>
<kw name="Sleep" owner="BuiltIn">
<msg time="2026-06-09T18:39:49.294490" level="INFO">Slept 2 seconds.</msg>
<arg>2s</arg>
<doc>Pauses the test executed for the given time.</doc>
<status status="PASS" start="2026-06-09T18:39:47.293870" elapsed="2.000810"/>
</kw>
<kw name="Close Modal Popup">
<kw name="Sleep" owner="BuiltIn">
<msg time="2026-06-09T18:39:50.295545" level="INFO">Slept 1 second.</msg>
<arg>1s</arg>
<doc>Pauses the test executed for the given time.</doc>
<status status="PASS" start="2026-06-09T18:39:49.295078" elapsed="1.000715"/>
</kw>
<kw name="Run Keyword And Ignore Error" owner="BuiltIn">
<kw name="Safe Click">
<kw name="Wait Until Page Contains Element" owner="SeleniumLibrary">
<arg>${locator}</arg>
<arg>timeout=5s</arg>
<doc>Waits until the element ``locator`` appears on the current page.</doc>
<status status="PASS" start="2026-06-09T18:39:50.301803" elapsed="0.007473"/>
</kw>
<kw name="Get WebElement" owner="SeleniumLibrary">
<msg time="2026-06-09T18:39:50.316641" level="INFO">${element} = &lt;selenium.webdriver.remote.webelement.WebElement (session="4177cce5a082155ad51834110732da33", element="f.FD889CE87E10059AE03ACECB28CE8F19.d.F69866E04BE08FC58B0387973D542574.e.1764")&gt;</msg>
<var>${element}</var>
<arg>${locator}</arg>
<doc>Returns the first WebElement matching the given ``locator``.</doc>
<status status="PASS" start="2026-06-09T18:39:50.309494" elapsed="0.007186"/>
</kw>
<kw name="Execute Javascript" owner="SeleniumLibrary">
<msg time="2026-06-09T18:39:50.317411" level="INFO">Executing JavaScript:
arguments[0].click();
By using argument:
'&lt;selenium.webdriver.remote.webelement.WebElement (session="4177cce5a082155ad51834110732da33", element="f.FD889CE87E10059AE03ACECB28CE8F19.d.F69866E04BE08FC58B0387973D542574.e.1764")&gt;'</msg>
<arg>arguments[0].click();</arg>
<arg>ARGUMENTS</arg>
<arg>${element}</arg>
<doc>Executes the given JavaScript code with possible arguments.</doc>
<status status="PASS" start="2026-06-09T18:39:50.316873" elapsed="0.009114"/>
</kw>
<kw name="Sleep" owner="BuiltIn">
<msg time="2026-06-09T18:39:51.327713" level="INFO">Slept 1 second.</msg>
<arg>1s</arg>
<doc>Pauses the test executed for the given time.</doc>
<status status="PASS" start="2026-06-09T18:39:50.326329" elapsed="1.001655"/>
</kw>
<arg>xpath=//div[contains(@class,'modal-header') and contains(@style,'display: block')]//button[@class='close']</arg>
<status status="PASS" start="2026-06-09T18:39:50.300597" elapsed="1.027644"/>
</kw>
<arg>Safe Click</arg>
<arg>xpath=//div[contains(@class,'modal-header') and contains(@style,'display: block')]//button[@class='close']</arg>
<doc>Runs the given keyword with the given arguments and ignores possible error.</doc>
<status status="PASS" start="2026-06-09T18:39:50.296138" elapsed="1.032278"/>
</kw>
<kw name="Run Keyword And Ignore Error" owner="BuiltIn">
<kw name="Execute Javascript" owner="SeleniumLibrary">
<msg time="2026-06-09T18:39:51.331200" level="INFO">Executing JavaScript:
var xs = document.querySelectorAll('button.close, span[aria-hidden="true"]'); for(let i=0; i&lt;xs.length; i++) { if(xs[i].innerText.includes('×') &amp;&amp; xs[i].offsetWidth &gt; 0) { xs[i].click(); break; } }
Without any arguments.</msg>
<arg>var xs = document.querySelectorAll('button.close, span[aria-hidden="true"]'); for(let i=0; i&lt;xs.length; i++) { if(xs[i].innerText.includes('×') &amp;&amp; xs[i].offsetWidth &gt; 0) { xs[i].click(); break; } }</arg>
<doc>Executes the given JavaScript code with possible arguments.</doc>
<status status="PASS" start="2026-06-09T18:39:51.329972" elapsed="0.010823"/>
</kw>
<arg>Execute Javascript</arg>
<arg>var xs = document.querySelectorAll('button.close, span[aria-hidden="true"]'); for(let i=0; i&lt;xs.length; i++) { if(xs[i].innerText.includes('×') &amp;&amp; xs[i].offsetWidth &gt; 0) { xs[i].click(); break; } }</arg>
<doc>Runs the given keyword with the given arguments and ignores possible error.</doc>
<status status="PASS" start="2026-06-09T18:39:51.328864" elapsed="0.012122"/>
</kw>
<kw name="Sleep" owner="BuiltIn">
<msg time="2026-06-09T18:39:52.342297" level="INFO">Slept 1 second.</msg>
<arg>1s</arg>
<doc>Pauses the test executed for the given time.</doc>
<status status="PASS" start="2026-06-09T18:39:51.341240" elapsed="1.001216"/>
</kw>
<kw name="Run Keyword And Ignore Error" owner="BuiltIn">
<kw name="Handle Alert" owner="SeleniumLibrary">
<msg time="2026-06-09T18:39:52.343407" level="INFO">HANDLE::&lt;class 'datetime.timedelta'&gt;::0:00:01</msg>
<msg time="2026-06-09T18:39:53.754372" level="INFO" html="true">&lt;/td&gt;&lt;/tr&gt;&lt;tr&gt;&lt;td colspan="3"&gt;&lt;a href="selenium-screenshot-751.png"&gt;&lt;img src="selenium-screenshot-751.png" width="800px"&gt;&lt;/a&gt;</msg>
<msg time="2026-06-09T18:39:53.754903" level="FAIL">Alert not found in 1 second.</msg>
<arg>action=ACCEPT</arg>
<arg>timeout=1s</arg>
<doc>Handles the current alert and returns its message.</doc>
<status status="FAIL" start="2026-06-09T18:39:52.343155" elapsed="1.415120">Alert not found in 1 second.</status>
</kw>
<arg>Handle Alert</arg>
<arg>action=ACCEPT</arg>
<arg>timeout=1s</arg>
<doc>Runs the given keyword with the given arguments and ignores possible error.</doc>
<status status="PASS" start="2026-06-09T18:39:52.342676" elapsed="1.415855"/>
</kw>
<status status="PASS" start="2026-06-09T18:39:49.294861" elapsed="4.463872"/>
</kw>
<kw name="Go To" owner="SeleniumLibrary">
<msg time="2026-06-09T18:39:53.759394" level="INFO">Opening url 'https://trial.uc.ac.id/home'</msg>
<arg>${HOME_URL}</arg>
<doc>Navigates the current browser window to the provided ``url``.</doc>
<status status="PASS" start="2026-06-09T18:39:53.759005" elapsed="1.095630"/>
</kw>
<kw name="Sleep" owner="BuiltIn">
<msg time="2026-06-09T18:39:56.855986" level="INFO">Slept 2 seconds.</msg>
<arg>2s</arg>
<doc>Pauses the test executed for the given time.</doc>
<status status="PASS" start="2026-06-09T18:39:54.854921" elapsed="2.001256"/>
</kw>
<kw name="Safe Click">
<kw name="Wait Until Page Contains Element" owner="SeleniumLibrary">
<arg>${locator}</arg>
<arg>timeout=5s</arg>
<doc>Waits until the element ``locator`` appears on the current page.</doc>
<status status="PASS" start="2026-06-09T18:39:56.857022" elapsed="0.009439"/>
</kw>
<kw name="Get WebElement" owner="SeleniumLibrary">
<msg time="2026-06-09T18:39:56.871947" level="INFO">${element} = &lt;selenium.webdriver.remote.webelement.WebElement (session="4177cce5a082155ad51834110732da33", element="f.FD889CE87E10059AE03ACECB28CE8F19.d.2E53A05EC16D3705BAC17352E582FD8E.e.1827")&gt;</msg>
<var>${element}</var>
<arg>${locator}</arg>
<doc>Returns the first WebElement matching the given ``locator``.</doc>
<status status="PASS" start="2026-06-09T18:39:56.866646" elapsed="0.005346"/>
</kw>
<kw name="Execute Javascript" owner="SeleniumLibrary">
<msg time="2026-06-09T18:39:56.872527" level="INFO">Executing JavaScript:
arguments[0].click();
By using argument:
[...]
</kw>
<arg>id=btn_booking</arg>
<status status="PASS" start="2026-06-09T18:44:31.439646" elapsed="1.121481"/>
</kw>
<kw name="Wait Until Element Is Visible" owner="SeleniumLibrary">
<arg>id=alamat</arg>
<arg>timeout=5s</arg>
<doc>Waits until the element ``locator`` is visible.</doc>
<status status="PASS" start="2026-06-09T18:44:32.561361" elapsed="0.063568"/>
</kw>
<kw name="Sleep" owner="BuiltIn">
<msg time="2026-06-09T18:44:33.628404" level="INFO">Slept 1 second.</msg>
<arg>1s</arg>
<doc>Pauses the test executed for the given time.</doc>
<status status="PASS" start="2026-06-09T18:44:32.625529" elapsed="1.003060"/>
</kw>
<kw name="Clear Element Text" owner="SeleniumLibrary">
<arg>id=alamat</arg>
<doc>Clears the value of the text-input-element identified by ``locator``.</doc>
<status status="PASS" start="2026-06-09T18:44:33.628859" elapsed="0.053277"/>
</kw>
<kw name="Sleep" owner="BuiltIn">
<msg time="2026-06-09T18:44:34.684002" level="INFO">Slept 1 second.</msg>
<arg>1s</arg>
<doc>Pauses the test executed for the given time.</doc>
<status status="PASS" start="2026-06-09T18:44:33.682394" elapsed="1.001945"/>
</kw>
<kw name="Clear Element Text" owner="SeleniumLibrary">
<arg>id=no_telepon</arg>
<doc>Clears the value of the text-input-element identified by ``locator``.</doc>
<status status="PASS" start="2026-06-09T18:44:34.684766" elapsed="0.085454"/>
</kw>
<kw name="Sleep" owner="BuiltIn">
<msg time="2026-06-09T18:44:35.771841" level="INFO">Slept 1 second.</msg>
<arg>1s</arg>
<doc>Pauses the test executed for the given time.</doc>
<status status="PASS" start="2026-06-09T18:44:34.770600" elapsed="1.001566"/>
</kw>
<kw name="Force Close Modal">
<kw name="Execute Javascript" owner="SeleniumLibrary">
<msg time="2026-06-09T18:44:35.774861" level="INFO">Executing JavaScript:
$('.modal').modal('hide'); $('.modal-backdrop').remove(); $('body').removeClass('modal-open');
Without any arguments.</msg>
<arg>$('.modal').modal('hide'); $('.modal-backdrop').remove(); $('body').removeClass('modal-open');</arg>
<doc>Executes the given JavaScript code with possible arguments.</doc>
<status status="PASS" start="2026-06-09T18:44:35.773681" elapsed="0.033709"/>
</kw>
<kw name="Sleep" owner="BuiltIn">
<msg time="2026-06-09T18:44:36.808767" level="INFO">Slept 1 second.</msg>
<arg>1s</arg>
<doc>Pauses the test executed for the given time.</doc>
<status status="PASS" start="2026-06-09T18:44:35.807677" elapsed="1.001316"/>
</kw>
<status status="PASS" start="2026-06-09T18:44:35.772823" elapsed="1.036394"/>
</kw>
<kw name="Scroll Element Into View" owner="SeleniumLibrary">
<arg>id=btn_booking</arg>
<doc>Scrolls the element identified by ``locator`` into view.</doc>
<status status="PASS" start="2026-06-09T18:44:36.809525" elapsed="0.306119"/>
</kw>
<kw name="Sleep" owner="BuiltIn">
<msg time="2026-06-09T18:44:38.117379" level="INFO">Slept 1 second.</msg>
<arg>1s</arg>
<doc>Pauses the test executed for the given time.</doc>
<status status="PASS" start="2026-06-09T18:44:37.116123" elapsed="1.001407"/>
</kw>
<kw name="Safe Click">
<kw name="Wait Until Page Contains Element" owner="SeleniumLibrary">
<arg>${locator}</arg>
<arg>timeout=5s</arg>
<doc>Waits until the element ``locator`` appears on the current page.</doc>
<status status="PASS" start="2026-06-09T18:44:38.118219" elapsed="0.013514"/>
</kw>
<kw name="Get WebElement" owner="SeleniumLibrary">
<msg time="2026-06-09T18:44:38.141501" level="INFO">${element} = &lt;selenium.webdriver.remote.webelement.WebElement (session="4177cce5a082155ad51834110732da33", element="f.89E6F7BEDA942ACCFE646FF5266BF9AE.d.49A93284E695F13713C6A29F5C6D4034.e.5872")&gt;</msg>
<var>${element}</var>
<arg>${locator}</arg>
<doc>Returns the first WebElement matching the given ``locator``.</doc>
<status status="PASS" start="2026-06-09T18:44:38.131977" elapsed="0.009592"/>
</kw>
<kw name="Execute Javascript" owner="SeleniumLibrary">
<msg time="2026-06-09T18:44:38.142366" level="INFO">Executing JavaScript:
arguments[0].click();
By using argument:
'&lt;selenium.webdriver.remote.webelement.WebElement (session="4177cce5a082155ad51834110732da33", element="f.89E6F7BEDA942ACCFE646FF5266BF9AE.d.49A93284E695F13713C6A29F5C6D4034.e.5872")&gt;'</msg>
<arg>arguments[0].click();</arg>
<arg>ARGUMENTS</arg>
<arg>${element}</arg>
<doc>Executes the given JavaScript code with possible arguments.</doc>
<status status="PASS" start="2026-06-09T18:44:38.141784" elapsed="0.011998"/>
</kw>
<kw name="Sleep" owner="BuiltIn">
<msg time="2026-06-09T18:44:39.155974" level="INFO">Slept 1 second.</msg>
<arg>1s</arg>
<doc>Pauses the test executed for the given time.</doc>
<status status="PASS" start="2026-06-09T18:44:38.154097" elapsed="1.002064"/>
</kw>
<arg>id=btn_booking</arg>
<status status="PASS" start="2026-06-09T18:44:38.117813" elapsed="1.038512"/>
</kw>
<kw name="Sleep" owner="BuiltIn">
<msg time="2026-06-09T18:44:41.163339" level="INFO">Slept 2 seconds.</msg>
<arg>2s</arg>
<doc>Pauses the test executed for the given time.</doc>
<status status="PASS" start="2026-06-09T18:44:39.156530" elapsed="2.006983"/>
</kw>
<kw name="Input Text" owner="SeleniumLibrary">
<msg time="2026-06-09T18:44:41.164089" level="INFO">Typing text 'Citraland Surabaya' into text field 'id=alamat'.</msg>
<arg>id=alamat</arg>
<arg>Citraland Surabaya</arg>
<doc>Types the given ``text`` into the text field identified by ``locator``.</doc>
<status status="PASS" start="2026-06-09T18:44:41.163762" elapsed="0.180328"/>
</kw>
<kw name="Input Text" owner="SeleniumLibrary">
<msg time="2026-06-09T18:44:41.345542" level="INFO">Typing text '081234567890' into text field 'id=no_telepon'.</msg>
<arg>id=no_telepon</arg>
<arg>081234567890</arg>
<doc>Types the given ``text`` into the text field identified by ``locator``.</doc>
<status status="PASS" start="2026-06-09T18:44:41.344633" elapsed="0.393492"/>
</kw>
<kw name="Sleep" owner="BuiltIn">
<msg time="2026-06-09T18:44:42.739304" level="INFO">Slept 1 second.</msg>
<arg>1s</arg>
<doc>Pauses the test executed for the given time.</doc>
<status status="PASS" start="2026-06-09T18:44:41.738450" elapsed="1.001095"/>
</kw>
<kw name="Safe Click">
<kw name="Wait Until Page Contains Element" owner="SeleniumLibrary">
<arg>${locator}</arg>
<arg>timeout=5s</arg>
<doc>Waits until the element ``locator`` appears on the current page.</doc>
<status status="PASS" start="2026-06-09T18:44:42.740625" elapsed="0.014128"/>
</kw>
<kw name="Get WebElement" owner="SeleniumLibrary">
<msg time="2026-06-09T18:44:42.765999" level="INFO">${element} = &lt;selenium.webdriver.remote.webelement.WebElement (session="4177cce5a082155ad51834110732da33", element="f.89E6F7BEDA942ACCFE646FF5266BF9AE.d.49A93284E695F13713C6A29F5C6D4034.e.5882")&gt;</msg>
<var>${element}</var>
<arg>${locator}</arg>
<doc>Returns the first WebElement matching the given ``locator``.</doc>
<status status="PASS" start="2026-06-09T18:44:42.755157" elapsed="0.010922"/>
</kw>
<kw name="Execute Javascript" owner="SeleniumLibrary">
<msg time="2026-06-09T18:44:42.767025" level="INFO">Executing JavaScript:
arguments[0].click();
By using argument:
'&lt;selenium.webdriver.remote.webelement.WebElement (session="4177cce5a082155ad51834110732da33", element="f.89E6F7BEDA942ACCFE646FF5266BF9AE.d.49A93284E695F13713C6A29F5C6D4034.e.5882")&gt;'</msg>
<arg>arguments[0].click();</arg>
<arg>ARGUMENTS</arg>
<arg>${element}</arg>
<doc>Executes the given JavaScript code with possible arguments.</doc>
<status status="PASS" start="2026-06-09T18:44:42.766330" elapsed="0.015880"/>
</kw>
<kw name="Sleep" owner="BuiltIn">
<msg time="2026-06-09T18:44:43.784303" level="INFO">Slept 1 second.</msg>
<arg>1s</arg>
<doc>Pauses the test executed for the given time.</doc>
<status status="PASS" start="2026-06-09T18:44:42.782610" elapsed="1.001989"/>
</kw>
<arg>id=btn_submit</arg>
<status status="PASS" start="2026-06-09T18:44:42.739989" elapsed="1.044898"/>
</kw>
<kw name="Sleep" owner="BuiltIn">
<msg time="2026-06-09T18:44:46.786742" level="INFO">Slept 3 seconds.</msg>
<arg>3s</arg>
<doc>Pauses the test executed for the given time.</doc>
<status status="PASS" start="2026-06-09T18:44:43.785301" elapsed="3.001757"/>
</kw>
<kw name="Force Close Modal">
<kw name="Execute Javascript" owner="SeleniumLibrary">
<msg time="2026-06-09T18:44:46.790155" level="INFO">Executing JavaScript:
$('.modal').modal('hide'); $('.modal-backdrop').remove(); $('body').removeClass('modal-open');
Without any arguments.</msg>
<arg>$('.modal').modal('hide'); $('.modal-backdrop').remove(); $('body').removeClass('modal-open');</arg>
<doc>Executes the given JavaScript code with possible arguments.</doc>
<status status="PASS" start="2026-06-09T18:44:46.788811" elapsed="0.021310"/>
</kw>
<kw name="Sleep" owner="BuiltIn">
<msg time="2026-06-09T18:44:47.813428" level="INFO">Slept 1 second.</msg>
<arg>1s</arg>
<doc>Pauses the test executed for the given time.</doc>
<status status="PASS" start="2026-06-09T18:44:46.810883" elapsed="1.002665"/>
</kw>
<status status="PASS" start="2026-06-09T18:44:46.787869" elapsed="1.025770"/>
</kw>
<kw name="Safe Click">
<kw name="Wait Until Page Contains Element" owner="SeleniumLibrary">
<arg>${locator}</arg>
<arg>timeout=5s</arg>
<doc>Waits until the element ``locator`` appears on the current page.</doc>
<status status="PASS" start="2026-06-09T18:44:47.814194" elapsed="0.006421"/>
</kw>
<kw name="Get WebElement" owner="SeleniumLibrary">
<msg time="2026-06-09T18:44:47.824914" level="INFO">${element} = &lt;selenium.webdriver.remote.webelement.WebElement (session="4177cce5a082155ad51834110732da33", element="f.89E6F7BEDA942ACCFE646FF5266BF9AE.d.D0DE4AD10FBBBA8404AB9AC82692E362.e.5962")&gt;</msg>
<var>${element}</var>
<arg>${locator}</arg>
<doc>Returns the first WebElement matching the given ``locator``.</doc>
<status status="PASS" start="2026-06-09T18:44:47.820792" elapsed="0.004160"/>
</kw>
<kw name="Execute Javascript" owner="SeleniumLibrary">
<msg time="2026-06-09T18:44:47.825435" level="INFO">Executing JavaScript:
arguments[0].click();
By using argument:
'&lt;selenium.webdriver.remote.webelement.WebElement (session="4177cce5a082155ad51834110732da33", element="f.89E6F7BEDA942ACCFE646FF5266BF9AE.d.D0DE4AD10FBBBA8404AB9AC82692E362.e.5962")&gt;'</msg>
<arg>arguments[0].click();</arg>
<arg>ARGUMENTS</arg>
<arg>${element}</arg>
<doc>Executes the given JavaScript code with possible arguments.</doc>
<status status="PASS" start="2026-06-09T18:44:47.825099" elapsed="0.006948"/>
</kw>
<kw name="Sleep" owner="BuiltIn">
<msg time="2026-06-09T18:44:48.835731" level="INFO">Slept 1 second.</msg>
<arg>1s</arg>
<doc>Pauses the test executed for the given time.</doc>
<status status="PASS" start="2026-06-09T18:44:47.832438" elapsed="1.003462"/>
</kw>
<arg>id=btn_booking</arg>
<status status="PASS" start="2026-06-09T18:44:47.813828" elapsed="1.022227"/>
</kw>
<kw name="Sleep" owner="BuiltIn">
<msg time="2026-06-09T18:44:50.837221" level="INFO">Slept 2 seconds.</msg>
<arg>2s</arg>
<doc>Pauses the test executed for the given time.</doc>
<status status="PASS" start="2026-06-09T18:44:48.836246" elapsed="2.001222"/>
</kw>
<doc>Klik Online Booking pada daftar yang berisi lebih dari limit batas.</doc>
<status status="PASS" start="2026-06-09T18:44:00.861098" elapsed="49.976723"/>
</test>
<test id="s1-t18" name="TC-5.01 &amp; TC-5.02: Akses History &amp; Pengujian Filter Kolom Search" line="644">
<kw name="Scroll Element Into View" owner="SeleniumLibrary">
<arg>id=btn_view_history</arg>
<doc>Scrolls the element identified by ``locator`` into view.</doc>
<status status="PASS" start="2026-06-09T18:44:50.839560" elapsed="0.296549"/>
</kw>
<kw name="Safe Click">
<kw name="Wait Until Page Contains Element" owner="SeleniumLibrary">
<arg>${locator}</arg>
<arg>timeout=5s</arg>
<doc>Waits until the element ``locator`` appears on the current page.</doc>
<status status="PASS" start="2026-06-09T18:44:51.137773" elapsed="0.046879"/>
</kw>
<kw name="Get WebElement" owner="SeleniumLibrary">
<msg time="2026-06-09T18:44:51.214734" level="INFO">${element} = &lt;selenium.webdriver.remote.webelement.WebElement (session="4177cce5a082155ad51834110732da33", element="f.89E6F7BEDA942ACCFE646FF5266BF9AE.d.D0DE4AD10FBBBA8404AB9AC82692E362.e.5966")&gt;</msg>
<var>${element}</var>
<arg>${locator}</arg>
<doc>Returns the first WebElement matching the given ``locator``.</doc>
<status status="PASS" start="2026-06-09T18:44:51.185243" elapsed="0.029631"/>
</kw>
<kw name="Execute Javascript" owner="SeleniumLibrary">
<msg time="2026-06-09T18:44:51.218110" level="INFO">Executing JavaScript:
arguments[0].click();
By using argument:
'&lt;selenium.webdriver.remote.webelement.WebElement (session="4177cce5a082155ad51834110732da33", element="f.89E6F7BEDA942ACCFE646FF5266BF9AE.d.D0DE4AD10FBBBA8404AB9AC82692E362.e.5966")&gt;'</msg>
<arg>arguments[0].click();</arg>
<arg>ARGUMENTS</arg>
<arg>${element}</arg>
<doc>Executes the given JavaScript code with possible arguments.</doc>
<status status="PASS" start="2026-06-09T18:44:51.215305" elapsed="0.025782"/>
</kw>
<kw name="Sleep" owner="BuiltIn">
<msg time="2026-06-09T18:44:52.242532" level="INFO">Slept 1 second.</msg>
<arg>1s</arg>
<doc>Pauses the test executed for the given time.</doc>
<status status="PASS" start="2026-06-09T18:44:51.241450" elapsed="1.001264"/>
</kw>
<arg>id=btn_view_history</arg>
<status status="PASS" start="2026-06-09T18:44:51.136770" elapsed="1.106094"/>
</kw>
<kw name="Wait Until Page Contains" owner="SeleniumLibrary">
<arg>Online Booking Data</arg>
<arg>timeout=5s</arg>
<doc>Waits until ``text`` appears on the current page.</doc>
<status status="PASS" start="2026-06-09T18:44:52.243064" elapsed="0.035687"/>
</kw>
<kw name="Sleep" owner="BuiltIn">
<msg time="2026-06-09T18:44:54.280483" level="INFO">Slept 2 seconds.</msg>
<arg>2s</arg>
<doc>Pauses the test executed for the given time.</doc>
<status status="PASS" start="2026-06-09T18:44:52.279147" elapsed="2.001541"/>
</kw>
<kw name="Wait Until Element Is Visible" owner="SeleniumLibrary">
<arg>xpath=//div[@id='tbl_view_history_filter']//input</arg>
<arg>timeout=5s</arg>
<doc>Waits until the element ``locator`` is visible.</doc>
<status status="PASS" start="2026-06-09T18:44:54.281017" elapsed="0.050119"/>
</kw>
<kw name="Input Text" owner="SeleniumLibrary">
<msg time="2026-06-09T18:44:54.331890" level="INFO">Typing text 'CommitIT' into text field 'xpath=//div[@id='tbl_view_history_filter']//input'.</msg>
<arg>xpath=//div[@id='tbl_view_history_filter']//input</arg>
<arg>CommitIT</arg>
<doc>Types the given ``text`` into the text field identified by ``locator``.</doc>
<status status="PASS" start="2026-06-09T18:44:54.331500" elapsed="0.251841"/>
</kw>
<kw name="Sleep" owner="BuiltIn">
<msg time="2026-06-09T18:44:56.585664" level="INFO">Slept 2 seconds.</msg>
<arg>2s</arg>
<doc>Pauses the test executed for the given time.</doc>
<status status="PASS" start="2026-06-09T18:44:54.584165" elapsed="2.001661"/>
</kw>
<kw name="Page Should Contain" owner="SeleniumLibrary">
<msg time="2026-06-09T18:44:56.622348" level="INFO">Current page contains text 'Showing 0 to 0 of 0'.</msg>
<arg>Showing 0 to 0 of 0</arg>
<doc>Verifies that current page contains ``text``.</doc>
<status status="PASS" start="2026-06-09T18:44:56.586133" elapsed="0.036490"/>
</kw>
<kw name="Force Close Modal">
<kw name="Execute Javascript" owner="SeleniumLibrary">
<msg time="2026-06-09T18:44:56.624983" level="INFO">Executing JavaScript:
$('.modal').modal('hide'); $('.modal-backdrop').remove(); $('body').removeClass('modal-open');
Without any arguments.</msg>
<arg>$('.modal').modal('hide'); $('.modal-backdrop').remove(); $('body').removeClass('modal-open');</arg>
<doc>Executes the given JavaScript code with possible arguments.</doc>
<status status="PASS" start="2026-06-09T18:44:56.623972" elapsed="0.024764"/>
</kw>
<kw name="Sleep" owner="BuiltIn">
<msg time="2026-06-09T18:44:57.652392" level="INFO">Slept 1 second.</msg>
<arg>1s</arg>
<doc>Pauses the test executed for the given time.</doc>
<status status="PASS" start="2026-06-09T18:44:56.649319" elapsed="1.003302"/>
</kw>
<status status="PASS" start="2026-06-09T18:44:56.623245" elapsed="1.029613"/>
</kw>
<doc>Buka Online Booking History dan lakukan pencarian keyword.</doc>
<status status="PASS" start="2026-06-09T18:44:50.838455" elapsed="6.814690"/>
</test>
<test id="s1-t19" name="TC-5.03: Manipulasi Kolom Navigasi dan Pembersihan Elemen Loan Data" line="661">
<kw name="Remove From Loan Data">
<kw name="Scroll Element Into View" owner="SeleniumLibrary">
<msg time="2026-06-09T18:44:57.960953" level="INFO" html="true">&lt;/td&gt;&lt;/tr&gt;&lt;tr&gt;&lt;td colspan="3"&gt;&lt;a href="selenium-screenshot-761.png"&gt;&lt;img src="selenium-screenshot-761.png" width="800px"&gt;&lt;/a&gt;</msg>
<msg time="2026-06-09T18:44:57.961284" level="FAIL">Element with locator 'xpath=//tbody[@id='grid_data_body_circulation']//tr[contains(., "CommitIT")]' not found.</msg>
<arg>xpath=//tbody[@id='grid_data_body_circulation']//tr[contains(., "${title}")]</arg>
<doc>Scrolls the element identified by ``locator`` into view.</doc>
<status status="FAIL" start="2026-06-09T18:44:57.655504" elapsed="0.320440">Element with locator 'xpath=//tbody[@id='grid_data_body_circulation']//tr[contains(., "CommitIT")]' not found.</status>
</kw>
<kw name="Sleep" owner="BuiltIn">
<arg>0.5s</arg>
<doc>Pauses the test executed for the given time.</doc>
<status status="NOT RUN" start="2026-06-09T18:44:57.976417" elapsed="0.000065"/>
</kw>
<kw name="Set Variable" owner="BuiltIn">
<var>${js_code}</var>
<arg>var title = "${title}"; var rows = document.querySelectorAll('#grid_data_body_circulation tr'); for(var i=0; i&lt;rows.length; i++) { if(rows[i].innerText.includes(title)) { var btn = rows[i].querySelector('button.btn-red, button.btn-danger'); if(btn) { btn.click(); } } }</arg>
<doc>Returns the given values which can then be assigned to a variables.</doc>
<status status="NOT RUN" start="2026-06-09T18:44:57.976720" elapsed="0.000057"/>
</kw>
<kw name="Execute Javascript" owner="SeleniumLibrary">
<arg>${js_code}</arg>
<doc>Executes the given JavaScript code with possible arguments.</doc>
<status status="NOT RUN" start="2026-06-09T18:44:57.977076" elapsed="0.000075"/>
</kw>
<kw name="Sleep" owner="BuiltIn">
<arg>1s</arg>
<doc>Pauses the test executed for the given time.</doc>
<status status="NOT RUN" start="2026-06-09T18:44:57.977378" elapsed="0.000068"/>
</kw>
<arg>CommitIT</arg>
<status status="FAIL" start="2026-06-09T18:44:57.654988" elapsed="0.322771">Element with locator 'xpath=//tbody[@id='grid_data_body_circulation']//tr[contains(., "CommitIT")]' not found.</status>
</kw>
<kw name="Sleep" owner="BuiltIn">
<arg>2s</arg>
<doc>Pauses the test executed for the given time.</doc>
<status status="NOT RUN" start="2026-06-09T18:44:57.978012" elapsed="0.000066"/>
</kw>
<doc>Lakukan navigasi dan observasi error alert.</doc>
<status status="FAIL" start="2026-06-09T18:44:57.654051" elapsed="0.325054">Element with locator 'xpath=//tbody[@id='grid_data_body_circulation']//tr[contains(., "CommitIT")]' not found.</status>
</test>
<kw name="Close All Browsers" owner="SeleniumLibrary" type="TEARDOWN">
<doc>Closes all open browsers and resets the browser cache.</doc>
<status status="PASS" start="2026-06-09T18:44:57.988450" elapsed="4.286704"/>
</kw>
<status status="FAIL" start="2026-06-09T18:37:51.133370" elapsed="431.142025"/>
</suite>
<statistics>
<total>
<stat pass="18" fail="1" skip="0">All Tests</stat>
</total>
<tag>
</tag>
<suite>
<stat name="Alp Sqa Full" id="s1" pass="18" fail="1" skip="0">Alp Sqa Full</stat>
</suite>
</statistics>
<errors>
</errors>
</robot>
