<?xml version="1.0" encoding="UTF-8"?>
<robot generator="Robot 7.4.2 (Python 3.11.7 on win32)" generated="2026-06-09T18:49:00.279521" rpa="false" schemaversion="5">
<suite id="s1" name="SQA ALP" source="C:\Users\LENOVO\Documents\KULYAHH\SEM 6\Software Quality Assurance\TRIAL_MYLIBRARY\SQA_ALP.robot">
<kw name="Open Browser And Login" type="SETUP">
<kw name="Open Browser" owner="SeleniumLibrary">
<msg time="2026-06-09T18:49:01.094232" level="INFO">Opening browser 'Chrome' to base url 'https://trial.uc.ac.id/'.</msg>
<arg>${BASE_URL}</arg>
<arg>${BROWSER}</arg>
<doc>Opens a new browser instance to the optional ``url``.</doc>
<status status="PASS" start="2026-06-09T18:49:01.093219" elapsed="12.537973"/>
</kw>
<kw name="Maximize Browser Window" owner="SeleniumLibrary">
<doc>Maximizes current browser window.</doc>
<status status="PASS" start="2026-06-09T18:49:13.631192" elapsed="0.052790"/>
</kw>
<kw name="Wait Until Page Contains Element" owner="SeleniumLibrary">
<arg>${LOC_USER}</arg>
<arg>timeout=15s</arg>
<doc>Waits until the element ``locator`` appears on the current page.</doc>
<status status="PASS" start="2026-06-09T18:49:13.684981" elapsed="0.028784"/>
</kw>
<kw name="Input Text" owner="SeleniumLibrary">
<msg time="2026-06-09T18:49:13.714765" level="INFO">Typing text 'User' into text field 'name=username'.</msg>
<arg>${LOC_USER}</arg>
<arg>${USERNAME}</arg>
<doc>Types the given ``text`` into the text field identified by ``locator``.</doc>
<status status="PASS" start="2026-06-09T18:49:13.713765" elapsed="0.215803"/>
</kw>
<kw name="Sleep" owner="BuiltIn">
<msg time="2026-06-09T18:49:14.931350" level="INFO">Slept 1 second.</msg>
<arg>1s</arg>
<doc>Pauses the test executed for the given time.</doc>
<status status="PASS" start="2026-06-09T18:49:13.929568" elapsed="1.001782"/>
</kw>
<kw name="Input Password" owner="SeleniumLibrary">
<msg time="2026-06-09T18:49:14.932362" level="INFO">Typing password into text field 'name=password'.</msg>
<msg time="2026-06-09T18:49:14.996884" level="INFO">Temporally setting log level to: NONE</msg>
<arg>${LOC_PASS}</arg>
<arg>${PASSWORD}</arg>
<doc>Types the given password into the text field identified by ``locator``.</doc>
<status status="PASS" start="2026-06-09T18:49:14.931350" elapsed="0.171268"/>
</kw>
<kw name="Sleep" owner="BuiltIn">
<msg time="2026-06-09T18:49:16.103977" level="INFO">Slept 1 second.</msg>
<arg>1s</arg>
<doc>Pauses the test executed for the given time.</doc>
<status status="PASS" start="2026-06-09T18:49:15.102618" elapsed="1.001359"/>
</kw>
<kw name="Safe Click">
<kw name="Wait Until Page Contains Element" owner="SeleniumLibrary">
<arg>${locator}</arg>
<arg>timeout=5s</arg>
<doc>Waits until the element ``locator`` appears on the current page.</doc>
<status status="PASS" start="2026-06-09T18:49:16.105292" elapsed="0.021377"/>
</kw>
<kw name="Get WebElement" owner="SeleniumLibrary">
<msg time="2026-06-09T18:49:16.141210" level="INFO">${element} = &lt;selenium.webdriver.remote.webelement.WebElement (session="eaa4f22fdfc01ef7605984f44a97a142", element="f.079064F510931CE0288E7D5727E61CC8.d.8FE1C16D77FB40B611CF6BFBDE03F1E7.e.19")&gt;</msg>
<var>${element}</var>
<arg>${locator}</arg>
<doc>Returns the first WebElement matching the given ``locator``.</doc>
<status status="PASS" start="2026-06-09T18:49:16.128130" elapsed="0.013080"/>
</kw>
<kw name="Execute Javascript" owner="SeleniumLibrary">
<msg time="2026-06-09T18:49:16.142452" level="INFO">Executing JavaScript:
arguments[0].click();
By using argument:
'&lt;selenium.webdriver.remote.webelement.WebElement (session="eaa4f22fdfc01ef7605984f44a97a142", element="f.079064F510931CE0288E7D5727E61CC8.d.8FE1C16D77FB40B611CF6BFBDE03F1E7.e.19")&gt;'</msg>
<arg>arguments[0].click();</arg>
<arg>ARGUMENTS</arg>
<arg>${element}</arg>
<doc>Executes the given JavaScript code with possible arguments.</doc>
<status status="PASS" start="2026-06-09T18:49:16.141210" elapsed="7.561345"/>
</kw>
<kw name="Sleep" owner="BuiltIn">
<msg time="2026-06-09T18:49:24.704240" level="INFO">Slept 1 second.</msg>
<arg>1s</arg>
<doc>Pauses the test executed for the given time.</doc>
<status status="PASS" start="2026-06-09T18:49:23.702555" elapsed="1.001685"/>
</kw>
<arg>${BTN_LOGIN}</arg>
<status status="PASS" start="2026-06-09T18:49:16.103977" elapsed="8.600785"/>
</kw>
<kw name="Wait Until Page Contains" owner="SeleniumLibrary">
<arg>My Activity</arg>
<arg>timeout=15s</arg>
<doc>Waits until ``text`` appears on the current page.</doc>
<status status="PASS" start="2026-06-09T18:49:24.704762" elapsed="8.221836"/>
</kw>
<status status="PASS" start="2026-06-09T18:49:01.092232" elapsed="31.834366"/>
</kw>
<test id="s1-t1" name="TC-1.01 &amp; TC-1.02: Akses Navigasi Menu Catalog" line="26">
<kw name="Wait Until Page Contains Element" owner="SeleniumLibrary">
<arg>xpath=//button[@data-bs-target='#mainmenu-modal']</arg>
<arg>timeout=10s</arg>
<doc>Waits until the element ``locator`` appears on the current page.</doc>
<status status="PASS" start="2026-06-09T18:49:32.928881" elapsed="0.067068"/>
</kw>
<kw name="Safe Click">
<kw name="Wait Until Page Contains Element" owner="SeleniumLibrary">
<arg>${locator}</arg>
<arg>timeout=5s</arg>
<doc>Waits until the element ``locator`` appears on the current page.</doc>
<status status="PASS" start="2026-06-09T18:49:32.999469" elapsed="0.031789"/>
</kw>
<kw name="Get WebElement" owner="SeleniumLibrary">
<msg time="2026-06-09T18:49:33.051117" level="INFO">${element} = &lt;selenium.webdriver.remote.webelement.WebElement (session="eaa4f22fdfc01ef7605984f44a97a142", element="f.079064F510931CE0288E7D5727E61CC8.d.5FB2F98417E2FC91F340DD4CDC41FF0B.e.234")&gt;</msg>
<var>${element}</var>
<arg>${locator}</arg>
<doc>Returns the first WebElement matching the given ``locator``.</doc>
<status status="PASS" start="2026-06-09T18:49:33.032272" elapsed="0.018845"/>
</kw>
<kw name="Execute Javascript" owner="SeleniumLibrary">
<msg time="2026-06-09T18:49:33.051117" level="INFO">Executing JavaScript:
arguments[0].click();
By using argument:
'&lt;selenium.webdriver.remote.webelement.WebElement (session="eaa4f22fdfc01ef7605984f44a97a142", element="f.079064F510931CE0288E7D5727E61CC8.d.5FB2F98417E2FC91F340DD4CDC41FF0B.e.234")&gt;'</msg>
<arg>arguments[0].click();</arg>
<arg>ARGUMENTS</arg>
<arg>${element}</arg>
<doc>Executes the given JavaScript code with possible arguments.</doc>
<status status="PASS" start="2026-06-09T18:49:33.051117" elapsed="0.033218"/>
</kw>
<kw name="Sleep" owner="BuiltIn">
<msg time="2026-06-09T18:49:34.086742" level="INFO">Slept 1 second.</msg>
<arg>1s</arg>
<doc>Pauses the test executed for the given time.</doc>
<status status="PASS" start="2026-06-09T18:49:33.084335" elapsed="1.002407"/>
</kw>
<arg>xpath=//button[@data-bs-target='#mainmenu-modal']</arg>
<status status="PASS" start="2026-06-09T18:49:32.998948" elapsed="1.088315"/>
</kw>
<kw name="Sleep" owner="BuiltIn">
<msg time="2026-06-09T18:49:35.088798" level="INFO">Slept 1 second.</msg>
<arg>1s</arg>
<doc>Pauses the test executed for the given time.</doc>
<status status="PASS" start="2026-06-09T18:49:34.087263" elapsed="1.001535"/>
</kw>
<kw name="Safe Click">
<kw name="Wait Until Page Contains Element" owner="SeleniumLibrary">
<arg>${locator}</arg>
<arg>timeout=5s</arg>
<doc>Waits until the element ``locator`` appears on the current page.</doc>
<status status="PASS" start="2026-06-09T18:49:35.089821" elapsed="0.024174"/>
</kw>
<kw name="Get WebElement" owner="SeleniumLibrary">
<msg time="2026-06-09T18:49:35.128821" level="INFO">${element} = &lt;selenium.webdriver.remote.webelement.WebElement (session="eaa4f22fdfc01ef7605984f44a97a142", element="f.079064F510931CE0288E7D5727E61CC8.d.5FB2F98417E2FC91F340DD4CDC41FF0B.e.233")&gt;</msg>
<var>${element}</var>
<arg>${locator}</arg>
<doc>Returns the first WebElement matching the given ``locator``.</doc>
<status status="PASS" start="2026-06-09T18:49:35.113995" elapsed="0.014826"/>
</kw>
<kw name="Execute Javascript" owner="SeleniumLibrary">
<msg time="2026-06-09T18:49:35.130280" level="INFO">Executing JavaScript:
arguments[0].click();
By using argument:
'&lt;selenium.webdriver.remote.webelement.WebElement (session="eaa4f22fdfc01ef7605984f44a97a142", element="f.079064F510931CE0288E7D5727E61CC8.d.5FB2F98417E2FC91F340DD4CDC41FF0B.e.233")&gt;'</msg>
<arg>arguments[0].click();</arg>
<arg>ARGUMENTS</arg>
<arg>${element}</arg>
<doc>Executes the given JavaScript code with possible arguments.</doc>
<status status="PASS" start="2026-06-09T18:49:35.130280" elapsed="0.021645"/>
</kw>
<kw name="Sleep" owner="BuiltIn">
<msg time="2026-06-09T18:49:36.153560" level="INFO">Slept 1 second.</msg>
<arg>1s</arg>
<doc>Pauses the test executed for the given time.</doc>
<status status="PASS" start="2026-06-09T18:49:35.151925" elapsed="1.001635"/>
</kw>
<arg>xpath=//a[contains(normalize-space(), 'My Activity')]</arg>
<status status="PASS" start="2026-06-09T18:49:35.089821" elapsed="1.063739"/>
</kw>
<kw name="Sleep" owner="BuiltIn">
<msg time="2026-06-09T18:49:37.156065" level="INFO">Slept 1 second.</msg>
<arg>1s</arg>
<doc>Pauses the test executed for the given time.</doc>
<status status="PASS" start="2026-06-09T18:49:36.154573" elapsed="1.001492"/>
</kw>
<kw name="Safe Click">
<kw name="Wait Until Page Contains Element" owner="SeleniumLibrary">
<arg>${locator}</arg>
<arg>timeout=5s</arg>
<doc>Waits until the element ``locator`` appears on the current page.</doc>
<status status="PASS" start="2026-06-09T18:49:37.157079" elapsed="0.023592"/>
</kw>
<kw name="Get WebElement" owner="SeleniumLibrary">
<msg time="2026-06-09T18:49:37.206679" level="INFO">${element} = &lt;selenium.webdriver.remote.webelement.WebElement (session="eaa4f22fdfc01ef7605984f44a97a142", element="f.079064F510931CE0288E7D5727E61CC8.d.5FB2F98417E2FC91F340DD4CDC41FF0B.e.835")&gt;</msg>
<var>${element}</var>
<arg>${locator}</arg>
<doc>Returns the first WebElement matching the given ``locator``.</doc>
<status status="PASS" start="2026-06-09T18:49:37.180671" elapsed="0.027015"/>
</kw>
<kw name="Execute Javascript" owner="SeleniumLibrary">
<msg time="2026-06-09T18:49:37.208679" level="INFO">Executing JavaScript:
arguments[0].click();
By using argument:
'&lt;selenium.webdriver.remote.webelement.WebElement (session="eaa4f22fdfc01ef7605984f44a97a142", element="f.079064F510931CE0288E7D5727E61CC8.d.5FB2F98417E2FC91F340DD4CDC41FF0B.e.835")&gt;'</msg>
<arg>arguments[0].click();</arg>
<arg>ARGUMENTS</arg>
<arg>${element}</arg>
<doc>Executes the given JavaScript code with possible arguments.</doc>
<status status="PASS" start="2026-06-09T18:49:37.207686" elapsed="1.133728"/>
</kw>
<kw name="Sleep" owner="BuiltIn">
<msg time="2026-06-09T18:49:39.345699" level="INFO">Slept 1 second.</msg>
<arg>1s</arg>
<doc>Pauses the test executed for the given time.</doc>
<status status="PASS" start="2026-06-09T18:49:38.343950" elapsed="1.001749"/>
</kw>
<arg>xpath=//a[contains(normalize-space(), 'Library')]</arg>
<status status="PASS" start="2026-06-09T18:49:37.157079" elapsed="2.189132"/>
</kw>
<kw name="Sleep" owner="BuiltIn">
<msg time="2026-06-09T18:49:40.347937" level="INFO">Slept 1 second.</msg>
<arg>1s</arg>
<doc>Pauses the test executed for the given time.</doc>
<status status="PASS" start="2026-06-09T18:49:39.346211" elapsed="1.001726"/>
</kw>
<kw name="Safe Click">
<kw name="Wait Until Page Contains Element" owner="SeleniumLibrary">
<arg>${locator}</arg>
<arg>timeout=5s</arg>
<doc>Waits until the element ``locator`` appears on the current page.</doc>
<status status="PASS" start="2026-06-09T18:49:40.349598" elapsed="0.021204"/>
</kw>
<kw name="Get WebElement" owner="SeleniumLibrary">
<msg time="2026-06-09T18:49:40.384780" level="INFO">${element} = &lt;selenium.webdriver.remote.webelement.WebElement (session="eaa4f22fdfc01ef7605984f44a97a142", element="f.079064F510931CE0288E7D5727E61CC8.d.3F817BDF66155D01EFA0240A7A8723A6.e.904")&gt;</msg>
<var>${element}</var>
<arg>${locator}</arg>
<doc>Returns the first WebElement matching the given ``locator``.</doc>
<status status="PASS" start="2026-06-09T18:49:40.370802" elapsed="0.013978"/>
</kw>
<kw name="Execute Javascript" owner="SeleniumLibrary">
<msg time="2026-06-09T18:49:40.386208" level="INFO">Executing JavaScript:
arguments[0].click();
By using argument:
'&lt;selenium.webdriver.remote.webelement.WebElement (session="eaa4f22fdfc01ef7605984f44a97a142", element="f.079064F510931CE0288E7D5727E61CC8.d.3F817BDF66155D01EFA0240A7A8723A6.e.904")&gt;'</msg>
<arg>arguments[0].click();</arg>
<arg>ARGUMENTS</arg>
<arg>${element}</arg>
<doc>Executes the given JavaScript code with possible arguments.</doc>
<status status="PASS" start="2026-06-09T18:49:40.386208" elapsed="3.334395"/>
</kw>
<kw name="Sleep" owner="BuiltIn">
<msg time="2026-06-09T18:49:44.721282" level="INFO">Slept 1 second.</msg>
<arg>1s</arg>
<doc>Pauses the test executed for the given time.</doc>
<status status="PASS" start="2026-06-09T18:49:43.720603" elapsed="1.000679"/>
</kw>
<arg>xpath=//a[contains(normalize-space(), 'Online Catalog')]</arg>
<status status="PASS" start="2026-06-09T18:49:40.348508" elapsed="4.372774"/>
</kw>
<kw name="Sleep" owner="BuiltIn">
<msg time="2026-06-09T18:49:47.722939" level="INFO">Slept 3 seconds.</msg>
<arg>3s</arg>
<doc>Pauses the test executed for the given time.</doc>
<status status="PASS" start="2026-06-09T18:49:44.721282" elapsed="3.001657"/>
</kw>
<kw name="Wait Until Page Contains Element" owner="SeleniumLibrary">
<arg>xpath=(//select[contains(@class,'_value')])[1]</arg>
<arg>timeout=10s</arg>
<doc>Waits until the element ``locator`` appears on the current page.</doc>
<status status="PASS" start="2026-06-09T18:49:47.723954" elapsed="0.029795"/>
</kw>
<kw name="Select From List By Label" owner="SeleniumLibrary">
<msg time="2026-06-09T18:49:47.754900" level="INFO">Selecting options from selection list 'xpath=(//select[contains(@class,'_value')])[1]' by label Universitas Ciputra Surabaya.</msg>
<arg>xpath=(//select[contains(@class,'_value')])[1]</arg>
<arg>Universitas Ciputra Surabaya</arg>
<doc>Selects options from selection list ``locator`` by ``labels``.</doc>
<status status="PASS" start="2026-06-09T18:49:47.753749" elapsed="0.187886"/>
</kw>
<kw name="Sleep" owner="BuiltIn">
<msg time="2026-06-09T18:49:48.943493" level="INFO">Slept 1 second.</msg>
<arg>1s</arg>
<doc>Pauses the test executed for the given time.</doc>
<status status="PASS" start="2026-06-09T18:49:47.941635" elapsed="1.001858"/>
</kw>
<kw name="Safe Click">
<kw name="Wait Until Page Contains Element" owner="SeleniumLibrary">
<arg>${locator}</arg>
<arg>timeout=5s</arg>
<doc>Waits until the element ``locator`` appears on the current page.</doc>
<status status="PASS" start="2026-06-09T18:49:48.944990" elapsed="0.021272"/>
</kw>
<kw name="Get WebElement" owner="SeleniumLibrary">
<msg time="2026-06-09T18:49:48.982482" level="INFO">${element} = &lt;selenium.webdriver.remote.webelement.WebElement (session="eaa4f22fdfc01ef7605984f44a97a142", element="f.079064F510931CE0288E7D5727E61CC8.d.C7F59D435F7C11EC6CEFBF7F9C08A920.e.1028")&gt;</msg>
<var>${element}</var>
<arg>${locator}</arg>
<doc>Returns the first WebElement matching the given ``locator``.</doc>
<status status="PASS" start="2026-06-09T18:49:48.967545" elapsed="0.014937"/>
</kw>
<kw name="Execute Javascript" owner="SeleniumLibrary">
<msg time="2026-06-09T18:49:48.983561" level="INFO">Executing JavaScript:
arguments[0].click();
By using argument:
'&lt;selenium.webdriver.remote.webelement.WebElement (session="eaa4f22fdfc01ef7605984f44a97a142", element="f.079064F510931CE0288E7D5727E61CC8.d.C7F59D435F7C11EC6CEFBF7F9C08A920.e.1028")&gt;'</msg>
<arg>arguments[0].click();</arg>
<arg>ARGUMENTS</arg>
<arg>${element}</arg>
<doc>Executes the given JavaScript code with possible arguments.</doc>
<status status="PASS" start="2026-06-09T18:49:48.983561" elapsed="0.846546"/>
</kw>
<kw name="Sleep" owner="BuiltIn">
<msg time="2026-06-09T18:49:50.831869" level="INFO">Slept 1 second.</msg>
<arg>1s</arg>
<doc>Pauses the test executed for the given time.</doc>
<status status="PASS" start="2026-06-09T18:49:49.831082" elapsed="1.000787"/>
</kw>
<arg>id=search</arg>
<status status="PASS" start="2026-06-09T18:49:48.943493" elapsed="1.889395"/>
</kw>
<kw name="Sleep" owner="BuiltIn">
<msg time="2026-06-09T18:49:52.834581" level="INFO">Slept 2 seconds.</msg>
<arg>2s</arg>
<doc>Pauses the test executed for the given time.</doc>
<status status="PASS" start="2026-06-09T18:49:50.832888" elapsed="2.001693"/>
</kw>
<doc>Buka Online Catalog dan ganti parameter Location.</doc>
<status status="PASS" start="2026-06-09T18:49:32.927592" elapsed="19.907538"/>
</test>
<test id="s1-t2" name="TC-1.03: Pencarian Spesifik Kata Kunci 'Tech'" line="48">
<kw name="Input Text" owner="SeleniumLibrary">
<msg time="2026-06-09T18:49:52.837768" level="INFO">Typing text 'Tech' into text field 'xpath=//input[contains(@class,'reqOpt')]'.</msg>
<arg>xpath=//input[contains(@class,'reqOpt')]</arg>
<arg>Tech</arg>
<doc>Types the given ``text`` into the text field identified by ``locator``.</doc>
<status status="PASS" start="2026-06-09T18:49:52.837768" elapsed="0.183652"/>
</kw>
<kw name="Sleep" owner="BuiltIn">
<msg time="2026-06-09T18:49:54.024509" level="INFO">Slept 1 second.</msg>
<arg>1s</arg>
<doc>Pauses the test executed for the given time.</doc>
<status status="PASS" start="2026-06-09T18:49:53.022776" elapsed="1.001733"/>
</kw>
<kw name="Safe Click">
<kw name="Wait Until Page Contains Element" owner="SeleniumLibrary">
<arg>${locator}</arg>
<arg>timeout=5s</arg>
<doc>Waits until the element ``locator`` appears on the current page.</doc>
<status status="PASS" start="2026-06-09T18:49:54.025905" elapsed="0.014265"/>
</kw>
<kw name="Get WebElement" owner="SeleniumLibrary">
<msg time="2026-06-09T18:49:54.054408" level="INFO">${element} = &lt;selenium.webdriver.remote.webelement.WebElement (session="eaa4f22fdfc01ef7605984f44a97a142", element="f.079064F510931CE0288E7D5727E61CC8.d.AFBFD6CB445B3933B32A75C2EE49C637.e.1163")&gt;</msg>
<var>${element}</var>
<arg>${locator}</arg>
<doc>Returns the first WebElement matching the given ``locator``.</doc>
<status status="PASS" start="2026-06-09T18:49:54.041509" elapsed="0.012899"/>
</kw>
<kw name="Execute Javascript" owner="SeleniumLibrary">
<msg time="2026-06-09T18:49:54.055429" level="INFO">Executing JavaScript:
arguments[0].click();
By using argument:
'&lt;selenium.webdriver.remote.webelement.WebElement (session="eaa4f22fdfc01ef7605984f44a97a142", element="f.079064F510931CE0288E7D5727E61CC8.d.AFBFD6CB445B3933B32A75C2EE49C637.e.1163")&gt;'</msg>
<arg>arguments[0].click();</arg>
<arg>ARGUMENTS</arg>
<arg>${element}</arg>
<doc>Executes the given JavaScript code with possible arguments.</doc>
<status status="PASS" start="2026-06-09T18:49:54.055429" elapsed="0.662186"/>
</kw>
<kw name="Sleep" owner="BuiltIn">
<msg time="2026-06-09T18:49:55.718217" level="INFO">Slept 1 second.</msg>
<arg>1s</arg>
<doc>Pauses the test executed for the given time.</doc>
<status status="PASS" start="2026-06-09T18:49:54.717615" elapsed="1.000602"/>
</kw>
<arg>id=search</arg>
<status status="PASS" start="2026-06-09T18:49:54.024509" elapsed="1.693708"/>
</kw>
<kw name="Sleep" owner="BuiltIn">
<msg time="2026-06-09T18:49:58.720514" level="INFO">Slept 3 seconds.</msg>
<arg>3s</arg>
<doc>Pauses the test executed for the given time.</doc>
<status status="PASS" start="2026-06-09T18:49:55.718785" elapsed="3.001729"/>
</kw>
<doc>Lakukan pencarian spesifik di textbox Title.</doc>
<status status="PASS" start="2026-06-09T18:49:52.836604" elapsed="5.883910"/>
</test>
<test id="s1-t3" name="TC-1.05: Pengujian Multi-Filter Kombinasi Beriringan" line="58">
<kw name="Safe Click">
<kw name="Wait Until Page Contains Element" owner="SeleniumLibrary">
<arg>${locator}</arg>
<arg>timeout=5s</arg>
<doc>Waits until the element ``locator`` appears on the current page.</doc>
<status status="PASS" start="2026-06-09T18:49:58.724525" elapsed="0.022313"/>
</kw>
<kw name="Get WebElement" owner="SeleniumLibrary">
<msg time="2026-06-09T18:49:58.759829" level="INFO">${element} = &lt;selenium.webdriver.remote.webelement.WebElement (session="eaa4f22fdfc01ef7605984f44a97a142", element="f.079064F510931CE0288E7D5727E61CC8.d.C79A602ED959A9FAF39847F82DA3E746.e.1470")&gt;</msg>
<var>${element}</var>
<arg>${locator}</arg>
<doc>Returns the first WebElement matching the given ``locator``.</doc>
<status status="PASS" start="2026-06-09T18:49:58.748044" elapsed="0.012966"/>
</kw>
<kw name="Execute Javascript" owner="SeleniumLibrary">
<msg time="2026-06-09T18:49:58.761522" level="INFO">Executing JavaScript:
arguments[0].click();
By using argument:
'&lt;selenium.webdriver.remote.webelement.WebElement (session="eaa4f22fdfc01ef7605984f44a97a142", element="f.079064F510931CE0288E7D5727E61CC8.d.C79A602ED959A9FAF39847F82DA3E746.e.1470")&gt;'</msg>
<arg>arguments[0].click();</arg>
<arg>ARGUMENTS</arg>
<arg>${element}</arg>
<doc>Executes the given JavaScript code with possible arguments.</doc>
<status status="PASS" start="2026-06-09T18:49:58.761010" elapsed="0.022505"/>
</kw>
<kw name="Sleep" owner="BuiltIn">
<msg time="2026-06-09T18:49:59.785480" level="INFO">Slept 1 second.</msg>
<arg>1s</arg>
<doc>Pauses the test executed for the given time.</doc>
<status status="PASS" start="2026-06-09T18:49:58.784815" elapsed="1.000665"/>
</kw>
<arg>id=filter</arg>
<status status="PASS" start="2026-06-09T18:49:58.724525" elapsed="1.060955"/>
</kw>
<kw name="Wait Until Page Contains Element" owner="SeleniumLibrary">
<arg>xpath=(//select[contains(@name,'category')])[last()]</arg>
<arg>timeout=5s</arg>
<doc>Waits until the element ``locator`` appears on the current page.</doc>
<status status="PASS" start="2026-06-09T18:49:59.785480" elapsed="0.019712"/>
</kw>
<kw name="Sleep" owner="BuiltIn">
<msg time="2026-06-09T18:50:00.806747" level="INFO">Slept 1 second.</msg>
<arg>1s</arg>
<doc>Pauses the test executed for the given time.</doc>
<status status="PASS" start="2026-06-09T18:49:59.806610" elapsed="1.000137"/>
</kw>
<kw name="Select From List By Value" owner="SeleniumLibrary">
<msg time="2026-06-09T18:50:00.807755" level="INFO">Selecting options from selection list 'xpath=(//select[contains(@name,'category')])[last()]' by value author.</msg>
<arg>xpath=(//select[contains(@name,'category')])[last()]</arg>
<arg>author</arg>
<doc>Selects options from selection list ``locator`` by ``values``.</doc>
<status status="PASS" start="2026-06-09T18:50:00.807755" elapsed="0.082021"/>
</kw>
<kw name="Sleep" owner="BuiltIn">
<msg time="2026-06-09T18:50:01.891092" level="INFO">Slept 1 second.</msg>
<arg>1s</arg>
<doc>Pauses the test executed for the given time.</doc>
<status status="PASS" start="2026-06-09T18:50:00.889776" elapsed="1.001316"/>
</kw>
<kw name="Input Text" owner="SeleniumLibrary">
<msg time="2026-06-09T18:50:01.892100" level="INFO">Typing text 'Powell' into text field 'xpath=(//input[contains(@class,'_value')])[last()]'.</msg>
<arg>xpath=(//input[contains(@class,'_value')])[last()]</arg>
<arg>Powell</arg>
<doc>Types the given ``text`` into the text field identified by ``locator``.</doc>
<status status="PASS" start="2026-06-09T18:50:01.891092" elapsed="0.199190"/>
</kw>
<kw name="Sleep" owner="BuiltIn">
<msg time="2026-06-09T18:50:03.093425" level="INFO">Slept 1 second.</msg>
<arg>1s</arg>
<doc>Pauses the test executed for the given time.</doc>
<status status="PASS" start="2026-06-09T18:50:02.091788" elapsed="1.001637"/>
</kw>
<kw name="Safe Click">
<kw name="Wait Until Page Contains Element" owner="SeleniumLibrary">
<arg>${locator}</arg>
<arg>timeout=5s</arg>
<doc>Waits until the element ``locator`` appears on the current page.</doc>
<status status="PASS" start="2026-06-09T18:50:03.095470" elapsed="0.015657"/>
</kw>
<kw name="Get WebElement" owner="SeleniumLibrary">
<msg time="2026-06-09T18:50:03.125592" level="INFO">${element} = &lt;selenium.webdriver.remote.webelement.WebElement (session="eaa4f22fdfc01ef7605984f44a97a142", element="f.079064F510931CE0288E7D5727E61CC8.d.C79A602ED959A9FAF39847F82DA3E746.e.1472")&gt;</msg>
<var>${element}</var>
<arg>${locator}</arg>
<doc>Returns the first WebElement matching the given ``locator``.</doc>
<status status="PASS" start="2026-06-09T18:50:03.111127" elapsed="0.014465"/>
</kw>
<kw name="Execute Javascript" owner="SeleniumLibrary">
<msg time="2026-06-09T18:50:03.126581" level="INFO">Executing JavaScript:
arguments[0].click();
By using argument:
'&lt;selenium.webdriver.remote.webelement.WebElement (session="eaa4f22fdfc01ef7605984f44a97a142", element="f.079064F510931CE0288E7D5727E61CC8.d.C79A602ED959A9FAF39847F82DA3E746.e.1472")&gt;'</msg>
<arg>arguments[0].click();</arg>
<arg>ARGUMENTS</arg>
<arg>${element}</arg>
<doc>Executes the given JavaScript code with possible arguments.</doc>
<status status="PASS" start="2026-06-09T18:50:03.125592" elapsed="1.201615"/>
</kw>
<kw name="Sleep" owner="BuiltIn">
<msg time="2026-06-09T18:50:05.329092" level="INFO">Slept 1 second.</msg>
<arg>1s</arg>
<doc>Pauses the test executed for the given time.</doc>
<status status="PASS" start="2026-06-09T18:50:04.327207" elapsed="1.001885"/>
</kw>
<arg>id=search</arg>
<status status="PASS" start="2026-06-09T18:50:03.094435" elapsed="2.234657"/>
</kw>
<kw name="Sleep" owner="BuiltIn">
<msg time="2026-06-09T18:50:08.331280" level="INFO">Slept 3 seconds.</msg>
<arg>3s</arg>
<doc>Pauses the test executed for the given time.</doc>
<status status="PASS" start="2026-06-09T18:50:05.330108" elapsed="3.001172"/>
</kw>
<doc>Tambahkan lebih dari 2 filter kombinasi.</doc>
<status status="PASS" start="2026-06-09T18:49:58.723533" elapsed="9.608255"/>
</test>
<test id="s1-t4" name="TC-1.09: Verifikasi Pop-Up Detail Availability &amp; Reasoning" line="77">
<kw name="Scroll Element Into View" owner="SeleniumLibrary">
<arg>xpath=//tr[contains(., 'Advanced Marker Technique')]</arg>
<doc>Scrolls the element identified by ``locator`` into view.</doc>
<status status="PASS" start="2026-06-09T18:50:08.333938" elapsed="0.309484"/>
</kw>
<kw name="Sleep" owner="BuiltIn">
<msg time="2026-06-09T18:50:09.145196" level="INFO">Slept 500 milliseconds.</msg>
<arg>0.5s</arg>
<doc>Pauses the test executed for the given time.</doc>
<status status="PASS" start="2026-06-09T18:50:08.643422" elapsed="0.501774"/>
</kw>
<kw name="Run Keyword And Ignore Error" owner="BuiltIn">
<kw name="Safe Click">
<kw name="Wait Until Page Contains Element" owner="SeleniumLibrary">
<arg>${locator}</arg>
<arg>timeout=5s</arg>
<doc>Waits until the element ``locator`` appears on the current page.</doc>
<status status="PASS" start="2026-06-09T18:50:09.147380" elapsed="0.020528"/>
</kw>
<kw name="Get WebElement" owner="SeleniumLibrary">
<msg time="2026-06-09T18:50:09.181160" level="INFO">${element} = &lt;selenium.webdriver.remote.webelement.WebElement (session="eaa4f22fdfc01ef7605984f44a97a142", element="f.079064F510931CE0288E7D5727E61CC8.d.864344B7774B9173C5E1248EA2FA9E93.e.2266")&gt;</msg>
<var>${element}</var>
<arg>${locator}</arg>
<doc>Returns the first WebElement matching the given ``locator``.</doc>
<status status="PASS" start="2026-06-09T18:50:09.167908" elapsed="0.013252"/>
</kw>
<kw name="Execute Javascript" owner="SeleniumLibrary">
<msg time="2026-06-09T18:50:09.182488" level="INFO">Executing JavaScript:
arguments[0].click();
By using argument:
'&lt;selenium.webdriver.remote.webelement.WebElement (session="eaa4f22fdfc01ef7605984f44a97a142", element="f.079064F510931CE0288E7D5727E61CC8.d.864344B7774B9173C5E1248EA2FA9E93.e.2266")&gt;'</msg>
<arg>arguments[0].click();</arg>
<arg>ARGUMENTS</arg>
<arg>${element}</arg>
<doc>Executes the given JavaScript code with possible arguments.</doc>
<status status="PASS" start="2026-06-09T18:50:09.182488" elapsed="0.019078"/>
</kw>
<kw name="Sleep" owner="BuiltIn">
<msg time="2026-06-09T18:50:10.202118" level="INFO">Slept 1 second.</msg>
<arg>1s</arg>
<doc>Pauses the test executed for the given time.</doc>
<status status="PASS" start="2026-06-09T18:50:09.201566" elapsed="1.000552"/>
</kw>
<arg>xpath=//tr[contains(., 'Advanced Marker Technique')]//a[contains(translate(., 'ABCDEFGHIJKLMNOPQRSTUVWXYZ', 'abcdefghijklmnopqrstuvwxyz'), 'not available')]</arg>
<status status="PASS" start="2026-06-09T18:50:09.146003" elapsed="1.057164"/>
</kw>
<arg>Safe Click</arg>
<arg>xpath=//tr[contains(., 'Advanced Marker Technique')]//a[contains(translate(., 'ABCDEFGHIJKLMNOPQRSTUVWXYZ', 'abcdefghijklmnopqrstuvwxyz'), 'not available')]</arg>
<doc>Runs the given keyword with the given arguments and ignores possible error.</doc>
<status status="PASS" start="2026-06-09T18:50:09.146003" elapsed="1.057164"/>
</kw>
<kw name="Sleep" owner="BuiltIn">
<msg time="2026-06-09T18:50:12.204659" level="INFO">Slept 2 seconds.</msg>
<arg>2s</arg>
<doc>Pauses the test executed for the given time.</doc>
<status status="PASS" start="2026-06-09T18:50:10.204137" elapsed="2.000522"/>
</kw>
<kw name="Close Modal Popup">
<kw name="Sleep" owner="BuiltIn">
<msg time="2026-06-09T18:50:13.206710" level="INFO">Slept 1 second.</msg>
<arg>1s</arg>
<doc>Pauses the test executed for the given time.</doc>
<status status="PASS" start="2026-06-09T18:50:12.205735" elapsed="1.000975"/>
</kw>
<kw name="Run Keyword And Ignore Error" owner="BuiltIn">
<kw name="Safe Click">
<kw name="Wait Until Page Contains Element" owner="SeleniumLibrary">
<msg time="2026-06-09T18:50:18.549625" level="INFO" html="true">&lt;/td&gt;&lt;/tr&gt;&lt;tr&gt;&lt;td colspan="3"&gt;&lt;a href="selenium-screenshot-351.png"&gt;&lt;img src="selenium-screenshot-351.png" width="800px"&gt;&lt;/a&gt;</msg>
<msg time="2026-06-09T18:50:18.550637" level="FAIL">Element 'xpath=//div[contains(@class,'modal-header') and contains(@style,'display: block')]//button[@class='close']' did not appear in 5 seconds.</msg>
<arg>${locator}</arg>
<arg>timeout=5s</arg>
<doc>Waits until the element ``locator`` appears on the current page.</doc>
<status status="FAIL" start="2026-06-09T18:50:13.207895" elapsed="5.345740">Element 'xpath=//div[contains(@class,'modal-header') and contains(@style,'display: block')]//button[@class='close']' did not appear in 5 seconds.</status>
</kw>
<kw name="Get WebElement" owner="SeleniumLibrary">
<var>${element}</var>
<arg>${locator}</arg>
<doc>Returns the first WebElement matching the given ``locator``.</doc>
<status status="NOT RUN" start="2026-06-09T18:50:18.554635" elapsed="0.000000"/>
</kw>
<kw name="Execute Javascript" owner="SeleniumLibrary">
<arg>arguments[0].click();</arg>
<arg>ARGUMENTS</arg>
<arg>${element}</arg>
<doc>Executes the given JavaScript code with possible arguments.</doc>
<status status="NOT RUN" start="2026-06-09T18:50:18.554635" elapsed="0.000000"/>
</kw>
<kw name="Sleep" owner="BuiltIn">
<arg>1s</arg>
<doc>Pauses the test executed for the given time.</doc>
<status status="NOT RUN" start="2026-06-09T18:50:18.554635" elapsed="0.000000"/>
</kw>
<arg>xpath=//div[contains(@class,'modal-header') and contains(@style,'display: block')]//button[@class='close']</arg>
<status status="FAIL" start="2026-06-09T18:50:13.206710" elapsed="5.347925">Element 'xpath=//div[contains(@class,'modal-header') and contains(@style,'display: block')]//button[@class='close']' did not appear in 5 seconds.</status>
</kw>
<arg>Safe Click</arg>
<arg>xpath=//div[contains(@class,'modal-header') and contains(@style,'display: block')]//button[@class='close']</arg>
<doc>Runs the given keyword with the given arguments and ignores possible error.</doc>
<status status="PASS" start="2026-06-09T18:50:13.206710" elapsed="5.348926"/>
</kw>
<kw name="Run Keyword And Ignore Error" owner="BuiltIn">
<kw name="Execute Javascript" owner="SeleniumLibrary">
<msg time="2026-06-09T18:50:18.556655" level="INFO">Executing JavaScript:
var xs = document.querySelectorAll('button.close, span[aria-hidden="true"]'); for(let i=0; i&lt;xs.length; i++) { if(xs[i].innerText.includes('×') &amp;&amp; xs[i].offsetWidth &gt; 0) { xs[i].click(); break; } }
Without any arguments.</msg>
<arg>var xs = document.querySelectorAll('button.close, span[aria-hidden="true"]'); for(let i=0; i&lt;xs.length; i++) { if(xs[i].innerText.includes('×') &amp;&amp; xs[i].offsetWidth &gt; 0) { xs[i].click(); break; } }</arg>
<doc>Executes the given JavaScript code with possible arguments.</doc>
<status status="PASS" start="2026-06-09T18:50:18.556655" elapsed="0.018397"/>
</kw>
<arg>Execute Javascript</arg>
<arg>var xs = document.querySelectorAll('button.close, span[aria-hidden="true"]'); for(let i=0; i&lt;xs.length; i++) { if(xs[i].innerText.includes('×') &amp;&amp; xs[i].offsetWidth &gt; 0) { xs[i].click(); break; } }</arg>
<doc>Runs the given keyword with the given arguments and ignores possible error.</doc>
<status status="PASS" start="2026-06-09T18:50:18.555636" elapsed="0.027378"/>
</kw>
<kw name="Sleep" owner="BuiltIn">
<msg time="2026-06-09T18:50:19.584696" level="INFO">Slept 1 second.</msg>
<arg>1s</arg>
<doc>Pauses the test executed for the given time.</doc>
<status status="PASS" start="2026-06-09T18:50:18.584015" elapsed="1.000681"/>
</kw>
<kw name="Run Keyword And Ignore Error" owner="BuiltIn">
<kw name="Handle Alert" owner="SeleniumLibrary">
<msg time="2026-06-09T18:50:19.587713" level="INFO">HANDLE::&lt;class 'datetime.timedelta'&gt;::0:00:01</msg>
<msg time="2026-06-09T18:50:20.897712" level="INFO" html="true">&lt;/td&gt;&lt;/tr&gt;&lt;tr&gt;&lt;td colspan="3"&gt;&lt;a href="selenium-screenshot-352.png"&gt;&lt;img src="selenium-screenshot-352.png" width="800px"&gt;&lt;/a&gt;</msg>
<msg time="2026-06-09T18:50:20.898753" level="FAIL">Alert not found in 1 second.</msg>
<arg>action=ACCEPT</arg>
<arg>timeout=1s</arg>
<doc>Handles the current alert and returns its message.</doc>
<status status="FAIL" start="2026-06-09T18:50:19.586710" elapsed="1.314704">Alert not found in 1 second.</status>
</kw>
<arg>Handle Alert</arg>
<arg>action=ACCEPT</arg>
<arg>timeout=1s</arg>
<doc>Runs the given keyword with the given arguments and ignores possible error.</doc>
<status status="PASS" start="2026-06-09T18:50:19.585718" elapsed="1.315696"/>
</kw>
<status status="PASS" start="2026-06-09T18:50:12.204659" elapsed="8.696755"/>
</kw>
<doc>Klik status Availability (Available/Not Available).</doc>
<status status="PASS" start="2026-06-09T18:50:08.332800" elapsed="12.569688"/>
</test>
<test id="s1-t5" name="TC-1.07: Reset Seluruh Parameter Kembali ke Kondisi Bawaan" line="88">
<kw name="Safe Click">
<kw name="Wait Until Page Contains Element" owner="SeleniumLibrary">
<arg>${locator}</arg>
<arg>timeout=5s</arg>
<doc>Waits until the element ``locator`` appears on the current page.</doc>
<status status="PASS" start="2026-06-09T18:50:20.905708" elapsed="0.021458"/>
</kw>
<kw name="Get WebElement" owner="SeleniumLibrary">
<msg time="2026-06-09T18:50:20.943001" level="INFO">${element} = &lt;selenium.webdriver.remote.webelement.WebElement (session="eaa4f22fdfc01ef7605984f44a97a142", element="f.079064F510931CE0288E7D5727E61CC8.d.864344B7774B9173C5E1248EA2FA9E93.e.2238")&gt;</msg>
<var>${element}</var>
<arg>${locator}</arg>
<doc>Returns the first WebElement matching the given ``locator``.</doc>
<status status="PASS" start="2026-06-09T18:50:20.927166" elapsed="0.015835"/>
</kw>
<kw name="Execute Javascript" owner="SeleniumLibrary">
<msg time="2026-06-09T18:50:20.943001" level="INFO">Executing JavaScript:
arguments[0].click();
By using argument:
'&lt;selenium.webdriver.remote.webelement.WebElement (session="eaa4f22fdfc01ef7605984f44a97a142", element="f.079064F510931CE0288E7D5727E61CC8.d.864344B7774B9173C5E1248EA2FA9E93.e.2238")&gt;'</msg>
<arg>arguments[0].click();</arg>
<arg>ARGUMENTS</arg>
<arg>${element}</arg>
<doc>Executes the given JavaScript code with possible arguments.</doc>
<status status="PASS" start="2026-06-09T18:50:20.943001" elapsed="1.455897"/>
</kw>
<kw name="Sleep" owner="BuiltIn">
<msg time="2026-06-09T18:50:23.400779" level="INFO">Slept 1 second.</msg>
<arg>1s</arg>
<doc>Pauses the test executed for the given time.</doc>
<status status="PASS" start="2026-06-09T18:50:22.400141" elapsed="1.000638"/>
</kw>
<arg>id=clear</arg>
<status status="PASS" start="2026-06-09T18:50:20.905708" elapsed="2.495071"/>
</kw>
<kw name="Sleep" owner="BuiltIn">
<msg time="2026-06-09T18:50:24.403629" level="INFO">Slept 1 second.</msg>
<arg>1s</arg>
<doc>Pauses the test executed for the given time.</doc>
<status status="PASS" start="2026-06-09T18:50:23.401838" elapsed="1.001791"/>
</kw>
<kw name="Safe Click">
<kw name="Wait Until Page Contains Element" owner="SeleniumLibrary">
<arg>${locator}</arg>
<arg>timeout=5s</arg>
<doc>Waits until the element ``locator`` appears on the current page.</doc>
<status status="PASS" start="2026-06-09T18:50:24.405667" elapsed="0.012694"/>
</kw>
<kw name="Get WebElement" owner="SeleniumLibrary">
<msg time="2026-06-09T18:50:24.434427" level="INFO">${element} = &lt;selenium.webdriver.remote.webelement.WebElement (session="eaa4f22fdfc01ef7605984f44a97a142", element="f.079064F510931CE0288E7D5727E61CC8.d.EAE5F0AB3E49B3BBB104CDA160250FE6.e.2616")&gt;</msg>
<var>${element}</var>
<arg>${locator}</arg>
<doc>Returns the first WebElement matching the given ``locator``.</doc>
<status status="PASS" start="2026-06-09T18:50:24.419452" elapsed="0.014975"/>
</kw>
<kw name="Execute Javascript" owner="SeleniumLibrary">
<msg time="2026-06-09T18:50:24.435522" level="INFO">Executing JavaScript:
arguments[0].click();
By using argument:
'&lt;selenium.webdriver.remote.webelement.WebElement (session="eaa4f22fdfc01ef7605984f44a97a142", element="f.079064F510931CE0288E7D5727E61CC8.d.EAE5F0AB3E49B3BBB104CDA160250FE6.e.2616")&gt;'</msg>
<arg>arguments[0].click();</arg>
<arg>ARGUMENTS</arg>
<arg>${element}</arg>
<doc>Executes the given JavaScript code with possible arguments.</doc>
<status status="PASS" start="2026-06-09T18:50:24.434427" elapsed="7.328813"/>
</kw>
<kw name="Sleep" owner="BuiltIn">
<msg time="2026-06-09T18:50:32.765627" level="INFO">Slept 1 second.</msg>
<arg>1s</arg>
<doc>Pauses the test executed for the given time.</doc>
<status status="PASS" start="2026-06-09T18:50:31.764621" elapsed="1.001006"/>
</kw>
<arg>id=search</arg>
<status status="PASS" start="2026-06-09T18:50:24.404646" elapsed="8.360981"/>
</kw>
<kw name="Sleep" owner="BuiltIn">
<msg time="2026-06-09T18:50:35.768109" level="INFO">Slept 3 seconds.</msg>
<arg>3s</arg>
<doc>Pauses the test executed for the given time.</doc>
<status status="PASS" start="2026-06-09T18:50:32.766639" elapsed="3.001470"/>
</kw>
<kw name="Safe Click">
<kw name="Wait Until Page Contains Element" owner="SeleniumLibrary">
<arg>${locator}</arg>
<arg>timeout=5s</arg>
<doc>Waits until the element ``locator`` appears on the current page.</doc>
<status status="PASS" start="2026-06-09T18:50:35.769122" elapsed="0.015219"/>
</kw>
<kw name="Get WebElement" owner="SeleniumLibrary">
<msg time="2026-06-09T18:50:35.796830" level="INFO">${element} = &lt;selenium.webdriver.remote.webelement.WebElement (session="eaa4f22fdfc01ef7605984f44a97a142", element="f.079064F510931CE0288E7D5727E61CC8.d.C5511B17842F751C5EBB3372F92BA8EB.e.3589")&gt;</msg>
<var>${element}</var>
<arg>${locator}</arg>
<doc>Returns the first WebElement matching the given ``locator``.</doc>
<status status="PASS" start="2026-06-09T18:50:35.784341" elapsed="0.012489"/>
</kw>
<kw name="Execute Javascript" owner="SeleniumLibrary">
<msg time="2026-06-09T18:50:35.798545" level="INFO">Executing JavaScript:
arguments[0].click();
By using argument:
'&lt;selenium.webdriver.remote.webelement.WebElement (session="eaa4f22fdfc01ef7605984f44a97a142", element="f.079064F510931CE0288E7D5727E61CC8.d.C5511B17842F751C5EBB3372F92BA8EB.e.3589")&gt;'</msg>
<arg>arguments[0].click();</arg>
<arg>ARGUMENTS</arg>
<arg>${element}</arg>
<doc>Executes the given JavaScript code with possible arguments.</doc>
<status status="PASS" start="2026-06-09T18:50:35.798545" elapsed="0.015710"/>
</kw>
<kw name="Sleep" owner="BuiltIn">
<msg time="2026-06-09T18:50:36.814971" level="INFO">Slept 1 second.</msg>
<arg>1s</arg>
<doc>Pauses the test executed for the given time.</doc>
<status status="PASS" start="2026-06-09T18:50:35.814255" elapsed="1.000716"/>
</kw>
<arg>id=filter</arg>
<status status="PASS" start="2026-06-09T18:50:35.768109" elapsed="1.046862"/>
</kw>
<kw name="Sleep" owner="BuiltIn">
<msg time="2026-06-09T18:50:37.817794" level="INFO">Slept 1 second.</msg>
<arg>1s</arg>
<doc>Pauses the test executed for the given time.</doc>
<status status="PASS" start="2026-06-09T18:50:36.816013" elapsed="1.001781"/>
</kw>
<kw name="Select From List By Value" owner="SeleniumLibrary">
<msg time="2026-06-09T18:50:37.818811" level="INFO">Selecting options from selection list 'xpath=(//select[contains(@name,'category')])[last()]' by value a.publish_year.</msg>
<arg>xpath=(//select[contains(@name,'category')])[last()]</arg>
<arg>a.publish_year</arg>
<doc>Selects options from selection list ``locator`` by ``values``.</doc>
<status status="PASS" start="2026-06-09T18:50:37.818811" elapsed="0.143040"/>
</kw>
<kw name="Sleep" owner="BuiltIn">
<msg time="2026-06-09T18:50:38.963740" level="INFO">Slept 1 second.</msg>
<arg>1s</arg>
<doc>Pauses the test executed for the given time.</doc>
<status status="PASS" start="2026-06-09T18:50:37.962940" elapsed="1.000800"/>
</kw>
<kw name="Input Text" owner="SeleniumLibrary">
<msg time="2026-06-09T18:50:38.964125" level="INFO">Typing text '2010' into text field 'xpath=(//input[contains(@class,'_value')])[last()]'.</msg>
<arg>xpath=(//input[contains(@class,'_value')])[last()]</arg>
<arg>2010</arg>
<doc>Types the given ``text`` into the text field identified by ``locator``.</doc>
<status status="PASS" start="2026-06-09T18:50:38.964125" elapsed="0.165994"/>
</kw>
<kw name="Sleep" owner="BuiltIn">
<msg time="2026-06-09T18:50:40.131562" level="INFO">Slept 1 second.</msg>
<arg>1s</arg>
<doc>Pauses the test executed for the given time.</doc>
<status status="PASS" start="2026-06-09T18:50:39.131093" elapsed="1.000469"/>
</kw>
<kw name="Safe Click">
<kw name="Wait Until Page Contains Element" owner="SeleniumLibrary">
<arg>${locator}</arg>
<arg>timeout=5s</arg>
<doc>Waits until the element ``locator`` appears on the current page.</doc>
<status status="PASS" start="2026-06-09T18:50:40.133095" elapsed="0.019943"/>
</kw>
<kw name="Get WebElement" owner="SeleniumLibrary">
<msg time="2026-06-09T18:50:40.167087" level="INFO">${element} = &lt;selenium.webdriver.remote.webelement.WebElement (session="eaa4f22fdfc01ef7605984f44a97a142", element="f.079064F510931CE0288E7D5727E61CC8.d.C5511B17842F751C5EBB3372F92BA8EB.e.3591")&gt;</msg>
<var>${element}</var>
<arg>${locator}</arg>
<doc>Returns the first WebElement matching the given ``locator``.</doc>
<status status="PASS" start="2026-06-09T18:50:40.153038" elapsed="0.014049"/>
</kw>
<kw name="Execute Javascript" owner="SeleniumLibrary">
<msg time="2026-06-09T18:50:40.167087" level="INFO">Executing JavaScript:
arguments[0].click();
By using argument:
'&lt;selenium.webdriver.remote.webelement.WebElement (session="eaa4f22fdfc01ef7605984f44a97a142", element="f.079064F510931CE0288E7D5727E61CC8.d.C5511B17842F751C5EBB3372F92BA8EB.e.3591")&gt;'</msg>
<arg>arguments[0].click();</arg>
<arg>ARGUMENTS</arg>
<arg>${element}</arg>
<doc>Executes the given JavaScript code with possible arguments.</doc>
<status status="PASS" start="2026-06-09T18:50:40.167087" elapsed="0.597075"/>
</kw>
<kw name="Sleep" owner="BuiltIn">
<msg time="2026-06-09T18:50:41.766048" level="INFO">Slept 1 second.</msg>
<arg>1s</arg>
<doc>Pauses the test executed for the given time.</doc>
<status status="PASS" start="2026-06-09T18:50:40.764162" elapsed="1.001886"/>
</kw>
<arg>id=search</arg>
<status status="PASS" start="2026-06-09T18:50:40.132069" elapsed="1.633979"/>
</kw>
<kw name="Sleep" owner="BuiltIn">
<msg time="2026-06-09T18:50:44.768045" level="INFO">Slept 3 seconds.</msg>
<arg>3s</arg>
<doc>Pauses the test executed for the given time.</doc>
<status status="PASS" start="2026-06-09T18:50:41.767067" elapsed="3.000978"/>
</kw>
<kw name="Safe Click">
<kw name="Wait Until Page Contains Element" owner="SeleniumLibrary">
<arg>${locator}</arg>
<arg>timeout=5s</arg>
<doc>Waits until the element ``locator`` appears on the current page.</doc>
<status status="PASS" start="2026-06-09T18:50:44.769056" elapsed="0.014666"/>
</kw>
<kw name="Get WebElement" owner="SeleniumLibrary">
<msg time="2026-06-09T18:50:44.798867" level="INFO">${element} = &lt;selenium.webdriver.remote.webelement.WebElement (session="eaa4f22fdfc01ef7605984f44a97a142", element="f.079064F510931CE0288E7D5727E61CC8.d.CC4A4E02B6774B40692D626F185547BE.e.4359")&gt;</msg>
<var>${element}</var>
<arg>${locator}</arg>
<doc>Returns the first WebElement matching the given ``locator``.</doc>
<status status="PASS" start="2026-06-09T18:50:44.784939" elapsed="0.013928"/>
</kw>
<kw name="Execute Javascript" owner="SeleniumLibrary">
<msg time="2026-06-09T18:50:44.799931" level="INFO">Executing JavaScript:
arguments[0].click();
By using argument:
'&lt;selenium.webdriver.remote.webelement.WebElement (session="eaa4f22fdfc01ef7605984f44a97a142", element="f.079064F510931CE0288E7D5727E61CC8.d.CC4A4E02B6774B40692D626F185547BE.e.4359")&gt;'</msg>
<arg>arguments[0].click();</arg>
<arg>ARGUMENTS</arg>
<arg>${element}</arg>
<doc>Executes the given JavaScript code with possible arguments.</doc>
<status status="PASS" start="2026-06-09T18:50:44.798867" elapsed="0.014191"/>
</kw>
<kw name="Sleep" owner="BuiltIn">
<msg time="2026-06-09T18:50:45.814588" level="INFO">Slept 1 second.</msg>
<arg>1s</arg>
<doc>Pauses the test executed for the given time.</doc>
<status status="PASS" start="2026-06-09T18:50:44.814424" elapsed="1.000164"/>
</kw>
<arg>id=filter</arg>
<status status="PASS" start="2026-06-09T18:50:44.769056" elapsed="1.046058"/>
</kw>
<kw name="Sleep" owner="BuiltIn">
<msg time="2026-06-09T18:50:46.816926" level="INFO">Slept 1 second.</msg>
<arg>1s</arg>
<doc>Pauses the test executed for the given time.</doc>
<status status="PASS" start="2026-06-09T18:50:45.815114" elapsed="1.001812"/>
</kw>
<kw name="Select From List By Value" owner="SeleniumLibrary">
<msg time="2026-06-09T18:50:46.817448" level="INFO">Selecting options from selection list 'xpath=(//select[contains(@name,'category')])[last()]' by value author.</msg>
<arg>xpath=(//select[contains(@name,'category')])[last()]</arg>
<arg>author</arg>
<doc>Selects options from selection list ``locator`` by ``values``.</doc>
<status status="PASS" start="2026-06-09T18:50:46.817448" elapsed="0.070670"/>
</kw>
<kw name="Sleep" owner="BuiltIn">
<msg time="2026-06-09T18:50:47.889756" level="INFO">Slept 1 second.</msg>
<arg>1s</arg>
<doc>Pauses the test executed for the given time.</doc>
<status status="PASS" start="2026-06-09T18:50:46.889148" elapsed="1.000608"/>
</kw>
<kw name="Input Text" owner="SeleniumLibrary">
<msg time="2026-06-09T18:50:47.890280" level="INFO">Typing text 'Chan' into text field 'xpath=(//input[contains(@class,'_value')])[last()]'.</msg>
<arg>xpath=(//input[contains(@class,'_value')])[last()]</arg>
<arg>Chan</arg>
<doc>Types the given ``text`` into the text field identified by ``locator``.</doc>
<status status="PASS" start="2026-06-09T18:50:47.890280" elapsed="0.161476"/>
</kw>
<kw name="Sleep" owner="BuiltIn">
<msg time="2026-06-09T18:50:49.053868" level="INFO">Slept 1 second.</msg>
<arg>1s</arg>
<doc>Pauses the test executed for the given time.</doc>
<status status="PASS" start="2026-06-09T18:50:48.051756" elapsed="1.002112"/>
</kw>
<kw name="Safe Click">
<kw name="Wait Until Page Contains Element" owner="SeleniumLibrary">
<arg>${locator}</arg>
<arg>timeout=5s</arg>
<doc>Waits until the element ``locator`` appears on the current page.</doc>
<status status="PASS" start="2026-06-09T18:50:49.055880" elapsed="0.012554"/>
</kw>
<kw name="Get WebElement" owner="SeleniumLibrary">
<msg time="2026-06-09T18:50:49.083627" level="INFO">${element} = &lt;selenium.webdriver.remote.webelement.WebElement (session="eaa4f22fdfc01ef7605984f44a97a142", element="f.079064F510931CE0288E7D5727E61CC8.d.CC4A4E02B6774B40692D626F185547BE.e.4361")&gt;</msg>
<var>${element}</var>
<arg>${locator}</arg>
<doc>Returns the first WebElement matching the given ``locator``.</doc>
<status status="PASS" start="2026-06-09T18:50:49.068434" elapsed="0.015193"/>
</kw>
<kw name="Execute Javascript" owner="SeleniumLibrary">
<msg time="2026-06-09T18:50:49.085015" level="INFO">Executing JavaScript:
arguments[0].click();
By using argument:
'&lt;selenium.webdriver.remote.webelement.WebElement (session="eaa4f22fdfc01ef7605984f44a97a142", element="f.079064F510931CE0288E7D5727E61CC8.d.CC4A4E02B6774B40692D626F185547BE.e.4361")&gt;'</msg>
<arg>arguments[0].click();</arg>
<arg>ARGUMENTS</arg>
<arg>${element}</arg>
<doc>Executes the given JavaScript code with possible arguments.</doc>
<status status="PASS" start="2026-06-09T18:50:49.085015" elapsed="1.217762"/>
</kw>
<kw name="Sleep" owner="BuiltIn">
<msg time="2026-06-09T18:50:51.304511" level="INFO">Slept 1 second.</msg>
<arg>1s</arg>
<doc>Pauses the test executed for the given time.</doc>
<status status="PASS" start="2026-06-09T18:50:50.302777" elapsed="1.001734"/>
</kw>
<arg>id=search</arg>
<status status="PASS" start="2026-06-09T18:50:49.054880" elapsed="2.249631"/>
</kw>
<kw name="Sleep" owner="BuiltIn">
<msg time="2026-06-09T18:50:54.307388" level="INFO">Slept 3 seconds.</msg>
<arg>3s</arg>
<doc>Pauses the test executed for the given time.</doc>
<status status="PASS" start="2026-06-09T18:50:51.305527" elapsed="3.001861"/>
</kw>
<kw name="Run Keyword And Ignore Error" owner="BuiltIn">
<kw name="Safe Click">
<kw name="Wait Until Page Contains Element" owner="SeleniumLibrary">
<arg>${locator}</arg>
<arg>timeout=5s</arg>
<doc>Waits until the element ``locator`` appears on the current page.</doc>
<status status="PASS" start="2026-06-09T18:50:54.309920" elapsed="0.023775"/>
</kw>
<kw name="Get WebElement" owner="SeleniumLibrary">
<msg time="2026-06-09T18:50:54.348202" level="INFO">${element} = &lt;selenium.webdriver.remote.webelement.WebElement (session="eaa4f22fdfc01ef7605984f44a97a142", element="f.079064F510931CE0288E7D5727E61CC8.d.A14C3F6DC005D3A0C26412999557F290.e.5373")&gt;</msg>
<var>${element}</var>
<arg>${locator}</arg>
<doc>Returns the first WebElement matching the given ``locator``.</doc>
<status status="PASS" start="2026-06-09T18:50:54.333695" elapsed="0.014507"/>
</kw>
<kw name="Execute Javascript" owner="SeleniumLibrary">
<msg time="2026-06-09T18:50:54.349543" level="INFO">Executing JavaScript:
arguments[0].click();
By using argument:
'&lt;selenium.webdriver.remote.webelement.WebElement (session="eaa4f22fdfc01ef7605984f44a97a142", element="f.079064F510931CE0288E7D5727E61CC8.d.A14C3F6DC005D3A0C26412999557F290.e.5373")&gt;'</msg>
<arg>arguments[0].click();</arg>
<arg>ARGUMENTS</arg>
<arg>${element}</arg>
<doc>Executes the given JavaScript code with possible arguments.</doc>
<status status="PASS" start="2026-06-09T18:50:54.349543" elapsed="0.029268"/>
</kw>
<kw name="Sleep" owner="BuiltIn">
<msg time="2026-06-09T18:50:55.380913" level="INFO">Slept 1 second.</msg>
<arg>1s</arg>
<doc>Pauses the test executed for the given time.</doc>
<status status="PASS" start="2026-06-09T18:50:54.378811" elapsed="1.002102"/>
</kw>
<arg>xpath=(//a[contains(translate(., 'ABCDEFGHIJKLMNOPQRSTUVWXYZ', 'abcdefghijklmnopqrstuvwxyz'), 'available') and not(contains(translate(., 'ABCDEFGHIJKLMNOPQRSTUVWXYZ', 'abcdefghijklmnopqrstuvwxyz'), 'not'))])[1]</arg>
<status status="PASS" start="2026-06-09T18:50:54.308824" elapsed="1.072089"/>
</kw>
<arg>Safe Click</arg>
<arg>xpath=(//a[contains(translate(., 'ABCDEFGHIJKLMNOPQRSTUVWXYZ', 'abcdefghijklmnopqrstuvwxyz'), 'available') and not(contains(translate(., 'ABCDEFGHIJKLMNOPQRSTUVWXYZ', 'abcdefghijklmnopqrstuvwxyz'), 'not'))])[1]</arg>
<doc>Runs the given keyword with the given arguments and ignores possible error.</doc>
<status status="PASS" start="2026-06-09T18:50:54.307388" elapsed="1.073525"/>
</kw>
<kw name="Sleep" owner="BuiltIn">
<msg time="2026-06-09T18:50:57.383399" level="INFO">Slept 2 seconds.</msg>
<arg>2s</arg>
<doc>Pauses the test executed for the given time.</doc>
<status status="PASS" start="2026-06-09T18:50:55.381929" elapsed="2.001470"/>
</kw>
<kw name="Close Modal Popup">
<kw name="Sleep" owner="BuiltIn">
<msg time="2026-06-09T18:50:58.385335" level="INFO">Slept 1 second.</msg>
<arg>1s</arg>
<doc>Pauses the test executed for the given time.</doc>
<status status="PASS" start="2026-06-09T18:50:57.383399" elapsed="1.001936"/>
</kw>
<kw name="Run Keyword And Ignore Error" owner="BuiltIn">
<kw name="Safe Click">
<kw name="Wait Until Page Contains Element" owner="SeleniumLibrary">
<msg time="2026-06-09T18:51:03.857235" level="INFO" html="true">&lt;/td&gt;&lt;/tr&gt;&lt;tr&gt;&lt;td colspan="3"&gt;&lt;a href="selenium-screenshot-353.png"&gt;&lt;img src="selenium-screenshot-353.png" width="800px"&gt;&lt;/a&gt;</msg>
<msg time="2026-06-09T18:51:03.857235" level="FAIL">Element 'xpath=//div[contains(@class,'modal-header') and contains(@style,'display: block')]//button[@class='close']' did not appear in 5 seconds.</msg>
<arg>${locator}</arg>
<arg>timeout=5s</arg>
<doc>Waits until the element ``locator`` appears on the current page.</doc>
<status status="FAIL" start="2026-06-09T18:50:58.387378" elapsed="5.470898">Element 'xpath=//div[contains(@class,'modal-header') and contains(@style,'display: block')]//button[@class='close']' did not appear in 5 seconds.</status>
</kw>
<kw name="Get WebElement" owner="SeleniumLibrary">
<var>${element}</var>
<arg>${locator}</arg>
<doc>Returns the first WebElement matching the given ``locator``.</doc>
<status status="NOT RUN" start="2026-06-09T18:51:03.858276" elapsed="0.000000"/>
</kw>
<kw name="Execute Javascript" owner="SeleniumLibrary">
<arg>arguments[0].click();</arg>
<arg>ARGUMENTS</arg>
<arg>${element}</arg>
<doc>Executes the given JavaScript code with possible arguments.</doc>
<status status="NOT RUN" start="2026-06-09T18:51:03.858276" elapsed="0.000000"/>
</kw>
<kw name="Sleep" owner="BuiltIn">
<arg>1s</arg>
<doc>Pauses the test executed for the given time.</doc>
<status status="NOT RUN" start="2026-06-09T18:51:03.858276" elapsed="0.000000"/>
</kw>
<arg>xpath=//div[contains(@class,'modal-header') and contains(@style,'display: block')]//button[@class='close']</arg>
<status status="FAIL" start="2026-06-09T18:50:58.386384" elapsed="5.472987">Element 'xpath=//div[contains(@class,'modal-header') and contains(@style,'display: block')]//button[@class='close']' did not appear in 5 seconds.</status>
</kw>
<arg>Safe Click</arg>
<arg>xpath=//div[contains(@class,'modal-header') and contains(@style,'display: block')]//button[@class='close']</arg>
<doc>Runs the given keyword with the given arguments and ignores possible error.</doc>
<status status="PASS" start="2026-06-09T18:50:58.385335" elapsed="5.474036"/>
</kw>
<kw name="Run Keyword And Ignore Error" owner="BuiltIn">
<kw name="Execute Javascript" owner="SeleniumLibrary">
<msg time="2026-06-09T18:51:03.860372" level="INFO">Executing JavaScript:
var xs = document.querySelectorAll('button.close, span[aria-hidden="true"]'); for(let i=0; i&lt;xs.length; i++) { if(xs[i].innerText.includes('×') &amp;&amp; xs[i].offsetWidth &gt; 0) { xs[i].click(); break; } }
Without any arguments.</msg>
<arg>var xs = document.querySelectorAll('button.close, span[aria-hidden="true"]'); for(let i=0; i&lt;xs.length; i++) { if(xs[i].innerText.includes('×') &amp;&amp; xs[i].offsetWidth &gt; 0) { xs[i].click(); break; } }</arg>
<doc>Executes the given JavaScript code with possible arguments.</doc>
<status status="PASS" start="2026-06-09T18:51:03.859371" elapsed="0.018101"/>
</kw>
<arg>Execute Javascript</arg>
<arg>var xs = document.querySelectorAll('button.close, span[aria-hidden="true"]'); for(let i=0; i&lt;xs.length; i++) { if(xs[i].innerText.includes('×') &amp;&amp; xs[i].offsetWidth &gt; 0) { xs[i].click(); break; } }</arg>
<doc>Runs the given keyword with the given arguments and ignores possible error.</doc>
<status status="PASS" start="2026-06-09T18:51:03.859371" elapsed="0.018101"/>
</kw>
<kw name="Sleep" owner="BuiltIn">
<msg time="2026-06-09T18:51:04.880056" level="INFO">Slept 1 second.</msg>
<arg>1s</arg>
<doc>Pauses the test executed for the given time.</doc>
<status status="PASS" start="2026-06-09T18:51:03.878896" elapsed="1.001160"/>
</kw>
<kw name="Run Keyword And Ignore Error" owner="BuiltIn">
<kw name="Handle Alert" owner="SeleniumLibrary">
<msg time="2026-06-09T18:51:04.882557" level="INFO">HANDLE::&lt;class 'datetime.timedelta'&gt;::0:00:01</msg>
<msg time="2026-06-09T18:51:06.376226" level="INFO" html="true">&lt;/td&gt;&lt;/tr&gt;&lt;tr&gt;&lt;td colspan="3"&gt;&lt;a href="selenium-screenshot-354.png"&gt;&lt;img src="selenium-screenshot-354.png" width="800px"&gt;&lt;/a&gt;</msg>
<msg time="2026-06-09T18:51:06.376226" level="FAIL">Alert not found in 1 second.</msg>
<arg>action=ACCEPT</arg>
<arg>timeout=1s</arg>
<doc>Handles the current alert and returns its message.</doc>
<status status="FAIL" start="2026-06-09T18:51:04.881518" elapsed="1.496171">Alert not found in 1 second.</status>
</kw>
<arg>Handle Alert</arg>
<arg>action=ACCEPT</arg>
<arg>timeout=1s</arg>
<doc>Runs the given keyword with the given arguments and ignores possible error.</doc>
<status status="PASS" start="2026-06-09T18:51:04.880056" elapsed="1.497633"/>
</kw>
<status status="PASS" start="2026-06-09T18:50:57.383399" elapsed="8.994290"/>
</kw>
<kw name="Clear Element Text" owner="SeleniumLibrary">
<arg>xpath=//input[contains(@class,'reqOpt')]</arg>
<doc>Clears the value of the text-input-element identified by ``locator``.</doc>
<status status="PASS" start="2026-06-09T18:51:06.378690" elapsed="0.069764"/>
</kw>
<kw name="Sleep" owner="BuiltIn">
<msg time="2026-06-09T18:51:07.451377" level="INFO">Slept 1 second.</msg>
<arg>1s</arg>
<doc>Pauses the test executed for the given time.</doc>
<status status="PASS" start="2026-06-09T18:51:06.449848" elapsed="1.001529"/>
</kw>
<kw name="Safe Click">
<kw name="Wait Until Page Contains Element" owner="SeleniumLibrary">
<arg>${locator}</arg>
<arg>timeout=5s</arg>
<doc>Waits until the element ``locator`` appears on the current page.</doc>
<status status="PASS" start="2026-06-09T18:51:07.452937" elapsed="0.012900"/>
</kw>
<kw name="Get WebElement" owner="SeleniumLibrary">
<msg time="2026-06-09T18:51:07.481400" level="INFO">${element} = &lt;selenium.webdriver.remote.webelement.WebElement (session="eaa4f22fdfc01ef7605984f44a97a142", element="f.079064F510931CE0288E7D5727E61CC8.d.A14C3F6DC005D3A0C26412999557F290.e.5291")&gt;</msg>
<var>${element}</var>
<arg>${locator}</arg>
<doc>Returns the first WebElement matching the given ``locator``.</doc>
<status status="PASS" start="2026-06-09T18:51:07.465837" elapsed="0.015563"/>
</kw>
<kw name="Execute Javascript" owner="SeleniumLibrary">
<msg time="2026-06-09T18:51:07.481400" level="INFO">Executing JavaScript:
arguments[0].click();
By using argument:
'&lt;selenium.webdriver.remote.webelement.WebElement (session="eaa4f22fdfc01ef7605984f44a97a142", element="f.079064F510931CE0288E7D5727E61CC8.d.A14C3F6DC005D3A0C26412999557F290.e.5291")&gt;'</msg>
<arg>arguments[0].click();</arg>
<arg>ARGUMENTS</arg>
<arg>${element}</arg>
<doc>Executes the given JavaScript code with possible arguments.</doc>
<status status="PASS" start="2026-06-09T18:51:07.481400" elapsed="0.740635"/>
</kw>
<kw name="Sleep" owner="BuiltIn">
<msg time="2026-06-09T18:51:09.223704" level="INFO">Slept 1 second.</msg>
<arg>1s</arg>
<doc>Pauses the test executed for the given time.</doc>
<status status="PASS" start="2026-06-09T18:51:08.222035" elapsed="1.001669"/>
</kw>
<arg>id=search</arg>
<status status="PASS" start="2026-06-09T18:51:07.451904" elapsed="1.771800"/>
</kw>
<kw name="Sleep" owner="BuiltIn">
<msg time="2026-06-09T18:51:12.226233" level="INFO">Slept 3 seconds.</msg>
<arg>3s</arg>
<doc>Pauses the test executed for the given time.</doc>
<status status="PASS" start="2026-06-09T18:51:09.224213" elapsed="3.002020"/>
</kw>
<kw name="Safe Click">
<kw name="Wait Until Page Contains Element" owner="SeleniumLibrary">
<arg>${locator}</arg>
<arg>timeout=5s</arg>
<doc>Waits until the element ``locator`` appears on the current page.</doc>
<status status="PASS" start="2026-06-09T18:51:12.227249" elapsed="0.013984"/>
</kw>
<kw name="Get WebElement" owner="SeleniumLibrary">
<msg time="2026-06-09T18:51:12.254754" level="INFO">${element} = &lt;selenium.webdriver.remote.webelement.WebElement (session="eaa4f22fdfc01ef7605984f44a97a142", element="f.079064F510931CE0288E7D5727E61CC8.d.EECE5B4EE11EE816AFADA5FC0FDE6733.e.5618")&gt;</msg>
<var>${element}</var>
<arg>${locator}</arg>
<doc>Returns the first WebElement matching the given ``locator``.</doc>
<status status="PASS" start="2026-06-09T18:51:12.242189" elapsed="0.013566"/>
</kw>
<kw name="Execute Javascript" owner="SeleniumLibrary">
<msg time="2026-06-09T18:51:12.255755" level="INFO">Executing JavaScript:
arguments[0].click();
By using argument:
'&lt;selenium.webdriver.remote.webelement.WebElement (session="eaa4f22fdfc01ef7605984f44a97a142", element="f.079064F510931CE0288E7D5727E61CC8.d.EECE5B4EE11EE816AFADA5FC0FDE6733.e.5618")&gt;'</msg>
<arg>arguments[0].click();</arg>
<arg>ARGUMENTS</arg>
<arg>${element}</arg>
<doc>Executes the given JavaScript code with possible arguments.</doc>
<status status="PASS" start="2026-06-09T18:51:12.255755" elapsed="0.501007"/>
</kw>
<kw name="Sleep" owner="BuiltIn">
<msg time="2026-06-09T18:51:13.758278" level="INFO">Slept 1 second.</msg>
<arg>1s</arg>
<doc>Pauses the test executed for the given time.</doc>
<status status="PASS" start="2026-06-09T18:51:12.757761" elapsed="1.001047"/>
</kw>
<arg>id=clear</arg>
<status status="PASS" start="2026-06-09T18:51:12.227249" elapsed="1.531559"/>
</kw>
<kw name="Sleep" owner="BuiltIn">
<msg time="2026-06-09T18:51:14.760675" level="INFO">Slept 1 second.</msg>
<arg>1s</arg>
<doc>Pauses the test executed for the given time.</doc>
<status status="PASS" start="2026-06-09T18:51:13.758808" elapsed="1.001867"/>
</kw>
<kw name="Input Text" owner="SeleniumLibrary">
<msg time="2026-06-09T18:51:14.761830" level="INFO">Typing text 'Tech' into text field 'xpath=//input[contains(@class,'reqOpt')]'.</msg>
<arg>xpath=//input[contains(@class,'reqOpt')]</arg>
<arg>Tech</arg>
<doc>Types the given ``text`` into the text field identified by ``locator``.</doc>
<status status="PASS" start="2026-06-09T18:51:14.760675" elapsed="0.161862"/>
</kw>
<kw name="Sleep" owner="BuiltIn">
<msg time="2026-06-09T18:51:15.924446" level="INFO">Slept 1 second.</msg>
<arg>1s</arg>
<doc>Pauses the test executed for the given time.</doc>
<status status="PASS" start="2026-06-09T18:51:14.923538" elapsed="1.000908"/>
</kw>
<kw name="Safe Click">
<kw name="Wait Until Page Contains Element" owner="SeleniumLibrary">
<arg>${locator}</arg>
<arg>timeout=5s</arg>
<doc>Waits until the element ``locator`` appears on the current page.</doc>
<status status="PASS" start="2026-06-09T18:51:15.925487" elapsed="0.014282"/>
</kw>
<kw name="Get WebElement" owner="SeleniumLibrary">
<msg time="2026-06-09T18:51:15.958108" level="INFO">${element} = &lt;selenium.webdriver.remote.webelement.WebElement (session="eaa4f22fdfc01ef7605984f44a97a142", element="f.079064F510931CE0288E7D5727E61CC8.d.27F6277E73BD6B932D6005855CFF9DEF.e.6307")&gt;</msg>
<var>${element}</var>
<arg>${locator}</arg>
<doc>Returns the first WebElement matching the given ``locator``.</doc>
<status status="PASS" start="2026-06-09T18:51:15.939769" elapsed="0.018339"/>
</kw>
<kw name="Execute Javascript" owner="SeleniumLibrary">
<msg time="2026-06-09T18:51:15.959110" level="INFO">Executing JavaScript:
arguments[0].click();
By using argument:
'&lt;selenium.webdriver.remote.webelement.WebElement (session="eaa4f22fdfc01ef7605984f44a97a142", element="f.079064F510931CE0288E7D5727E61CC8.d.27F6277E73BD6B932D6005855CFF9DEF.e.6307")&gt;'</msg>
<arg>arguments[0].click();</arg>
<arg>ARGUMENTS</arg>
<arg>${element}</arg>
<doc>Executes the given JavaScript code with possible arguments.</doc>
<status status="PASS" start="2026-06-09T18:51:15.958108" elapsed="1.184756"/>
</kw>
<kw name="Sleep" owner="BuiltIn">
<msg time="2026-06-09T18:51:18.145077" level="INFO">Slept 1 second.</msg>
<arg>1s</arg>
<doc>Pauses the test executed for the given time.</doc>
<status status="PASS" start="2026-06-09T18:51:17.142864" elapsed="1.002213"/>
</kw>
<arg>id=search</arg>
<status status="PASS" start="2026-06-09T18:51:15.925487" elapsed="2.220104"/>
</kw>
<kw name="Sleep" owner="BuiltIn">
<msg time="2026-06-09T18:51:21.147431" level="INFO">Slept 3 seconds.</msg>
<arg>3s</arg>
<doc>Pauses the test executed for the given time.</doc>
<status status="PASS" start="2026-06-09T18:51:18.145591" elapsed="3.001840"/>
</kw>
<doc>Tekan tombol Clear Filter.</doc>
<status status="PASS" start="2026-06-09T18:50:20.903496" elapsed="60.245110"/>
</test>
<test id="s1-t6" name="TC-2.01: State Management Checkbox Buku Lintas Halaman" line="157">
<kw name="Scroll To Bottom">
<kw name="Execute Javascript" owner="SeleniumLibrary">
<msg time="2026-06-09T18:51:21.150621" level="INFO">Executing JavaScript:
window.scrollTo(0, document.body.scrollHeight)
Without any arguments.</msg>
<arg>window.scrollTo(0, document.body.scrollHeight)</arg>
<doc>Executes the given JavaScript code with possible arguments.</doc>
<status status="PASS" start="2026-06-09T18:51:21.150621" elapsed="0.011875"/>
</kw>
<kw name="Sleep" owner="BuiltIn">
<msg time="2026-06-09T18:51:22.164030" level="INFO">Slept 1 second.</msg>
<arg>1s</arg>
<doc>Pauses the test executed for the given time.</doc>
<status status="PASS" start="2026-06-09T18:51:21.162496" elapsed="1.001534"/>
</kw>
<status status="PASS" start="2026-06-09T18:51:21.149603" elapsed="1.014945"/>
</kw>
<kw name="Tick Book">
<kw name="Set Variable" owner="BuiltIn">
<msg time="2026-06-09T18:51:22.166686" level="INFO">${js_code} = var title = "Advanced Facilitation Strategies"; var rows = document.querySelectorAll('tr'); for(var i=0; i&lt;rows.length; i++) { if(rows[i].innerText.includes(title)) { var cb = rows[i].querySelector('i...</msg>
<var>${js_code}</var>
<arg>var title = "${title}"; var rows = document.querySelectorAll('tr'); for(var i=0; i&lt;rows.length; i++) { if(rows[i].innerText.includes(title)) { var cb = rows[i].querySelector('input[type="checkbox"]'); if(cb) { cb.checked = true; cb.dispatchEvent(new Event('change')); } } }</arg>
<doc>Returns the given values which can then be assigned to a variables.</doc>
<status status="PASS" start="2026-06-09T18:51:22.165660" elapsed="0.001026"/>
</kw>
<kw name="Execute Javascript" owner="SeleniumLibrary">
<msg time="2026-06-09T18:51:22.166686" level="INFO">Executing JavaScript:
var title = "Advanced Facilitation Strategies"; var rows = document.querySelectorAll('tr'); for(var i=0; i&lt;rows.length; i++) { if(rows[i].innerText.includes(title)) { var cb = rows[i].querySelector('input[type="checkbox"]'); if(cb) { cb.checked = true; cb.dispatchEvent(new Event('change')); } } }
Without any arguments.</msg>
<arg>${js_code}</arg>
<doc>Executes the given JavaScript code with possible arguments.</doc>
<status status="PASS" start="2026-06-09T18:51:22.166686" elapsed="0.013100"/>
</kw>
<arg>Advanced Facilitation Strategies</arg>
<status status="PASS" start="2026-06-09T18:51:22.164548" elapsed="0.016666"/>
</kw>
<kw name="Sleep" owner="BuiltIn">
<msg time="2026-06-09T18:51:22.681740" level="INFO">Slept 500 milliseconds.</msg>
<arg>0.5s</arg>
<doc>Pauses the test executed for the given time.</doc>
<status status="PASS" start="2026-06-09T18:51:22.181214" elapsed="0.500526"/>
</kw>
<kw name="Tick Book">
<kw name="Set Variable" owner="BuiltIn">
<msg time="2026-06-09T18:51:22.684447" level="INFO">${js_code} = var title = "Advanced Underwater Photography"; var rows = document.querySelectorAll('tr'); for(var i=0; i&lt;rows.length; i++) { if(rows[i].innerText.includes(title)) { var cb = rows[i].querySelector('in...</msg>
<var>${js_code}</var>
<arg>var title = "${title}"; var rows = document.querySelectorAll('tr'); for(var i=0; i&lt;rows.length; i++) { if(rows[i].innerText.includes(title)) { var cb = rows[i].querySelector('input[type="checkbox"]'); if(cb) { cb.checked = true; cb.dispatchEvent(new Event('change')); } } }</arg>
<doc>Returns the given values which can then be assigned to a variables.</doc>
<status status="PASS" start="2026-06-09T18:51:22.683305" elapsed="0.001142"/>
</kw>
<kw name="Execute Javascript" owner="SeleniumLibrary">
<msg time="2026-06-09T18:51:22.684447" level="INFO">Executing JavaScript:
var title = "Advanced Underwater Photography"; var rows = document.querySelectorAll('tr'); for(var i=0; i&lt;rows.length; i++) { if(rows[i].innerText.includes(title)) { var cb = rows[i].querySelector('input[type="checkbox"]'); if(cb) { cb.checked = true; cb.dispatchEvent(new Event('change')); } } }
Without any arguments.</msg>
<arg>${js_code}</arg>
<doc>Executes the given JavaScript code with possible arguments.</doc>
<status status="PASS" start="2026-06-09T18:51:22.684447" elapsed="0.013445"/>
</kw>
<arg>Advanced Underwater Photography</arg>
<status status="PASS" start="2026-06-09T18:51:22.682258" elapsed="0.015634"/>
</kw>
<kw name="Sleep" owner="BuiltIn">
<msg time="2026-06-09T18:51:23.201157" level="INFO">Slept 500 milliseconds.</msg>
<arg>0.5s</arg>
<doc>Pauses the test executed for the given time.</doc>
<status status="PASS" start="2026-06-09T18:51:22.698871" elapsed="0.502286"/>
</kw>
<kw name="Scroll Element Into View" owner="SeleniumLibrary">
<arg>id=btn_add_basket</arg>
<doc>Scrolls the element identified by ``locator`` into view.</doc>
<status status="PASS" start="2026-06-09T18:51:23.201157" elapsed="0.329422"/>
</kw>
<kw name="Sleep" owner="BuiltIn">
<msg time="2026-06-09T18:51:24.033146" level="INFO">Slept 500 milliseconds.</msg>
<arg>0.5s</arg>
<doc>Pauses the test executed for the given time.</doc>
<status status="PASS" start="2026-06-09T18:51:23.531780" elapsed="0.501918"/>
</kw>
<kw name="Safe Click">
<kw name="Wait Until Page Contains Element" owner="SeleniumLibrary">
<arg>${locator}</arg>
<arg>timeout=5s</arg>
<doc>Waits until the element ``locator`` appears on the current page.</doc>
<status status="PASS" start="2026-06-09T18:51:24.034755" elapsed="0.013068"/>
</kw>
<kw name="Get WebElement" owner="SeleniumLibrary">
<msg time="2026-06-09T18:51:24.061075" level="INFO">${element} = &lt;selenium.webdriver.remote.webelement.WebElement (session="eaa4f22fdfc01ef7605984f44a97a142", element="f.079064F510931CE0288E7D5727E61CC8.d.F97C8E30A38A60D4B28AF78B1F03725F.e.7291")&gt;</msg>
<var>${element}</var>
<arg>${locator}</arg>
<doc>Returns the first WebElement matching the given ``locator``.</doc>
<status status="PASS" start="2026-06-09T18:51:24.047823" elapsed="0.013252"/>
</kw>
<kw name="Execute Javascript" owner="SeleniumLibrary">
<msg time="2026-06-09T18:51:24.062089" level="INFO">Executing JavaScript:
arguments[0].click();
By using argument:
'&lt;selenium.webdriver.remote.webelement.WebElement (session="eaa4f22fdfc01ef7605984f44a97a142", element="f.079064F510931CE0288E7D5727E61CC8.d.F97C8E30A38A60D4B28AF78B1F03725F.e.7291")&gt;'</msg>
<arg>arguments[0].click();</arg>
<arg>ARGUMENTS</arg>
<arg>${element}</arg>
<doc>Executes the given JavaScript code with possible arguments.</doc>
<status status="PASS" start="2026-06-09T18:51:24.061075" elapsed="0.014310"/>
</kw>
<kw name="Sleep" owner="BuiltIn">
<msg time="2026-06-09T18:51:25.077064" level="INFO">Slept 1 second.</msg>
<arg>1s</arg>
<doc>Pauses the test executed for the given time.</doc>
<status status="PASS" start="2026-06-09T18:51:24.075385" elapsed="1.001679"/>
</kw>
<arg>id=btn_add_basket</arg>
<status status="PASS" start="2026-06-09T18:51:24.033698" elapsed="1.043366"/>
</kw>
<kw name="Sleep" owner="BuiltIn">
<msg time="2026-06-09T18:51:27.079747" level="INFO">Slept 2 seconds.</msg>
<arg>2s</arg>
<doc>Pauses the test executed for the given time.</doc>
<status status="PASS" start="2026-06-09T18:51:25.078527" elapsed="2.001729"/>
</kw>
<kw name="Close Modal Popup">
<kw name="Sleep" owner="BuiltIn">
<msg time="2026-06-09T18:51:28.081826" level="INFO">Slept 1 second.</msg>
<arg>1s</arg>
<doc>Pauses the test executed for the given time.</doc>
<status status="PASS" start="2026-06-09T18:51:27.081270" elapsed="1.000556"/>
</kw>
<kw name="Run Keyword And Ignore Error" owner="BuiltIn">
<kw name="Safe Click">
<kw name="Wait Until Page Contains Element" owner="SeleniumLibrary">
<arg>${locator}</arg>
<arg>timeout=5s</arg>
<doc>Waits until the element ``locator`` appears on the current page.</doc>
<status status="PASS" start="2026-06-09T18:51:28.082841" elapsed="0.013235"/>
</kw>
<kw name="Get WebElement" owner="SeleniumLibrary">
<msg time="2026-06-09T18:51:28.109115" level="INFO">${element} = &lt;selenium.webdriver.remote.webelement.WebElement (session="eaa4f22fdfc01ef7605984f44a97a142", element="f.079064F510931CE0288E7D5727E61CC8.d.F97C8E30A38A60D4B28AF78B1F03725F.e.7305")&gt;</msg>
<var>${element}</var>
<arg>${locator}</arg>
<doc>Returns the first WebElement matching the given ``locator``.</doc>
<status status="PASS" start="2026-06-09T18:51:28.097091" elapsed="0.012024"/>
</kw>
<kw name="Execute Javascript" owner="SeleniumLibrary">
<msg time="2026-06-09T18:51:28.110362" level="INFO">Executing JavaScript:
arguments[0].click();
By using argument:
'&lt;selenium.webdriver.remote.webelement.WebElement (session="eaa4f22fdfc01ef7605984f44a97a142", element="f.079064F510931CE0288E7D5727E61CC8.d.F97C8E30A38A60D4B28AF78B1F03725F.e.7305")&gt;'</msg>
<arg>arguments[0].click();</arg>
<arg>ARGUMENTS</arg>
<arg>${element}</arg>
<doc>Executes the given JavaScript code with possible arguments.</doc>
<status status="PASS" start="2026-06-09T18:51:28.110362" elapsed="0.021106"/>
</kw>
<kw name="Sleep" owner="BuiltIn">
<msg time="2026-06-09T18:51:29.133124" level="INFO">Slept 1 second.</msg>
<arg>1s</arg>
<doc>Pauses the test executed for the given time.</doc>
<status status="PASS" start="2026-06-09T18:51:28.131468" elapsed="1.001656"/>
</kw>
<arg>xpath=//div[contains(@class,'modal-header') and contains(@style,'display: block')]//button[@class='close']</arg>
<status status="PASS" start="2026-06-09T18:51:28.082841" elapsed="1.050819"/>
</kw>
<arg>Safe Click</arg>
<arg>xpath=//div[contains(@class,'modal-header') and contains(@style,'display: block')]//button[@class='close']</arg>
<doc>Runs the given keyword with the given arguments and ignores possible error.</doc>
<status status="PASS" start="2026-06-09T18:51:28.081826" elapsed="1.051834"/>
</kw>
<kw name="Run Keyword And Ignore Error" owner="BuiltIn">
<kw name="Execute Javascript" owner="SeleniumLibrary">
<msg time="2026-06-09T18:51:29.133660" level="INFO">Executing JavaScript:
var xs = document.querySelectorAll('button.close, span[aria-hidden="true"]'); for(let i=0; i&lt;xs.length; i++) { if(xs[i].innerText.includes('×') &amp;&amp; xs[i].offsetWidth &gt; 0) { xs[i].click(); break; } }
Without any arguments.</msg>
<arg>var xs = document.querySelectorAll('button.close, span[aria-hidden="true"]'); for(let i=0; i&lt;xs.length; i++) { if(xs[i].innerText.includes('×') &amp;&amp; xs[i].offsetWidth &gt; 0) { xs[i].click(); break; } }</arg>
<doc>Executes the given JavaScript code with possible arguments.</doc>
<status status="PASS" start="2026-06-09T18:51:29.133660" elapsed="0.009621"/>
</kw>
<arg>Execute Javascript</arg>
<arg>var xs = document.querySelectorAll('button.close, span[aria-hidden="true"]'); for(let i=0; i&lt;xs.length; i++) { if(xs[i].innerText.includes('×') &amp;&amp; xs[i].offsetWidth &gt; 0) { xs[i].click(); break; } }</arg>
<doc>Runs the given keyword with the given arguments and ignores possible error.</doc>
<status status="PASS" start="2026-06-09T18:51:29.133660" elapsed="0.009621"/>
</kw>
<kw name="Sleep" owner="BuiltIn">
<msg time="2026-06-09T18:51:30.145265" level="INFO">Slept 1 second.</msg>
<arg>1s</arg>
<doc>Pauses the test executed for the given time.</doc>
<status status="PASS" start="2026-06-09T18:51:29.143281" elapsed="1.001984"/>
</kw>
<kw name="Run Keyword And Ignore Error" owner="BuiltIn">
<kw name="Handle Alert" owner="SeleniumLibrary">
<msg time="2026-06-09T18:51:30.146314" level="INFO">HANDLE::&lt;class 'datetime.timedelta'&gt;::0:00:01</msg>
<msg time="2026-06-09T18:51:31.768412" level="INFO" html="true">&lt;/td&gt;&lt;/tr&gt;&lt;tr&gt;&lt;td colspan="3"&gt;&lt;a href="selenium-screenshot-355.png"&gt;&lt;img src="selenium-screenshot-355.png" width="800px"&gt;&lt;/a&gt;</msg>
<msg time="2026-06-09T18:51:31.768412" level="FAIL">Alert not found in 1 second.</msg>
<arg>action=ACCEPT</arg>
<arg>timeout=1s</arg>
<doc>Handles the current alert and returns its message.</doc>
<status status="FAIL" start="2026-06-09T18:51:30.146314" elapsed="1.623103">Alert not found in 1 second.</status>
</kw>
<arg>Handle Alert</arg>
<arg>action=ACCEPT</arg>
<arg>timeout=1s</arg>
<doc>Runs the given keyword with the given arguments and ignores possible error.</doc>
<status status="PASS" start="2026-06-09T18:51:30.145265" elapsed="1.624152"/>
</kw>
<status status="PASS" start="2026-06-09T18:51:27.080256" elapsed="4.690161"/>
</kw>
<kw name="Go To" owner="SeleniumLibrary">
<msg time="2026-06-09T18:51:31.770417" level="INFO">Opening url 'https://trial.uc.ac.id/home'</msg>
<arg>${HOME_URL}</arg>
<doc>Navigates the current browser window to the provided ``url``.</doc>
<status status="PASS" start="2026-06-09T18:51:31.770417" elapsed="1.861729"/>
</kw>
<kw name="Sleep" owner="BuiltIn">
<msg time="2026-06-09T18:51:35.633832" level="INFO">Slept 2 seconds.</msg>
<arg>2s</arg>
<doc>Pauses the test executed for the given time.</doc>
<status status="PASS" start="2026-06-09T18:51:33.632146" elapsed="2.001686"/>
</kw>
<kw name="Safe Click">
<kw name="Wait Until Page Contains Element" owner="SeleniumLibrary">
<arg>${locator}</arg>
<arg>timeout=5s</arg>
<doc>Waits until the element ``locator`` appears on the current page.</doc>
<status status="PASS" start="2026-06-09T18:51:35.634888" elapsed="0.014121"/>
</kw>
<kw name="Get WebElement" owner="SeleniumLibrary">
<msg time="2026-06-09T18:51:35.665506" level="INFO">${element} = &lt;selenium.webdriver.remote.webelement.WebElement (session="eaa4f22fdfc01ef7605984f44a97a142", element="f.079064F510931CE0288E7D5727E61CC8.d.240E3313E41F4E079818F77224740E65.e.7369")&gt;</msg>
<var>${element}</var>
<arg>${locator}</arg>
<doc>Returns the first WebElement matching the given ``locator``.</doc>
<status status="PASS" start="2026-06-09T18:51:35.650338" elapsed="0.015168"/>
</kw>
<kw name="Execute Javascript" owner="SeleniumLibrary">
<msg time="2026-06-09T18:51:35.665506" level="INFO">Executing JavaScript:
[...]
<arg>}</arg>
<arg>}</arg>
<doc>Executes the given JavaScript code with possible arguments.</doc>
<status status="PASS" start="2026-06-09T18:56:17.953361" elapsed="0.010046"/>
</kw>
<kw name="Sleep" owner="BuiltIn">
<msg time="2026-06-09T18:56:19.464657" level="INFO">Slept 1 second 500 milliseconds.</msg>
<arg>1.5s</arg>
<doc>Pauses the test executed for the given time.</doc>
<status status="PASS" start="2026-06-09T18:56:17.963407" elapsed="1.501250"/>
</kw>
<arg>Basic Technical Drawing</arg>
<status status="PASS" start="2026-06-09T18:56:17.155226" elapsed="2.309431"/>
</kw>
<kw name="Sleep" owner="BuiltIn">
<msg time="2026-06-09T18:56:20.465567" level="INFO">Slept 1 second.</msg>
<arg>1s</arg>
<doc>Pauses the test executed for the given time.</doc>
<status status="PASS" start="2026-06-09T18:56:19.465233" elapsed="1.000334"/>
</kw>
<kw name="Scroll Element Into View" owner="SeleniumLibrary">
<arg>id=btn_booking</arg>
<doc>Scrolls the element identified by ``locator`` into view.</doc>
<status status="PASS" start="2026-06-09T18:56:20.466582" elapsed="0.288778"/>
</kw>
<kw name="Safe Click">
<kw name="Wait Until Page Contains Element" owner="SeleniumLibrary">
<arg>${locator}</arg>
<arg>timeout=5s</arg>
<doc>Waits until the element ``locator`` appears on the current page.</doc>
<status status="PASS" start="2026-06-09T18:56:20.757324" elapsed="0.015575"/>
</kw>
<kw name="Get WebElement" owner="SeleniumLibrary">
<msg time="2026-06-09T18:56:20.786534" level="INFO">${element} = &lt;selenium.webdriver.remote.webelement.WebElement (session="eaa4f22fdfc01ef7605984f44a97a142", element="f.4E982EA82B98157C62CF30DAC1DAC0F1.d.1DFD7AC7805C9D27AF46DB875A8F60E2.e.19673")&gt;</msg>
<var>${element}</var>
<arg>${locator}</arg>
<doc>Returns the first WebElement matching the given ``locator``.</doc>
<status status="PASS" start="2026-06-09T18:56:20.772899" elapsed="0.013635"/>
</kw>
<kw name="Execute Javascript" owner="SeleniumLibrary">
<msg time="2026-06-09T18:56:20.788016" level="INFO">Executing JavaScript:
arguments[0].click();
By using argument:
'&lt;selenium.webdriver.remote.webelement.WebElement (session="eaa4f22fdfc01ef7605984f44a97a142", element="f.4E982EA82B98157C62CF30DAC1DAC0F1.d.1DFD7AC7805C9D27AF46DB875A8F60E2.e.19673")&gt;'</msg>
<arg>arguments[0].click();</arg>
<arg>ARGUMENTS</arg>
<arg>${element}</arg>
<doc>Executes the given JavaScript code with possible arguments.</doc>
<status status="PASS" start="2026-06-09T18:56:20.788016" elapsed="0.014449"/>
</kw>
<kw name="Sleep" owner="BuiltIn">
<msg time="2026-06-09T18:56:21.804188" level="INFO">Slept 1 second.</msg>
<arg>1s</arg>
<doc>Pauses the test executed for the given time.</doc>
<status status="PASS" start="2026-06-09T18:56:20.802465" elapsed="1.001723"/>
</kw>
<arg>id=btn_booking</arg>
<status status="PASS" start="2026-06-09T18:56:20.756350" elapsed="1.047838"/>
</kw>
<kw name="Wait Until Element Is Visible" owner="SeleniumLibrary">
<arg>id=alamat</arg>
<arg>timeout=5s</arg>
<doc>Waits until the element ``locator`` is visible.</doc>
<status status="PASS" start="2026-06-09T18:56:21.805277" elapsed="0.027110"/>
</kw>
<kw name="Sleep" owner="BuiltIn">
<msg time="2026-06-09T18:56:22.834082" level="INFO">Slept 1 second.</msg>
<arg>1s</arg>
<doc>Pauses the test executed for the given time.</doc>
<status status="PASS" start="2026-06-09T18:56:21.832387" elapsed="1.001695"/>
</kw>
<kw name="Clear Element Text" owner="SeleniumLibrary">
<arg>id=alamat</arg>
<doc>Clears the value of the text-input-element identified by ``locator``.</doc>
<status status="PASS" start="2026-06-09T18:56:22.834591" elapsed="0.065319"/>
</kw>
<kw name="Sleep" owner="BuiltIn">
<msg time="2026-06-09T18:56:23.901518" level="INFO">Slept 1 second.</msg>
<arg>1s</arg>
<doc>Pauses the test executed for the given time.</doc>
<status status="PASS" start="2026-06-09T18:56:22.900894" elapsed="1.000624"/>
</kw>
<kw name="Clear Element Text" owner="SeleniumLibrary">
<arg>id=no_telepon</arg>
<doc>Clears the value of the text-input-element identified by ``locator``.</doc>
<status status="PASS" start="2026-06-09T18:56:23.902530" elapsed="0.065323"/>
</kw>
<kw name="Sleep" owner="BuiltIn">
<msg time="2026-06-09T18:56:24.970778" level="INFO">Slept 1 second.</msg>
<arg>1s</arg>
<doc>Pauses the test executed for the given time.</doc>
<status status="PASS" start="2026-06-09T18:56:23.967853" elapsed="1.002925"/>
</kw>
<kw name="Force Close Modal">
<kw name="Execute Javascript" owner="SeleniumLibrary">
<msg time="2026-06-09T18:56:24.971795" level="INFO">Executing JavaScript:
$('.modal').modal('hide'); $('.modal-backdrop').remove(); $('body').removeClass('modal-open');
Without any arguments.</msg>
<arg>$('.modal').modal('hide'); $('.modal-backdrop').remove(); $('body').removeClass('modal-open');</arg>
<doc>Executes the given JavaScript code with possible arguments.</doc>
<status status="PASS" start="2026-06-09T18:56:24.971795" elapsed="0.016744"/>
</kw>
<kw name="Sleep" owner="BuiltIn">
<msg time="2026-06-09T18:56:25.990854" level="INFO">Slept 1 second.</msg>
<arg>1s</arg>
<doc>Pauses the test executed for the given time.</doc>
<status status="PASS" start="2026-06-09T18:56:24.989543" elapsed="1.001311"/>
</kw>
<status status="PASS" start="2026-06-09T18:56:24.971795" elapsed="1.019059"/>
</kw>
<kw name="Scroll Element Into View" owner="SeleniumLibrary">
<arg>id=btn_booking</arg>
<doc>Scrolls the element identified by ``locator`` into view.</doc>
<status status="PASS" start="2026-06-09T18:56:25.991908" elapsed="0.282747"/>
</kw>
<kw name="Sleep" owner="BuiltIn">
<msg time="2026-06-09T18:56:27.276390" level="INFO">Slept 1 second.</msg>
<arg>1s</arg>
<doc>Pauses the test executed for the given time.</doc>
<status status="PASS" start="2026-06-09T18:56:26.274655" elapsed="1.001735"/>
</kw>
<kw name="Safe Click">
<kw name="Wait Until Page Contains Element" owner="SeleniumLibrary">
<arg>${locator}</arg>
<arg>timeout=5s</arg>
<doc>Waits until the element ``locator`` appears on the current page.</doc>
<status status="PASS" start="2026-06-09T18:56:27.278451" elapsed="0.015234"/>
</kw>
<kw name="Get WebElement" owner="SeleniumLibrary">
<msg time="2026-06-09T18:56:27.308407" level="INFO">${element} = &lt;selenium.webdriver.remote.webelement.WebElement (session="eaa4f22fdfc01ef7605984f44a97a142", element="f.4E982EA82B98157C62CF30DAC1DAC0F1.d.1DFD7AC7805C9D27AF46DB875A8F60E2.e.19673")&gt;</msg>
<var>${element}</var>
<arg>${locator}</arg>
<doc>Returns the first WebElement matching the given ``locator``.</doc>
<status status="PASS" start="2026-06-09T18:56:27.294892" elapsed="0.013515"/>
</kw>
<kw name="Execute Javascript" owner="SeleniumLibrary">
<msg time="2026-06-09T18:56:27.309409" level="INFO">Executing JavaScript:
arguments[0].click();
By using argument:
'&lt;selenium.webdriver.remote.webelement.WebElement (session="eaa4f22fdfc01ef7605984f44a97a142", element="f.4E982EA82B98157C62CF30DAC1DAC0F1.d.1DFD7AC7805C9D27AF46DB875A8F60E2.e.19673")&gt;'</msg>
<arg>arguments[0].click();</arg>
<arg>ARGUMENTS</arg>
<arg>${element}</arg>
<doc>Executes the given JavaScript code with possible arguments.</doc>
<status status="PASS" start="2026-06-09T18:56:27.309409" elapsed="0.013462"/>
</kw>
<kw name="Sleep" owner="BuiltIn">
<msg time="2026-06-09T18:56:28.323573" level="INFO">Slept 1 second.</msg>
<arg>1s</arg>
<doc>Pauses the test executed for the given time.</doc>
<status status="PASS" start="2026-06-09T18:56:27.322871" elapsed="1.000702"/>
</kw>
<arg>id=btn_booking</arg>
<status status="PASS" start="2026-06-09T18:56:27.277462" elapsed="1.046111"/>
</kw>
<kw name="Sleep" owner="BuiltIn">
<msg time="2026-06-09T18:56:30.325397" level="INFO">Slept 2 seconds.</msg>
<arg>2s</arg>
<doc>Pauses the test executed for the given time.</doc>
<status status="PASS" start="2026-06-09T18:56:28.324779" elapsed="2.000618"/>
</kw>
<kw name="Input Text" owner="SeleniumLibrary">
<msg time="2026-06-09T18:56:30.327725" level="INFO">Typing text 'Citraland Surabaya' into text field 'id=alamat'.</msg>
<arg>id=alamat</arg>
<arg>Citraland Surabaya</arg>
<doc>Types the given ``text`` into the text field identified by ``locator``.</doc>
<status status="PASS" start="2026-06-09T18:56:30.326747" elapsed="0.244329"/>
</kw>
<kw name="Input Text" owner="SeleniumLibrary">
<msg time="2026-06-09T18:56:30.573446" level="INFO">Typing text '081234567890' into text field 'id=no_telepon'.</msg>
<arg>id=no_telepon</arg>
<arg>081234567890</arg>
<doc>Types the given ``text`` into the text field identified by ``locator``.</doc>
<status status="PASS" start="2026-06-09T18:56:30.572431" elapsed="0.178243"/>
</kw>
<kw name="Sleep" owner="BuiltIn">
<msg time="2026-06-09T18:56:31.753061" level="INFO">Slept 1 second.</msg>
<arg>1s</arg>
<doc>Pauses the test executed for the given time.</doc>
<status status="PASS" start="2026-06-09T18:56:30.750674" elapsed="1.002387"/>
</kw>
<kw name="Safe Click">
<kw name="Wait Until Page Contains Element" owner="SeleniumLibrary">
<arg>${locator}</arg>
<arg>timeout=5s</arg>
<doc>Waits until the element ``locator`` appears on the current page.</doc>
<status status="PASS" start="2026-06-09T18:56:31.754271" elapsed="0.011806"/>
</kw>
<kw name="Get WebElement" owner="SeleniumLibrary">
<msg time="2026-06-09T18:56:31.781812" level="INFO">${element} = &lt;selenium.webdriver.remote.webelement.WebElement (session="eaa4f22fdfc01ef7605984f44a97a142", element="f.4E982EA82B98157C62CF30DAC1DAC0F1.d.1DFD7AC7805C9D27AF46DB875A8F60E2.e.19781")&gt;</msg>
<var>${element}</var>
<arg>${locator}</arg>
<doc>Returns the first WebElement matching the given ``locator``.</doc>
<status status="PASS" start="2026-06-09T18:56:31.767515" elapsed="0.014297"/>
</kw>
<kw name="Execute Javascript" owner="SeleniumLibrary">
<msg time="2026-06-09T18:56:31.782951" level="INFO">Executing JavaScript:
arguments[0].click();
By using argument:
'&lt;selenium.webdriver.remote.webelement.WebElement (session="eaa4f22fdfc01ef7605984f44a97a142", element="f.4E982EA82B98157C62CF30DAC1DAC0F1.d.1DFD7AC7805C9D27AF46DB875A8F60E2.e.19781")&gt;'</msg>
<arg>arguments[0].click();</arg>
<arg>ARGUMENTS</arg>
<arg>${element}</arg>
<doc>Executes the given JavaScript code with possible arguments.</doc>
<status status="PASS" start="2026-06-09T18:56:31.781812" elapsed="0.012530"/>
</kw>
<kw name="Sleep" owner="BuiltIn">
<msg time="2026-06-09T18:56:32.795760" level="INFO">Slept 1 second.</msg>
<arg>1s</arg>
<doc>Pauses the test executed for the given time.</doc>
<status status="PASS" start="2026-06-09T18:56:31.794342" elapsed="1.001418"/>
</kw>
<arg>id=btn_submit</arg>
<status status="PASS" start="2026-06-09T18:56:31.754271" elapsed="1.041489"/>
</kw>
<kw name="Sleep" owner="BuiltIn">
<msg time="2026-06-09T18:56:35.798375" level="INFO">Slept 3 seconds.</msg>
<arg>3s</arg>
<doc>Pauses the test executed for the given time.</doc>
<status status="PASS" start="2026-06-09T18:56:32.796803" elapsed="3.001572"/>
</kw>
<kw name="Force Close Modal">
<kw name="Execute Javascript" owner="SeleniumLibrary">
<msg time="2026-06-09T18:56:35.799428" level="INFO">Executing JavaScript:
$('.modal').modal('hide'); $('.modal-backdrop').remove(); $('body').removeClass('modal-open');
Without any arguments.</msg>
<arg>$('.modal').modal('hide'); $('.modal-backdrop').remove(); $('body').removeClass('modal-open');</arg>
<doc>Executes the given JavaScript code with possible arguments.</doc>
<status status="PASS" start="2026-06-09T18:56:35.799428" elapsed="0.020990"/>
</kw>
<kw name="Sleep" owner="BuiltIn">
<msg time="2026-06-09T18:56:36.821927" level="INFO">Slept 1 second.</msg>
<arg>1s</arg>
<doc>Pauses the test executed for the given time.</doc>
<status status="PASS" start="2026-06-09T18:56:35.820418" elapsed="1.001509"/>
</kw>
<status status="PASS" start="2026-06-09T18:56:35.799428" elapsed="1.022499"/>
</kw>
<kw name="Safe Click">
<kw name="Wait Until Page Contains Element" owner="SeleniumLibrary">
<arg>${locator}</arg>
<arg>timeout=5s</arg>
<doc>Waits until the element ``locator`` appears on the current page.</doc>
<status status="PASS" start="2026-06-09T18:56:36.823087" elapsed="0.012374"/>
</kw>
<kw name="Get WebElement" owner="SeleniumLibrary">
<msg time="2026-06-09T18:56:36.848752" level="INFO">${element} = &lt;selenium.webdriver.remote.webelement.WebElement (session="eaa4f22fdfc01ef7605984f44a97a142", element="f.4E982EA82B98157C62CF30DAC1DAC0F1.d.1DFD7AC7805C9D27AF46DB875A8F60E2.e.19673")&gt;</msg>
<var>${element}</var>
<arg>${locator}</arg>
<doc>Returns the first WebElement matching the given ``locator``.</doc>
<status status="PASS" start="2026-06-09T18:56:36.836859" elapsed="0.011893"/>
</kw>
<kw name="Execute Javascript" owner="SeleniumLibrary">
<msg time="2026-06-09T18:56:36.850200" level="INFO">Executing JavaScript:
arguments[0].click();
By using argument:
'&lt;selenium.webdriver.remote.webelement.WebElement (session="eaa4f22fdfc01ef7605984f44a97a142", element="f.4E982EA82B98157C62CF30DAC1DAC0F1.d.1DFD7AC7805C9D27AF46DB875A8F60E2.e.19673")&gt;'</msg>
<arg>arguments[0].click();</arg>
<arg>ARGUMENTS</arg>
<arg>${element}</arg>
<doc>Executes the given JavaScript code with possible arguments.</doc>
<status status="PASS" start="2026-06-09T18:56:36.848752" elapsed="0.013916"/>
</kw>
<kw name="Sleep" owner="BuiltIn">
<msg time="2026-06-09T18:56:37.864411" level="INFO">Slept 1 second.</msg>
<arg>1s</arg>
<doc>Pauses the test executed for the given time.</doc>
<status status="PASS" start="2026-06-09T18:56:36.862668" elapsed="1.001743"/>
</kw>
<arg>id=btn_booking</arg>
<status status="PASS" start="2026-06-09T18:56:36.821927" elapsed="1.042484"/>
</kw>
<kw name="Sleep" owner="BuiltIn">
<msg time="2026-06-09T18:56:39.865872" level="INFO">Slept 2 seconds.</msg>
<arg>2s</arg>
<doc>Pauses the test executed for the given time.</doc>
<status status="PASS" start="2026-06-09T18:56:37.864411" elapsed="2.001461"/>
</kw>
<doc>Klik Online Booking pada daftar yang berisi lebih dari limit batas.</doc>
<status status="PASS" start="2026-06-09T18:55:50.968208" elapsed="48.898709"/>
</test>
<test id="s1-t18" name="TC-5.01 &amp; TC-5.02: Akses History &amp; Pengujian Filter Kolom Search" line="645">
<kw name="Scroll Element Into View" owner="SeleniumLibrary">
<arg>id=btn_view_history</arg>
<doc>Scrolls the element identified by ``locator`` into view.</doc>
<status status="PASS" start="2026-06-09T18:56:39.869006" elapsed="0.291023"/>
</kw>
<kw name="Safe Click">
<kw name="Wait Until Page Contains Element" owner="SeleniumLibrary">
<arg>${locator}</arg>
<arg>timeout=5s</arg>
<doc>Waits until the element ``locator`` appears on the current page.</doc>
<status status="PASS" start="2026-06-09T18:56:40.161056" elapsed="0.012849"/>
</kw>
<kw name="Get WebElement" owner="SeleniumLibrary">
<msg time="2026-06-09T18:56:40.187982" level="INFO">${element} = &lt;selenium.webdriver.remote.webelement.WebElement (session="eaa4f22fdfc01ef7605984f44a97a142", element="f.4E982EA82B98157C62CF30DAC1DAC0F1.d.1DFD7AC7805C9D27AF46DB875A8F60E2.e.19675")&gt;</msg>
<var>${element}</var>
<arg>${locator}</arg>
<doc>Returns the first WebElement matching the given ``locator``.</doc>
<status status="PASS" start="2026-06-09T18:56:40.174908" elapsed="0.013074"/>
</kw>
<kw name="Execute Javascript" owner="SeleniumLibrary">
<msg time="2026-06-09T18:56:40.188982" level="INFO">Executing JavaScript:
arguments[0].click();
By using argument:
'&lt;selenium.webdriver.remote.webelement.WebElement (session="eaa4f22fdfc01ef7605984f44a97a142", element="f.4E982EA82B98157C62CF30DAC1DAC0F1.d.1DFD7AC7805C9D27AF46DB875A8F60E2.e.19675")&gt;'</msg>
<arg>arguments[0].click();</arg>
<arg>ARGUMENTS</arg>
<arg>${element}</arg>
<doc>Executes the given JavaScript code with possible arguments.</doc>
<status status="PASS" start="2026-06-09T18:56:40.187982" elapsed="0.016314"/>
</kw>
<kw name="Sleep" owner="BuiltIn">
<msg time="2026-06-09T18:56:41.205797" level="INFO">Slept 1 second.</msg>
<arg>1s</arg>
<doc>Pauses the test executed for the given time.</doc>
<status status="PASS" start="2026-06-09T18:56:40.204296" elapsed="1.001501"/>
</kw>
<arg>id=btn_view_history</arg>
<status status="PASS" start="2026-06-09T18:56:40.160029" elapsed="1.045768"/>
</kw>
<kw name="Wait Until Page Contains" owner="SeleniumLibrary">
<arg>Online Booking Data</arg>
<arg>timeout=5s</arg>
<doc>Waits until ``text`` appears on the current page.</doc>
<status status="PASS" start="2026-06-09T18:56:41.206811" elapsed="0.023384"/>
</kw>
<kw name="Sleep" owner="BuiltIn">
<msg time="2026-06-09T18:56:43.231911" level="INFO">Slept 2 seconds.</msg>
<arg>2s</arg>
<doc>Pauses the test executed for the given time.</doc>
<status status="PASS" start="2026-06-09T18:56:41.230195" elapsed="2.001716"/>
</kw>
<kw name="Wait Until Element Is Visible" owner="SeleniumLibrary">
<arg>xpath=//div[@id='tbl_view_history_filter']//input</arg>
<arg>timeout=5s</arg>
<doc>Waits until the element ``locator`` is visible.</doc>
<status status="PASS" start="2026-06-09T18:56:43.233462" elapsed="0.033114"/>
</kw>
<kw name="Input Text" owner="SeleniumLibrary">
<msg time="2026-06-09T18:56:43.267814" level="INFO">Typing text 'CommitIT' into text field 'xpath=//div[@id='tbl_view_history_filter']//input'.</msg>
<arg>xpath=//div[@id='tbl_view_history_filter']//input</arg>
<arg>CommitIT</arg>
<doc>Types the given ``text`` into the text field identified by ``locator``.</doc>
<status status="PASS" start="2026-06-09T18:56:43.266576" elapsed="0.204437"/>
</kw>
<kw name="Sleep" owner="BuiltIn">
<msg time="2026-06-09T18:56:45.474028" level="INFO">Slept 2 seconds.</msg>
<arg>2s</arg>
<doc>Pauses the test executed for the given time.</doc>
<status status="PASS" start="2026-06-09T18:56:43.472155" elapsed="2.001873"/>
</kw>
<kw name="Page Should Contain" owner="SeleniumLibrary">
<msg time="2026-06-09T18:56:45.504681" level="INFO">Current page contains text 'Showing 0 to 0 of 0'.</msg>
<arg>Showing 0 to 0 of 0</arg>
<doc>Verifies that current page contains ``text``.</doc>
<status status="PASS" start="2026-06-09T18:56:45.474028" elapsed="0.030653"/>
</kw>
<kw name="Force Close Modal">
<kw name="Execute Javascript" owner="SeleniumLibrary">
<msg time="2026-06-09T18:56:45.506483" level="INFO">Executing JavaScript:
$('.modal').modal('hide'); $('.modal-backdrop').remove(); $('body').removeClass('modal-open');
Without any arguments.</msg>
<arg>$('.modal').modal('hide'); $('.modal-backdrop').remove(); $('body').removeClass('modal-open');</arg>
<doc>Executes the given JavaScript code with possible arguments.</doc>
<status status="PASS" start="2026-06-09T18:56:45.506483" elapsed="0.014870"/>
</kw>
<kw name="Sleep" owner="BuiltIn">
<msg time="2026-06-09T18:56:46.524688" level="INFO">Slept 1 second.</msg>
<arg>1s</arg>
<doc>Pauses the test executed for the given time.</doc>
<status status="PASS" start="2026-06-09T18:56:45.521353" elapsed="1.003876"/>
</kw>
<status status="PASS" start="2026-06-09T18:56:45.504681" elapsed="1.020548"/>
</kw>
<doc>Buka Online Booking History dan lakukan pencarian keyword.</doc>
<status status="PASS" start="2026-06-09T18:56:39.867884" elapsed="6.658360"/>
</test>
<kw name="Close All Browsers" owner="SeleniumLibrary" type="TEARDOWN">
<doc>Closes all open browsers and resets the browser cache.</doc>
<status status="PASS" start="2026-06-09T18:56:46.527678" elapsed="3.127974"/>
</kw>
<status status="PASS" start="2026-06-09T18:49:00.282832" elapsed="469.372820"/>
</suite>
<statistics>
<total>
<stat pass="18" fail="0" skip="0">All Tests</stat>
</total>
<tag>
</tag>
<suite>
<stat name="SQA ALP" id="s1" pass="18" fail="0" skip="0">SQA ALP</stat>
</suite>
</statistics>
<errors>
</errors>
</robot>
